{
  "stats": {
    "suites": 1,
    "tests": 1,
    "passes": 1,
    "pending": 0,
    "failures": 0,
    "start": "2026-05-24T08:38:38.321Z",
    "end": "2026-05-24T08:38:40.243Z",
    "duration": 1922,
    "testsRegistered": 1,
    "passPercent": 100,
    "pendingPercent": 0,
    "other": 0,
    "hasOther": false,
    "skipped": 0,
    "hasSkipped": false
  },
  "results": [
    {
      "uuid": "82de6180-5ee7-48f7-a50a-2e54d183a015",
      "title": "",
      "fullFile": "cypress/e2e/Widgets/menu.cy.js",
      "file": "cypress/e2e/Widgets/menu.cy.js",
      "beforeHooks": [],
      "afterHooks": [],
      "tests": [],
      "suites": [
        {
          "uuid": "28eb9e18-e320-4937-aae8-e472121bb207",
          "title": "Menu",
          "fullFile": "",
          "file": "",
          "beforeHooks": [],
          "afterHooks": [],
          "tests": [
            {
              "title": "menu sub sub lists",
              "fullTitle": "Menu menu sub sub lists",
              "timedOut": null,
              "duration": 1822,
              "state": "passed",
              "speed": "fast",
              "pass": true,
              "fail": false,
              "pending": false,
              "context": null,
              "code": "menuPage.returnSubSubList().then((res) => {\n  expect(res).is.eq(\"Sub Sub Item 1\");\n});",
              "err": {},
              "uuid": "92de4bd9-0219-490a-b75e-70b7a085cabc",
              "parentUUID": "28eb9e18-e320-4937-aae8-e472121bb207",
              "isHook": false,
              "skipped": false
            }
          ],
          "suites": [],
          "passes": [
            "92de4bd9-0219-490a-b75e-70b7a085cabc"
          ],
          "failures": [],
          "pending": [],
          "skipped": [],
          "duration": 1822,
          "root": false,
          "rootEmpty": false,
          "_timeout": 2000
        }
      ],
      "passes": [],
      "failures": [],
      "pending": [],
      "skipped": [],
      "duration": 0,
      "root": true,
      "rootEmpty": true,
      "_timeout": 2000
    }
  ],
  "meta": {
    "mocha": {
      "version": "7.0.1"
    },
    "mochawesome": {
      "options": {
        "quiet": false,
        "reportFilename": "mochawesome",
        "saveHtml": false,
        "saveJson": true,
        "consoleReporter": "spec",
        "useInlineDiffs": false,
        "code": true
      },
      "version": "7.1.3"
    },
    "marge": {
      "options": {
        "charts": true,
        "reportPageTitle": "demoQA",
        "overwrite": false,
        "html": false,
        "json": true,
        "reportDir": "cypress/reports/html/.jsons"
      },
      "version": "6.2.0"
    }
  }
}