{
  "stats": {
    "suites": 1,
    "tests": 1,
    "passes": 0,
    "pending": 0,
    "failures": 1,
    "start": "2024-11-10T12:36:34.445Z",
    "end": "2024-11-10T12:36:34.908Z",
    "duration": 463,
    "testsRegistered": 2,
    "passPercent": 0,
    "pendingPercent": 0,
    "other": 0,
    "hasOther": false,
    "skipped": 1,
    "hasSkipped": true
  },
  "results": [
    {
      "uuid": "e8749f86-55bf-4c30-85c5-528e5458301f",
      "title": "",
      "fullFile": "cypress/e2e/Alerts -Frame-Windows/frames.cy.js",
      "file": "cypress/e2e/Alerts -Frame-Windows/frames.cy.js",
      "beforeHooks": [],
      "afterHooks": [],
      "tests": [],
      "suites": [
        {
          "uuid": "3d9b5d78-127c-47fa-a1c9-1f59cc00c14f",
          "title": "Frames",
          "fullFile": "",
          "file": "",
          "beforeHooks": [],
          "afterHooks": [],
          "tests": [
            {
              "title": "frame11",
              "fullTitle": "Frames frame11",
              "timedOut": null,
              "duration": 127,
              "state": "failed",
              "speed": null,
              "pass": false,
              "fail": true,
              "pending": false,
              "context": null,
              "code": "framesPage.returnIframe11().should(\"have.text\", \"This is a sample page\");",
              "err": {
                "message": "CypressError: `cy.visit()` failed trying to load:\n\nhttps://demoqa.com/\n\nThe response we received from your web server was:\n\n  > 502: Bad Gateway\n\nThis was considered a failure because the status code was not `2xx`.\n\nIf you do not want status codes to cause failures pass the option: `failOnStatusCode: false`\n\nBecause this error occurred during a `before each` hook we are skipping the remaining tests in the current suite: `Frames`",
                "estack": "CypressError: `cy.visit()` failed trying to load:\n\nhttps://demoqa.com/\n\nThe response we received from your web server was:\n\n  > 502: Bad Gateway\n\nThis was considered a failure because the status code was not `2xx`.\n\nIf you do not want status codes to cause failures pass the option: `failOnStatusCode: false`\n\nBecause this error occurred during a `before each` hook we are skipping the remaining tests in the current suite: `Frames`\n    at <unknown> (https://demoqa.com/__cypress/runner/cypress_runner.js:130950:76)\n    at visitFailedByErr (https://demoqa.com/__cypress/runner/cypress_runner.js:130358:12)\n    at <unknown> (https://demoqa.com/__cypress/runner/cypress_runner.js:130933:13)\n    at tryCatcher (https://demoqa.com/__cypress/runner/cypress_runner.js:1807:23)\n    at Promise._settlePromiseFromHandler (https://demoqa.com/__cypress/runner/cypress_runner.js:1519:31)\n    at Promise._settlePromise (https://demoqa.com/__cypress/runner/cypress_runner.js:1576:18)\n    at Promise._settlePromise0 (https://demoqa.com/__cypress/runner/cypress_runner.js:1621:10)\n    at Promise._settlePromises (https://demoqa.com/__cypress/runner/cypress_runner.js:1697:18)\n    at _drainQueueStep (https://demoqa.com/__cypress/runner/cypress_runner.js:2407:12)\n    at _drainQueue (https://demoqa.com/__cypress/runner/cypress_runner.js:2400:9)\n    at Async._drainQueues (https://demoqa.com/__cypress/runner/cypress_runner.js:2416:5)\n    at Async.drainQueues (https://demoqa.com/__cypress/runner/cypress_runner.js:2286:14)\nFrom Your Spec Code:\n    at Context.eval (https://demoqa.com/__cypress/tests?p=cypress/e2e/Alerts%20-Frame-Windows/frames.cy.js:1908:10)",
                "diff": null
              },
              "uuid": "678242c1-7996-4dd3-a18c-9ce9eddf9af3",
              "parentUUID": "3d9b5d78-127c-47fa-a1c9-1f59cc00c14f",
              "isHook": false,
              "skipped": false
            },
            {
              "title": "frame22",
              "fullTitle": "Frames frame22",
              "timedOut": null,
              "duration": 0,
              "state": "skipped",
              "speed": null,
              "pass": false,
              "fail": false,
              "pending": false,
              "context": null,
              "code": "framesPage.returnIframe22().should(\"have.text\", \"This is a sample page\");",
              "err": {},
              "uuid": "bd7e9019-dda0-4829-adee-be37be9e3b8c",
              "parentUUID": "3d9b5d78-127c-47fa-a1c9-1f59cc00c14f",
              "isHook": false,
              "skipped": true
            }
          ],
          "suites": [],
          "passes": [],
          "failures": [
            "678242c1-7996-4dd3-a18c-9ce9eddf9af3"
          ],
          "pending": [],
          "skipped": [
            "bd7e9019-dda0-4829-adee-be37be9e3b8c"
          ],
          "duration": 127,
          "root": false,
          "rootEmpty": false,
          "_timeout": 2000
        }
      ],
      "passes": [],
      "failures": [],
      "pending": [],
      "skipped": [],
      "duration": 0,
      "root": true,
      "rootEmpty": true,
      "_timeout": 2000
    }
  ],
  "meta": {
    "mocha": {
      "version": "7.0.1"
    },
    "mochawesome": {
      "options": {
        "quiet": false,
        "reportFilename": "mochawesome",
        "saveHtml": false,
        "saveJson": true,
        "consoleReporter": "spec",
        "useInlineDiffs": false,
        "code": true
      },
      "version": "7.1.3"
    },
    "marge": {
      "options": {
        "charts": true,
        "reportPageTitle": "demoQA",
        "overwrite": false,
        "html": false,
        "json": true,
        "reportDir": "cypress/reports/html/.jsons"
      },
      "version": "6.2.0"
    }
  }
}