{
  "stats": {
    "suites": 1,
    "tests": 3,
    "passes": 3,
    "pending": 0,
    "failures": 0,
    "start": "2024-03-15T12:30:33.206Z",
    "end": "2024-03-15T12:30:39.928Z",
    "duration": 6722,
    "testsRegistered": 3,
    "passPercent": 100,
    "pendingPercent": 0,
    "other": 0,
    "hasOther": false,
    "skipped": 0,
    "hasSkipped": false
  },
  "results": [
    {
      "uuid": "45c6a33e-887b-4224-9c4a-577b25e144e1",
      "title": "",
      "fullFile": "cypress/e2e/Widgets/accordian.cy.js",
      "file": "cypress/e2e/Widgets/accordian.cy.js",
      "beforeHooks": [],
      "afterHooks": [],
      "tests": [],
      "suites": [
        {
          "uuid": "a3d0e59b-246e-4b87-9a6d-f3d40ee730b0",
          "title": "Accordian",
          "fullFile": "",
          "file": "",
          "beforeHooks": [],
          "afterHooks": [],
          "tests": [
            {
              "title": "Select firs section",
              "fullTitle": "Accordian Select firs section",
              "timedOut": null,
              "duration": 2723,
              "state": "passed",
              "speed": "fast",
              "pass": true,
              "fail": false,
              "pending": false,
              "context": null,
              "code": "accordianPage.returnAccordionItems();\naccordianPage.returnSection1().should(\"have.text\", \"What is Lorem Ipsum?\");\naccordianPage.returnStatusSection1().should(\"have.class\", \"show\");\naccordianPage.returnStatusSection2().should(\"not.have.class\", \"show\");\naccordianPage.returnStatusSection3().should(\"not.have.class\", \"show\");\naccordianPage.clickSection1();\naccordianPage.returnStatusSection1().should(\"not.have.class\", \"show\");",
              "err": {},
              "uuid": "334f5988-7b04-4625-b7a2-425f2fa0ebdd",
              "parentUUID": "a3d0e59b-246e-4b87-9a6d-f3d40ee730b0",
              "isHook": false,
              "skipped": false
            },
            {
              "title": "Select second section",
              "fullTitle": "Accordian Select second section",
              "timedOut": null,
              "duration": 1763,
              "state": "passed",
              "speed": "fast",
              "pass": true,
              "fail": false,
              "pending": false,
              "context": null,
              "code": "accordianPage.returnAccordionItems();\naccordianPage.returnSection2().should(\"have.text\", \"Where does it come from?\");\naccordianPage.returnStatusSection1().should(\"have.class\", \"show\");\naccordianPage.returnStatusSection2().should(\"not.have.class\", \"show\");\naccordianPage.returnStatusSection3().should(\"not.have.class\", \"show\");\naccordianPage.clickSection2();\naccordianPage.returnStatusSection1().should(\"not.have.class\", \"show\");\naccordianPage.returnStatusSection2().should(\"have.class\", \"show\");\naccordianPage.returnStatusSection3().should(\"not.have.class\", \"show\");",
              "err": {},
              "uuid": "8de7656a-b5e4-4068-965e-2629d80e22e1",
              "parentUUID": "a3d0e59b-246e-4b87-9a6d-f3d40ee730b0",
              "isHook": false,
              "skipped": false
            },
            {
              "title": "Select third section",
              "fullTitle": "Accordian Select third section",
              "timedOut": null,
              "duration": 1574,
              "state": "passed",
              "speed": "fast",
              "pass": true,
              "fail": false,
              "pending": false,
              "context": null,
              "code": "accordianPage.returnAccordionItems();\naccordianPage.returnSection3().should(\"have.text\", \"Why do we use it?\");\naccordianPage.returnStatusSection1().should(\"have.class\", \"show\");\naccordianPage.returnStatusSection2().should(\"not.have.class\", \"show\");\naccordianPage.returnStatusSection3().should(\"not.have.class\", \"show\");\naccordianPage.clickSection3();\naccordianPage.returnStatusSection1().should(\"not.have.class\", \"show\");\naccordianPage.returnStatusSection2().should(\"not.have.class\", \"show\");\naccordianPage.returnStatusSection3().should(\"have.class\", \"show\");",
              "err": {},
              "uuid": "795f890a-4aeb-478c-83ed-fffd0c30bfaf",
              "parentUUID": "a3d0e59b-246e-4b87-9a6d-f3d40ee730b0",
              "isHook": false,
              "skipped": false
            }
          ],
          "suites": [],
          "passes": [
            "334f5988-7b04-4625-b7a2-425f2fa0ebdd",
            "8de7656a-b5e4-4068-965e-2629d80e22e1",
            "795f890a-4aeb-478c-83ed-fffd0c30bfaf"
          ],
          "failures": [],
          "pending": [],
          "skipped": [],
          "duration": 6060,
          "root": false,
          "rootEmpty": false,
          "_timeout": 2000
        }
      ],
      "passes": [],
      "failures": [],
      "pending": [],
      "skipped": [],
      "duration": 0,
      "root": true,
      "rootEmpty": true,
      "_timeout": 2000
    }
  ],
  "meta": {
    "mocha": {
      "version": "7.0.1"
    },
    "mochawesome": {
      "options": {
        "quiet": false,
        "reportFilename": "mochawesome",
        "saveHtml": false,
        "saveJson": true,
        "consoleReporter": "spec",
        "useInlineDiffs": false,
        "code": true
      },
      "version": "7.1.3"
    },
    "marge": {
      "options": {
        "charts": true,
        "reportPageTitle": "demoQA",
        "overwrite": false,
        "html": false,
        "json": true,
        "reportDir": "cypress/reports/html/.jsons"
      },
      "version": "6.2.0"
    }
  }
}