{
  "stats": {
    "suites": 1,
    "tests": 2,
    "passes": 2,
    "pending": 0,
    "failures": 0,
    "start": "2024-03-15T12:29:53.897Z",
    "end": "2024-03-15T12:29:58.772Z",
    "duration": 4875,
    "testsRegistered": 2,
    "passPercent": 100,
    "pendingPercent": 0,
    "other": 0,
    "hasOther": false,
    "skipped": 0,
    "hasSkipped": false
  },
  "results": [
    {
      "uuid": "a5c0003b-54b6-4653-87a4-5add75dfc94b",
      "title": "",
      "fullFile": "cypress/e2e/Alerts -Frame-Windows/modal-dialogs.cy.js",
      "file": "cypress/e2e/Alerts -Frame-Windows/modal-dialogs.cy.js",
      "beforeHooks": [],
      "afterHooks": [],
      "tests": [],
      "suites": [
        {
          "uuid": "8762489e-2b33-4ce4-9401-b224bee75b01",
          "title": "Modal Dialogs",
          "fullFile": "",
          "file": "",
          "beforeHooks": [],
          "afterHooks": [],
          "tests": [
            {
              "title": "Click on button to see modal (Small modal)",
              "fullTitle": "Modal Dialogs Click on button to see modal (Small modal)",
              "timedOut": null,
              "duration": 2512,
              "state": "passed",
              "speed": "fast",
              "pass": true,
              "fail": false,
              "pending": false,
              "context": null,
              "code": "modalDialogsPage.clickShowSmallModal();\nmodalDialogsPage.returnModalTitle().should(\"have.text\", \"Small Modal\");\nmodalDialogsPage.returnModalBody().should(\"have.text\", \"This is a small modal. It has very less content\");\nmodalDialogsPage.closeSmallModal();",
              "err": {},
              "uuid": "a1246da2-05bb-4217-bc66-8aca2c72ecf3",
              "parentUUID": "8762489e-2b33-4ce4-9401-b224bee75b01",
              "isHook": false,
              "skipped": false
            },
            {
              "title": "Click on button to see modal (large modal)",
              "fullTitle": "Modal Dialogs Click on button to see modal (large modal)",
              "timedOut": null,
              "duration": 1771,
              "state": "passed",
              "speed": "fast",
              "pass": true,
              "fail": false,
              "pending": false,
              "context": null,
              "code": "modalDialogsPage.clickShowLargeModal();\nmodalDialogsPage.returnModalLargeTitle().should(\"have.text\", \"Large Modal\");\nmodalDialogsPage.returnModalLargeBody().invoke(\"text\").should(\"include\", \"Lorem\");\nmodalDialogsPage.closeLargeModal();",
              "err": {},
              "uuid": "d7473ef6-f4de-4680-a491-78f4a63965b9",
              "parentUUID": "8762489e-2b33-4ce4-9401-b224bee75b01",
              "isHook": false,
              "skipped": false
            }
          ],
          "suites": [],
          "passes": [
            "a1246da2-05bb-4217-bc66-8aca2c72ecf3",
            "d7473ef6-f4de-4680-a491-78f4a63965b9"
          ],
          "failures": [],
          "pending": [],
          "skipped": [],
          "duration": 4283,
          "root": false,
          "rootEmpty": false,
          "_timeout": 2000
        }
      ],
      "passes": [],
      "failures": [],
      "pending": [],
      "skipped": [],
      "duration": 0,
      "root": true,
      "rootEmpty": true,
      "_timeout": 2000
    }
  ],
  "meta": {
    "mocha": {
      "version": "7.0.1"
    },
    "mochawesome": {
      "options": {
        "quiet": false,
        "reportFilename": "mochawesome",
        "saveHtml": false,
        "saveJson": true,
        "consoleReporter": "spec",
        "useInlineDiffs": false,
        "code": true
      },
      "version": "7.1.3"
    },
    "marge": {
      "options": {
        "charts": true,
        "reportPageTitle": "demoQA",
        "overwrite": false,
        "html": false,
        "json": true,
        "reportDir": "cypress/reports/html/.jsons"
      },
      "version": "6.2.0"
    }
  }
}