{
  "stats": {
    "suites": 1,
    "tests": 3,
    "passes": 3,
    "pending": 0,
    "failures": 0,
    "start": "2024-03-23T18:19:49.266Z",
    "end": "2024-03-23T18:19:55.487Z",
    "duration": 6221,
    "testsRegistered": 3,
    "passPercent": 100,
    "pendingPercent": 0,
    "other": 0,
    "hasOther": false,
    "skipped": 0,
    "hasSkipped": false
  },
  "results": [
    {
      "uuid": "6ba711f9-8264-4af8-bc3c-b2b874f379ff",
      "title": "",
      "fullFile": "cypress/e2e/Widgets/accordian.cy.js",
      "file": "cypress/e2e/Widgets/accordian.cy.js",
      "beforeHooks": [],
      "afterHooks": [],
      "tests": [],
      "suites": [
        {
          "uuid": "1abd4def-8674-4498-b3a9-88df28e5e2be",
          "title": "Accordian",
          "fullFile": "",
          "file": "",
          "beforeHooks": [],
          "afterHooks": [],
          "tests": [
            {
              "title": "Select firs section",
              "fullTitle": "Accordian Select firs section",
              "timedOut": null,
              "duration": 2112,
              "state": "passed",
              "speed": "fast",
              "pass": true,
              "fail": false,
              "pending": false,
              "context": null,
              "code": "accordianPage.returnAccordionItems();\naccordianPage.returnSection1().should(\"have.text\", \"What is Lorem Ipsum?\");\naccordianPage.returnStatusSection1().should(\"have.class\", \"show\");\naccordianPage.returnStatusSection2().should(\"not.have.class\", \"show\");\naccordianPage.returnStatusSection3().should(\"not.have.class\", \"show\");\naccordianPage.clickSection1();\naccordianPage.returnStatusSection1().should(\"not.have.class\", \"show\");",
              "err": {},
              "uuid": "ee81f8a6-02b7-4848-a7a3-9df862e283d8",
              "parentUUID": "1abd4def-8674-4498-b3a9-88df28e5e2be",
              "isHook": false,
              "skipped": false
            },
            {
              "title": "Select second section",
              "fullTitle": "Accordian Select second section",
              "timedOut": null,
              "duration": 1518,
              "state": "passed",
              "speed": "fast",
              "pass": true,
              "fail": false,
              "pending": false,
              "context": null,
              "code": "accordianPage.returnAccordionItems();\naccordianPage.returnSection2().should(\"have.text\", \"Where does it come from?\");\naccordianPage.returnStatusSection1().should(\"have.class\", \"show\");\naccordianPage.returnStatusSection2().should(\"not.have.class\", \"show\");\naccordianPage.returnStatusSection3().should(\"not.have.class\", \"show\");\naccordianPage.clickSection2();\naccordianPage.returnStatusSection1().should(\"not.have.class\", \"show\");\naccordianPage.returnStatusSection2().should(\"have.class\", \"show\");\naccordianPage.returnStatusSection3().should(\"not.have.class\", \"show\");",
              "err": {},
              "uuid": "1e08596f-0838-4785-b083-b53e3987bef3",
              "parentUUID": "1abd4def-8674-4498-b3a9-88df28e5e2be",
              "isHook": false,
              "skipped": false
            },
            {
              "title": "Select third section",
              "fullTitle": "Accordian Select third section",
              "timedOut": null,
              "duration": 1636,
              "state": "passed",
              "speed": "fast",
              "pass": true,
              "fail": false,
              "pending": false,
              "context": null,
              "code": "accordianPage.returnAccordionItems();\naccordianPage.returnSection3().should(\"have.text\", \"Why do we use it?\");\naccordianPage.returnStatusSection1().should(\"have.class\", \"show\");\naccordianPage.returnStatusSection2().should(\"not.have.class\", \"show\");\naccordianPage.returnStatusSection3().should(\"not.have.class\", \"show\");\naccordianPage.clickSection3();\naccordianPage.returnStatusSection1().should(\"not.have.class\", \"show\");\naccordianPage.returnStatusSection2().should(\"not.have.class\", \"show\");\naccordianPage.returnStatusSection3().should(\"have.class\", \"show\");",
              "err": {},
              "uuid": "8c1ab296-afeb-4285-a49c-343a3d059d37",
              "parentUUID": "1abd4def-8674-4498-b3a9-88df28e5e2be",
              "isHook": false,
              "skipped": false
            }
          ],
          "suites": [],
          "passes": [
            "ee81f8a6-02b7-4848-a7a3-9df862e283d8",
            "1e08596f-0838-4785-b083-b53e3987bef3",
            "8c1ab296-afeb-4285-a49c-343a3d059d37"
          ],
          "failures": [],
          "pending": [],
          "skipped": [],
          "duration": 5266,
          "root": false,
          "rootEmpty": false,
          "_timeout": 2000
        }
      ],
      "passes": [],
      "failures": [],
      "pending": [],
      "skipped": [],
      "duration": 0,
      "root": true,
      "rootEmpty": true,
      "_timeout": 2000
    }
  ],
  "meta": {
    "mocha": {
      "version": "7.0.1"
    },
    "mochawesome": {
      "options": {
        "quiet": false,
        "reportFilename": "mochawesome",
        "saveHtml": false,
        "saveJson": true,
        "consoleReporter": "spec",
        "useInlineDiffs": false,
        "code": true
      },
      "version": "7.1.3"
    },
    "marge": {
      "options": {
        "charts": true,
        "reportPageTitle": "demoQA",
        "overwrite": false,
        "html": false,
        "json": true,
        "reportDir": "cypress/reports/html/.jsons"
      },
      "version": "6.2.0"
    }
  }
}