{
  "stats": {
    "suites": 1,
    "tests": 11,
    "passes": 4,
    "pending": 0,
    "failures": 7,
    "start": "2026-05-24T08:36:29.430Z",
    "end": "2026-05-24T08:36:36.768Z",
    "duration": 7338,
    "testsRegistered": 11,
    "passPercent": 36.36363636363637,
    "pendingPercent": 0,
    "other": 0,
    "hasOther": false,
    "skipped": 0,
    "hasSkipped": false
  },
  "results": [
    {
      "uuid": "e5973726-d27c-41e4-b402-f570ce799e79",
      "title": "",
      "fullFile": "cypress/e2e/API-Book-Store/bookStore.cy.js",
      "file": "cypress/e2e/API-Book-Store/bookStore.cy.js",
      "beforeHooks": [],
      "afterHooks": [],
      "tests": [],
      "suites": [
        {
          "uuid": "1a88bb98-d756-4f73-bd89-90917a28566d",
          "title": "Account API",
          "fullFile": "",
          "file": "",
          "beforeHooks": [],
          "afterHooks": [],
          "tests": [
            {
              "title": "Post - Create user",
              "fullTitle": "Account API Post - Create user",
              "timedOut": null,
              "duration": 492,
              "state": "failed",
              "speed": null,
              "pass": false,
              "fail": true,
              "pending": false,
              "context": null,
              "code": "cy.request({\n  method: \"POST\",\n  url: \"/Account/v1/User\",\n  body: {\n    userName,\n    password: userPass\n  }\n}).then((response) => {\n  expect(response.status).is.eq(201);\n  const validate = ajv.compile(schema);\n  const valid = validate(response.body);\n  expect(valid, \"schema valid?\").to.be.true;\n  userID = response.body.userID;\n});",
              "err": {
                "message": "CypressError: `cy.request()` failed on:\n\nhttps://demoqa.com/Account/v1/User\n\nThe response we received from your web server was:\n\n  > 406: Not Acceptable\n\nThis was considered a failure because the status code was not `2xx` or `3xx`.\n\nIf you do not want status codes to cause failures pass the option: `failOnStatusCode: false`\n\n-----------------------------------------------------------\n\nThe request we sent was:\n\nMethod: POST\nURL: https://demoqa.com/Account/v1/User\nHeaders: {\n  \"Connection\": \"keep-alive\",\n  \"user-agent\": \"Mozilla/5.0 (X11; Linux x86_64) AppleWebKit/537.36 (KHTML, like Gecko) HeadlessChrome/148.0.0.0 Safari/537.36\",\n  \"accept\": \"*/*\",\n  \"accept-encoding\": \"gzip, deflate\",\n  \"content-type\": \"application/json\",\n  \"content-length\": 55\n}\nBody: {\"userName\":\"danielfarias7\",\"password\":\"Az2528831040@\"}\n\n-----------------------------------------------------------\n\nThe response we got was:\n\nStatus: 406 - Not Acceptable\nHeaders: {\n  \"server\": \"nginx/1.17.10 (Ubuntu)\",\n  \"date\": \"Sun, 24 May 2026 08:36:31 GMT\",\n  \"content-type\": \"application/json; charset=utf-8\",\n  \"content-length\": \"40\",\n  \"connection\": \"keep-alive\",\n  \"x-powered-by\": \"Express\",\n  \"etag\": \"W/\\\"28-Ol+1T9TtJMfkxjesktiJwJPAuBU\\\"\"\n}\nBody: {\n  \"code\": \"1204\",\n  \"message\": \"User exists!\"\n}\n\n\nhttps://on.cypress.io/request",
                "estack": "CypressError: `cy.request()` failed on:\n\nhttps://demoqa.com/Account/v1/User\n\nThe response we received from your web server was:\n\n  > 406: Not Acceptable\n\nThis was considered a failure because the status code was not `2xx` or `3xx`.\n\nIf you do not want status codes to cause failures pass the option: `failOnStatusCode: false`\n\n-----------------------------------------------------------\n\nThe request we sent was:\n\nMethod: POST\nURL: https://demoqa.com/Account/v1/User\nHeaders: {\n  \"Connection\": \"keep-alive\",\n  \"user-agent\": \"Mozilla/5.0 (X11; Linux x86_64) AppleWebKit/537.36 (KHTML, like Gecko) HeadlessChrome/148.0.0.0 Safari/537.36\",\n  \"accept\": \"*/*\",\n  \"accept-encoding\": \"gzip, deflate\",\n  \"content-type\": \"application/json\",\n  \"content-length\": 55\n}\nBody: {\"userName\":\"danielfarias7\",\"password\":\"Az2528831040@\"}\n\n-----------------------------------------------------------\n\nThe response we got was:\n\nStatus: 406 - Not Acceptable\nHeaders: {\n  \"server\": \"nginx/1.17.10 (Ubuntu)\",\n  \"date\": \"Sun, 24 May 2026 08:36:31 GMT\",\n  \"content-type\": \"application/json; charset=utf-8\",\n  \"content-length\": \"40\",\n  \"connection\": \"keep-alive\",\n  \"x-powered-by\": \"Express\",\n  \"etag\": \"W/\\\"28-Ol+1T9TtJMfkxjesktiJwJPAuBU\\\"\"\n}\nBody: {\n  \"code\": \"1204\",\n  \"message\": \"User exists!\"\n}\n\n\nhttps://on.cypress.io/request\n    at <unknown> (https://demoqa.com/__cypress/runner/cypress_runner.js:133220:72)\n    at tryCatcher (https://demoqa.com/__cypress/runner/cypress_runner.js:1807:23)\n    at Promise._settlePromiseFromHandler (https://demoqa.com/__cypress/runner/cypress_runner.js:1519:31)\n    at Promise._settlePromise (https://demoqa.com/__cypress/runner/cypress_runner.js:1576:18)\n    at Promise._settlePromise0 (https://demoqa.com/__cypress/runner/cypress_runner.js:1621:10)\n    at Promise._settlePromises (https://demoqa.com/__cypress/runner/cypress_runner.js:1701:18)\n    at _drainQueueStep (https://demoqa.com/__cypress/runner/cypress_runner.js:2407:12)\n    at _drainQueue (https://demoqa.com/__cypress/runner/cypress_runner.js:2400:9)\n    at Async._drainQueues (https://demoqa.com/__cypress/runner/cypress_runner.js:2416:5)\n    at Async.drainQueues (https://demoqa.com/__cypress/runner/cypress_runner.js:2286:14)\nFrom Your Spec Code:\n    at ee (https://demoqa.com/__cypress/tests?p=cypress/support/e2e.js:40763:92)\n    at Context.eval (https://demoqa.com/__cypress/tests?p=cypress/support/e2e.js:40769:87)\n    at tryCatcher (https://demoqa.com/__cypress/runner/cypress_runner.js:1807:23)\n    at Promise._settlePromiseFromHandler (https://demoqa.com/__cypress/runner/cypress_runner.js:1519:31)\n    at Promise._settlePromise (https://demoqa.com/__cypress/runner/cypress_runner.js:1576:18)\n    at Promise._settlePromiseCtx (https://demoqa.com/__cypress/runner/cypress_runner.js:1613:10)\n    at _drainQueueStep (https://demoqa.com/__cypress/runner/cypress_runner.js:2411:12)\n    at _drainQueue (https://demoqa.com/__cypress/runner/cypress_runner.js:2400:9)\n    at Async._drainQueues (https://demoqa.com/__cypress/runner/cypress_runner.js:2416:5)\n    at Async.drainQueues (https://demoqa.com/__cypress/runner/cypress_runner.js:2286:14)",
                "diff": null
              },
              "uuid": "1cdfb68c-ef04-42f2-b7fa-2f157c89fd72",
              "parentUUID": "1a88bb98-d756-4f73-bd89-90917a28566d",
              "isHook": false,
              "skipped": false
            },
            {
              "title": "Post - Generate Token",
              "fullTitle": "Account API Post - Generate Token",
              "timedOut": null,
              "duration": 1184,
              "state": "passed",
              "speed": "fast",
              "pass": true,
              "fail": false,
              "pending": false,
              "context": null,
              "code": "cy.request({\n  method: \"POST\",\n  url: \"/Account/v1/GenerateToken\",\n  body: {\n    userName,\n    password: userPass\n  }\n}).then((response) => {\n  expect(response.status).is.eq(200);\n  const validate = ajv.compile(schemaToken);\n  const valid = validate(response.body);\n  expect(valid, \"schema valid?\").to.be.true;\n  token = response.body.token;\n});",
              "err": {},
              "uuid": "35bbbfe6-2e0b-4128-afa0-f179ec0ef6b3",
              "parentUUID": "1a88bb98-d756-4f73-bd89-90917a28566d",
              "isHook": false,
              "skipped": false
            },
            {
              "title": "Post - Authorized",
              "fullTitle": "Account API Post - Authorized",
              "timedOut": null,
              "duration": 470,
              "state": "passed",
              "speed": "fast",
              "pass": true,
              "fail": false,
              "pending": false,
              "context": null,
              "code": "cy.log(token);\ncy.request({\n  method: \"POST\",\n  url: \"/Account/v1/Authorized\",\n  headers: {\n    \"Content-Type\": \"application/json\"\n  },\n  body: {\n    userName,\n    password: userPass\n  }\n}).then((response) => {\n  expect(response.status).is.eq(200);\n  expect(response.body).is.eq(true);\n});",
              "err": {},
              "uuid": "7b907979-4203-4c49-983a-8c46d1079d2b",
              "parentUUID": "1a88bb98-d756-4f73-bd89-90917a28566d",
              "isHook": false,
              "skipped": false
            },
            {
              "title": "Get - User",
              "fullTitle": "Account API Get - User",
              "timedOut": null,
              "duration": 134,
              "state": "failed",
              "speed": null,
              "pass": false,
              "fail": true,
              "pending": false,
              "context": null,
              "code": "cy.request({\n  method: \"GET\",\n  url: `/Account/v1/User/${userID}`,\n  headers: {\n    \"Authorization\": `Bearer ${token}`,\n    \"Content-Type\": \"application/json\"\n  }\n}).then((response) => {\n  expect(response.status).to.have.eq(200);\n  const validate = ajv.compile(schemaUser);\n  const valid = validate(response.body);\n  expect(valid, \"schema valid?\").to.be.true;\n});",
              "err": {
                "message": "CypressError: `cy.request()` failed on:\n\nhttps://demoqa.com/Account/v1/User/undefined\n\nThe response we received from your web server was:\n\n  > 401: Unauthorized\n\nThis was considered a failure because the status code was not `2xx` or `3xx`.\n\nIf you do not want status codes to cause failures pass the option: `failOnStatusCode: false`\n\n-----------------------------------------------------------\n\nThe request we sent was:\n\nMethod: GET\nURL: https://demoqa.com/Account/v1/User/undefined\nHeaders: {\n  \"Connection\": \"keep-alive\",\n  \"Authorization\": \"Bearer eyJhbGciOiJIUzI1NiIsInR5cCI6IkpXVCJ9.eyJ1c2VyTmFtZSI6ImRhbmllbGZhcmlhczciLCJwYXNzd29yZCI6IkF6MjUyODgzMTA0MEAiLCJpYXQiOjE3Nzk2MTE3OTF9.uoPmSDFlWGlUE1-U4dYHU5GMCLZTuxU2fEc6ev0V2U4\",\n  \"Content-Type\": \"application/json\",\n  \"user-agent\": \"Mozilla/5.0 (X11; Linux x86_64) AppleWebKit/537.36 (KHTML, like Gecko) HeadlessChrome/148.0.0.0 Safari/537.36\",\n  \"accept\": \"*/*\",\n  \"accept-encoding\": \"gzip, deflate\"\n}\n\n-----------------------------------------------------------\n\nThe response we got was:\n\nStatus: 401 - Unauthorized\nHeaders: {\n  \"server\": \"nginx/1.17.10 (Ubuntu)\",\n  \"date\": \"Sun, 24 May 2026 08:36:33 GMT\",\n  \"content-type\": \"application/json; charset=utf-8\",\n  \"content-length\": \"43\",\n  \"connection\": \"keep-alive\",\n  \"x-powered-by\": \"Express\",\n  \"etag\": \"W/\\\"2b-hLPYyb0m8IpHH/aFjmp8VZrYXGw\\\"\"\n}\nBody: {\n  \"code\": \"1207\",\n  \"message\": \"User not found!\"\n}\n\n\nhttps://on.cypress.io/request",
                "estack": "CypressError: `cy.request()` failed on:\n\nhttps://demoqa.com/Account/v1/User/undefined\n\nThe response we received from your web server was:\n\n  > 401: Unauthorized\n\nThis was considered a failure because the status code was not `2xx` or `3xx`.\n\nIf you do not want status codes to cause failures pass the option: `failOnStatusCode: false`\n\n-----------------------------------------------------------\n\nThe request we sent was:\n\nMethod: GET\nURL: https://demoqa.com/Account/v1/User/undefined\nHeaders: {\n  \"Connection\": \"keep-alive\",\n  \"Authorization\": \"Bearer eyJhbGciOiJIUzI1NiIsInR5cCI6IkpXVCJ9.eyJ1c2VyTmFtZSI6ImRhbmllbGZhcmlhczciLCJwYXNzd29yZCI6IkF6MjUyODgzMTA0MEAiLCJpYXQiOjE3Nzk2MTE3OTF9.uoPmSDFlWGlUE1-U4dYHU5GMCLZTuxU2fEc6ev0V2U4\",\n  \"Content-Type\": \"application/json\",\n  \"user-agent\": \"Mozilla/5.0 (X11; Linux x86_64) AppleWebKit/537.36 (KHTML, like Gecko) HeadlessChrome/148.0.0.0 Safari/537.36\",\n  \"accept\": \"*/*\",\n  \"accept-encoding\": \"gzip, deflate\"\n}\n\n-----------------------------------------------------------\n\nThe response we got was:\n\nStatus: 401 - Unauthorized\nHeaders: {\n  \"server\": \"nginx/1.17.10 (Ubuntu)\",\n  \"date\": \"Sun, 24 May 2026 08:36:33 GMT\",\n  \"content-type\": \"application/json; charset=utf-8\",\n  \"content-length\": \"43\",\n  \"connection\": \"keep-alive\",\n  \"x-powered-by\": \"Express\",\n  \"etag\": \"W/\\\"2b-hLPYyb0m8IpHH/aFjmp8VZrYXGw\\\"\"\n}\nBody: {\n  \"code\": \"1207\",\n  \"message\": \"User not found!\"\n}\n\n\nhttps://on.cypress.io/request\n    at <unknown> (https://demoqa.com/__cypress/runner/cypress_runner.js:133220:72)\n    at tryCatcher (https://demoqa.com/__cypress/runner/cypress_runner.js:1807:23)\n    at Promise._settlePromiseFromHandler (https://demoqa.com/__cypress/runner/cypress_runner.js:1519:31)\n    at Promise._settlePromise (https://demoqa.com/__cypress/runner/cypress_runner.js:1576:18)\n    at Promise._settlePromise0 (https://demoqa.com/__cypress/runner/cypress_runner.js:1621:10)\n    at Promise._settlePromises (https://demoqa.com/__cypress/runner/cypress_runner.js:1701:18)\n    at _drainQueueStep (https://demoqa.com/__cypress/runner/cypress_runner.js:2407:12)\n    at _drainQueue (https://demoqa.com/__cypress/runner/cypress_runner.js:2400:9)\n    at Async._drainQueues (https://demoqa.com/__cypress/runner/cypress_runner.js:2416:5)\n    at Async.drainQueues (https://demoqa.com/__cypress/runner/cypress_runner.js:2286:14)\nFrom Your Spec Code:\n    at ee (https://demoqa.com/__cypress/tests?p=cypress/support/e2e.js:40763:92)\n    at Context.eval (https://demoqa.com/__cypress/tests?p=cypress/support/e2e.js:40769:87)\n    at wrapped (https://demoqa.com/__cypress/runner/cypress_runner.js:138451:43)\n    at <unknown> (https://demoqa.com/__cypress/runner/cypress_runner.js:144350:15)\n    at tryCatcher (https://demoqa.com/__cypress/runner/cypress_runner.js:1807:23)\n    at Promise._settlePromiseFromHandler (https://demoqa.com/__cypress/runner/cypress_runner.js:1519:31)\n    at Promise._settlePromiseCtx (https://demoqa.com/__cypress/runner/cypress_runner.js:1613:10)\n    at Async._drainQueues (https://demoqa.com/__cypress/runner/cypress_runner.js:2416:5)",
                "diff": null
              },
              "uuid": "dcf39585-238a-4402-91c9-b2217d083959",
              "parentUUID": "1a88bb98-d756-4f73-bd89-90917a28566d",
              "isHook": false,
              "skipped": false
            },
            {
              "title": "Get - Books",
              "fullTitle": "Account API Get - Books",
              "timedOut": null,
              "duration": 138,
              "state": "passed",
              "speed": "fast",
              "pass": true,
              "fail": false,
              "pending": false,
              "context": null,
              "code": "cy.request({\n  method: \"GET\",\n  url: \"/BookStore/v1/Books\"\n}).then((response) => {\n  expect(response.status).to.have.eq(200);\n  const validate = ajv.compile(schemaGBooks);\n  const valid = validate(response.body);\n  expect(valid, \"schema valid?\").to.be.true;\n  book = response.body.books[0].isbn;\n  book2 = response.body.books[1].isbn;\n  book3 = response.body.books[2].isbn;\n});",
              "err": {},
              "uuid": "29493311-c289-47d5-a687-f8aac23528ea",
              "parentUUID": "1a88bb98-d756-4f73-bd89-90917a28566d",
              "isHook": false,
              "skipped": false
            },
            {
              "title": "Post - add books user",
              "fullTitle": "Account API Post - add books user",
              "timedOut": null,
              "duration": 141,
              "state": "failed",
              "speed": null,
              "pass": false,
              "fail": true,
              "pending": false,
              "context": null,
              "code": "cy.request({\n  method: \"POST\",\n  url: \"/BookStore/v1/Books\",\n  auth: {\n    user: userName,\n    pass: userPass\n  },\n  body: {\n    userId: userID,\n    collectionOfIsbns: [{ isbn: book }, { isbn: book3 }]\n  }\n}).then((response) => {\n  expect(response.status).is.eq(201);\n  const validate = ajv.compile(schemaBooksUser);\n  const valid = validate(response.body);\n  expect(valid, \"schema valid?\").to.be.true;\n  expect(response.body.books[0].isbn).to.eq(book);\n});",
              "err": {
                "message": "CypressError: `cy.request()` failed on:\n\nhttps://demoqa.com/BookStore/v1/Books\n\nThe response we received from your web server was:\n\n  > 500: Internal Server Error\n\nThis was considered a failure because the status code was not `2xx` or `3xx`.\n\nIf you do not want status codes to cause failures pass the option: `failOnStatusCode: false`\n\n-----------------------------------------------------------\n\nThe request we sent was:\n\nMethod: POST\nURL: https://demoqa.com/BookStore/v1/Books\nHeaders: {\n  \"Connection\": \"keep-alive\",\n  \"user-agent\": \"Mozilla/5.0 (X11; Linux x86_64) AppleWebKit/537.36 (KHTML, like Gecko) HeadlessChrome/148.0.0.0 Safari/537.36\",\n  \"accept\": \"*/*\",\n  \"authorization\": \"Basic ZGFuaWVsZmFyaWFzNzpBejI1Mjg4MzEwNDBA\",\n  \"accept-encoding\": \"gzip, deflate\",\n  \"content-type\": \"application/json\",\n  \"content-length\": 73\n}\nBody: {\"collectionOfIsbns\":[{\"isbn\":\"9781449325862\"},{\"isbn\":\"9781449337711\"}]}\n\n-----------------------------------------------------------\n\nThe response we got was:\n\nStatus: 500 - Internal Server Error\nHeaders: {\n  \"server\": \"nginx/1.17.10 (Ubuntu)\",\n  \"date\": \"Sun, 24 May 2026 08:36:34 GMT\",\n  \"content-type\": \"text/html; charset=utf-8\",\n  \"content-length\": \"1470\",\n  \"connection\": \"keep-alive\",\n  \"x-powered-by\": \"Express\",\n  \"content-security-policy\": \"default-src 'none'\",\n  \"x-content-type-options\": \"nosniff\"\n}\nBody: <!DOCTYPE html>\n<html lang=\"en\">\n<head>\n<meta charset=\"utf-8\">\n<title>Error</title>\n</head>\n<body>\n<pre>Error: WHERE parameter &quot;user_id&quot; has invalid &quot;undefined&quot; value<br> &nbsp; &nbsp;at MySQLQueryGenerator.whereItemQuery (/usr/projects/demosite-new/node_modules/sequelize/lib/dialects/abstract/query-generator.js:1746:13)<br> &nbsp; &nbsp;at /usr/projects/demosite-new/node_modules/sequelize/lib/dialects/abstract/query-generator.js:1737:25<br> &nbsp; &nbsp;at Array.forEach (&lt;anonymous&gt;)<br> &nbsp; &nbsp;at MySQLQueryGenerator.whereItemsQuery (/usr/projects/demosite-new/node_modules/sequelize/lib/dialects/abstract/query-generator.js:1735:35)<br> &nbsp; &nbsp;at MySQLQueryGenerator.getWhereConditions (/usr/projects/demosite-new/node_modules/sequelize/lib/dialects/abstract/query-generator.js:2078:19)<br> &nbsp; &nbsp;at MySQLQueryGenerator.selectQuery (/usr/projects/demosite-new/node_modules/sequelize/lib/dialects/abstract/query-generator.js:991:28)<br> &nbsp; &nbsp;at MySQLQueryInterface.select (/usr/projects/demosite-new/node_modules/sequelize/lib/dialects/abstract/query-interface.js:407:59)<br> &nbsp; &nbsp;at users.findAll (/usr/projects/demosite-new/node_modules/sequelize/lib/model.js:1140:47)<br> &nbsp; &nbsp;at process.processTicksAndRejections (node:internal/process/task_queues:105:5)<br> &nbsp; &nbsp;at async users.findOne (/usr/projects/demosite-new/node_modules/sequelize/lib/model.js:1240:12)</pre>\n</body>\n</html>\n\nhttps://on.cypress.io/request",
                "estack": "CypressError: `cy.request()` failed on:\n\nhttps://demoqa.com/BookStore/v1/Books\n\nThe response we received from your web server was:\n\n  > 500: Internal Server Error\n\nThis was considered a failure because the status code was not `2xx` or `3xx`.\n\nIf you do not want status codes to cause failures pass the option: `failOnStatusCode: false`\n\n-----------------------------------------------------------\n\nThe request we sent was:\n\nMethod: POST\nURL: https://demoqa.com/BookStore/v1/Books\nHeaders: {\n  \"Connection\": \"keep-alive\",\n  \"user-agent\": \"Mozilla/5.0 (X11; Linux x86_64) AppleWebKit/537.36 (KHTML, like Gecko) HeadlessChrome/148.0.0.0 Safari/537.36\",\n  \"accept\": \"*/*\",\n  \"authorization\": \"Basic ZGFuaWVsZmFyaWFzNzpBejI1Mjg4MzEwNDBA\",\n  \"accept-encoding\": \"gzip, deflate\",\n  \"content-type\": \"application/json\",\n  \"content-length\": 73\n}\nBody: {\"collectionOfIsbns\":[{\"isbn\":\"9781449325862\"},{\"isbn\":\"9781449337711\"}]}\n\n-----------------------------------------------------------\n\nThe response we got was:\n\nStatus: 500 - Internal Server Error\nHeaders: {\n  \"server\": \"nginx/1.17.10 (Ubuntu)\",\n  \"date\": \"Sun, 24 May 2026 08:36:34 GMT\",\n  \"content-type\": \"text/html; charset=utf-8\",\n  \"content-length\": \"1470\",\n  \"connection\": \"keep-alive\",\n  \"x-powered-by\": \"Express\",\n  \"content-security-policy\": \"default-src 'none'\",\n  \"x-content-type-options\": \"nosniff\"\n}\nBody: <!DOCTYPE html>\n<html lang=\"en\">\n<head>\n<meta charset=\"utf-8\">\n<title>Error</title>\n</head>\n<body>\n<pre>Error: WHERE parameter &quot;user_id&quot; has invalid &quot;undefined&quot; value<br> &nbsp; &nbsp;at MySQLQueryGenerator.whereItemQuery (/usr/projects/demosite-new/node_modules/sequelize/lib/dialects/abstract/query-generator.js:1746:13)<br> &nbsp; &nbsp;at /usr/projects/demosite-new/node_modules/sequelize/lib/dialects/abstract/query-generator.js:1737:25<br> &nbsp; &nbsp;at Array.forEach (&lt;anonymous&gt;)<br> &nbsp; &nbsp;at MySQLQueryGenerator.whereItemsQuery (/usr/projects/demosite-new/node_modules/sequelize/lib/dialects/abstract/query-generator.js:1735:35)<br> &nbsp; &nbsp;at MySQLQueryGenerator.getWhereConditions (/usr/projects/demosite-new/node_modules/sequelize/lib/dialects/abstract/query-generator.js:2078:19)<br> &nbsp; &nbsp;at MySQLQueryGenerator.selectQuery (/usr/projects/demosite-new/node_modules/sequelize/lib/dialects/abstract/query-generator.js:991:28)<br> &nbsp; &nbsp;at MySQLQueryInterface.select (/usr/projects/demosite-new/node_modules/sequelize/lib/dialects/abstract/query-interface.js:407:59)<br> &nbsp; &nbsp;at users.findAll (/usr/projects/demosite-new/node_modules/sequelize/lib/model.js:1140:47)<br> &nbsp; &nbsp;at process.processTicksAndRejections (node:internal/process/task_queues:105:5)<br> &nbsp; &nbsp;at async users.findOne (/usr/projects/demosite-new/node_modules/sequelize/lib/model.js:1240:12)</pre>\n</body>\n</html>\n\nhttps://on.cypress.io/request\n    at <unknown> (https://demoqa.com/__cypress/runner/cypress_runner.js:133220:72)\n    at tryCatcher (https://demoqa.com/__cypress/runner/cypress_runner.js:1807:23)\n    at Promise._settlePromiseFromHandler (https://demoqa.com/__cypress/runner/cypress_runner.js:1519:31)\n    at Promise._settlePromise (https://demoqa.com/__cypress/runner/cypress_runner.js:1576:18)\n    at Promise._settlePromise0 (https://demoqa.com/__cypress/runner/cypress_runner.js:1621:10)\n    at Promise._settlePromises (https://demoqa.com/__cypress/runner/cypress_runner.js:1701:18)\n    at _drainQueueStep (https://demoqa.com/__cypress/runner/cypress_runner.js:2407:12)\n    at _drainQueue (https://demoqa.com/__cypress/runner/cypress_runner.js:2400:9)\n    at Async._drainQueues (https://demoqa.com/__cypress/runner/cypress_runner.js:2416:5)\n    at Async.drainQueues (https://demoqa.com/__cypress/runner/cypress_runner.js:2286:14)\nFrom Your Spec Code:\n    at ee (https://demoqa.com/__cypress/tests?p=cypress/support/e2e.js:40763:92)\n    at Context.eval (https://demoqa.com/__cypress/tests?p=cypress/support/e2e.js:40769:87)\n    at overridden.fn (https://demoqa.com/__cypress/runner/cypress_runner.js:110996:21)\n    at wrapped (https://demoqa.com/__cypress/runner/cypress_runner.js:138451:43)\n    at <unknown> (https://demoqa.com/__cypress/runner/cypress_runner.js:144350:15)\n    at tryCatcher (https://demoqa.com/__cypress/runner/cypress_runner.js:1807:23)\n    at Promise._settlePromiseFromHandler (https://demoqa.com/__cypress/runner/cypress_runner.js:1519:31)\n    at Promise._settlePromiseCtx (https://demoqa.com/__cypress/runner/cypress_runner.js:1613:10)",
                "diff": null
              },
              "uuid": "30b41521-5700-433e-9e55-a2d93869077e",
              "parentUUID": "1a88bb98-d756-4f73-bd89-90917a28566d",
              "isHook": false,
              "skipped": false
            },
            {
              "title": "Get - Book",
              "fullTitle": "Account API Get - Book",
              "timedOut": null,
              "duration": 132,
              "state": "passed",
              "speed": "fast",
              "pass": true,
              "fail": false,
              "pending": false,
              "context": null,
              "code": "cy.request({\n  method: \"GET\",\n  url: \"/BookStore/v1/Book\",\n  qs: {\n    ISBN: book2\n  }\n}).then((response) => {\n  expect(response.status).to.have.eq(200);\n  const validate = ajv.compile(schemaBook);\n  const valid = validate(response.body);\n  expect(valid, \"schema valid?\").to.be.true;\n});",
              "err": {},
              "uuid": "f35bfb03-87c1-4a09-80e0-f3bac43535e0",
              "parentUUID": "1a88bb98-d756-4f73-bd89-90917a28566d",
              "isHook": false,
              "skipped": false
            },
            {
              "title": "PUT - book user",
              "fullTitle": "Account API PUT - book user",
              "timedOut": null,
              "duration": 134,
              "state": "failed",
              "speed": null,
              "pass": false,
              "fail": true,
              "pending": false,
              "context": null,
              "code": "cy.request({\n  method: \"PUT\",\n  url: `/BookStore/v1/Books/${book}`,\n  auth: {\n    user: userName,\n    pass: userPass\n  },\n  body: {\n    userId: userID,\n    isbn: book2\n  }\n}).then((response) => {\n  expect(response.status).is.eq(200);\n  const validate = ajv.compile(schemaUser);\n  const valid = validate(response.body);\n  expect(valid, \"schema valid?\").to.be.true;\n});",
              "err": {
                "message": "CypressError: `cy.request()` failed on:\n\nhttps://demoqa.com/BookStore/v1/Books/9781449325862\n\nThe response we received from your web server was:\n\n  > 400: Bad Request\n\nThis was considered a failure because the status code was not `2xx` or `3xx`.\n\nIf you do not want status codes to cause failures pass the option: `failOnStatusCode: false`\n\n-----------------------------------------------------------\n\nThe request we sent was:\n\nMethod: PUT\nURL: https://demoqa.com/BookStore/v1/Books/9781449325862\nHeaders: {\n  \"Connection\": \"keep-alive\",\n  \"user-agent\": \"Mozilla/5.0 (X11; Linux x86_64) AppleWebKit/537.36 (KHTML, like Gecko) HeadlessChrome/148.0.0.0 Safari/537.36\",\n  \"accept\": \"*/*\",\n  \"authorization\": \"Basic ZGFuaWVsZmFyaWFzNzpBejI1Mjg4MzEwNDBA\",\n  \"accept-encoding\": \"gzip, deflate\",\n  \"content-type\": \"application/json\",\n  \"content-length\": 24\n}\nBody: {\"isbn\":\"9781449331818\"}\n\n-----------------------------------------------------------\n\nThe response we got was:\n\nStatus: 400 - Bad Request\nHeaders: {\n  \"server\": \"nginx/1.17.10 (Ubuntu)\",\n  \"date\": \"Sun, 24 May 2026 08:36:34 GMT\",\n  \"content-type\": \"application/json; charset=utf-8\",\n  \"content-length\": \"52\",\n  \"connection\": \"keep-alive\",\n  \"x-powered-by\": \"Express\",\n  \"etag\": \"W/\\\"34-ixxKFxEiXTqp0CZzOZT9G73DzkM\\\"\"\n}\nBody: {\n  \"code\": \"1207\",\n  \"message\": \"Request Body is Invalid!\"\n}\n\n\nhttps://on.cypress.io/request",
                "estack": "CypressError: `cy.request()` failed on:\n\nhttps://demoqa.com/BookStore/v1/Books/9781449325862\n\nThe response we received from your web server was:\n\n  > 400: Bad Request\n\nThis was considered a failure because the status code was not `2xx` or `3xx`.\n\nIf you do not want status codes to cause failures pass the option: `failOnStatusCode: false`\n\n-----------------------------------------------------------\n\nThe request we sent was:\n\nMethod: PUT\nURL: https://demoqa.com/BookStore/v1/Books/9781449325862\nHeaders: {\n  \"Connection\": \"keep-alive\",\n  \"user-agent\": \"Mozilla/5.0 (X11; Linux x86_64) AppleWebKit/537.36 (KHTML, like Gecko) HeadlessChrome/148.0.0.0 Safari/537.36\",\n  \"accept\": \"*/*\",\n  \"authorization\": \"Basic ZGFuaWVsZmFyaWFzNzpBejI1Mjg4MzEwNDBA\",\n  \"accept-encoding\": \"gzip, deflate\",\n  \"content-type\": \"application/json\",\n  \"content-length\": 24\n}\nBody: {\"isbn\":\"9781449331818\"}\n\n-----------------------------------------------------------\n\nThe response we got was:\n\nStatus: 400 - Bad Request\nHeaders: {\n  \"server\": \"nginx/1.17.10 (Ubuntu)\",\n  \"date\": \"Sun, 24 May 2026 08:36:34 GMT\",\n  \"content-type\": \"application/json; charset=utf-8\",\n  \"content-length\": \"52\",\n  \"connection\": \"keep-alive\",\n  \"x-powered-by\": \"Express\",\n  \"etag\": \"W/\\\"34-ixxKFxEiXTqp0CZzOZT9G73DzkM\\\"\"\n}\nBody: {\n  \"code\": \"1207\",\n  \"message\": \"Request Body is Invalid!\"\n}\n\n\nhttps://on.cypress.io/request\n    at <unknown> (https://demoqa.com/__cypress/runner/cypress_runner.js:133220:72)\n    at tryCatcher (https://demoqa.com/__cypress/runner/cypress_runner.js:1807:23)\n    at Promise._settlePromiseFromHandler (https://demoqa.com/__cypress/runner/cypress_runner.js:1519:31)\n    at Promise._settlePromise (https://demoqa.com/__cypress/runner/cypress_runner.js:1576:18)\n    at Promise._settlePromise0 (https://demoqa.com/__cypress/runner/cypress_runner.js:1621:10)\n    at Promise._settlePromises (https://demoqa.com/__cypress/runner/cypress_runner.js:1701:18)\n    at _drainQueueStep (https://demoqa.com/__cypress/runner/cypress_runner.js:2407:12)\n    at _drainQueue (https://demoqa.com/__cypress/runner/cypress_runner.js:2400:9)\n    at Async._drainQueues (https://demoqa.com/__cypress/runner/cypress_runner.js:2416:5)\n    at Async.drainQueues (https://demoqa.com/__cypress/runner/cypress_runner.js:2286:14)\nFrom Your Spec Code:\n    at ee (https://demoqa.com/__cypress/tests?p=cypress/support/e2e.js:40763:92)\n    at Context.eval (https://demoqa.com/__cypress/tests?p=cypress/support/e2e.js:40769:87)\n    at overridden.fn (https://demoqa.com/__cypress/runner/cypress_runner.js:110996:21)\n    at wrapped (https://demoqa.com/__cypress/runner/cypress_runner.js:138451:43)\n    at <unknown> (https://demoqa.com/__cypress/runner/cypress_runner.js:144350:15)\n    at tryCatcher (https://demoqa.com/__cypress/runner/cypress_runner.js:1807:23)\n    at Promise._settlePromiseCtx (https://demoqa.com/__cypress/runner/cypress_runner.js:1613:10)\n    at Async._drainQueues (https://demoqa.com/__cypress/runner/cypress_runner.js:2416:5)",
                "diff": null
              },
              "uuid": "c8c3aeda-8835-44aa-a074-95955ceb8811",
              "parentUUID": "1a88bb98-d756-4f73-bd89-90917a28566d",
              "isHook": false,
              "skipped": false
            },
            {
              "title": "DELETE - book",
              "fullTitle": "Account API DELETE - book",
              "timedOut": null,
              "duration": 138,
              "state": "failed",
              "speed": null,
              "pass": false,
              "fail": true,
              "pending": false,
              "context": null,
              "code": "cy.request({\n  method: \"DELETE\",\n  url: \"/BookStore/v1/Book\",\n  auth: {\n    user: userName,\n    pass: userPass\n  },\n  body: {\n    userId: userID,\n    isbn: book2\n  }\n}).then((response) => {\n  expect(response.status).to.have.eq(204);\n});",
              "err": {
                "message": "CypressError: `cy.request()` failed on:\n\nhttps://demoqa.com/BookStore/v1/Book\n\nThe response we received from your web server was:\n\n  > 500: Internal Server Error\n\nThis was considered a failure because the status code was not `2xx` or `3xx`.\n\nIf you do not want status codes to cause failures pass the option: `failOnStatusCode: false`\n\n-----------------------------------------------------------\n\nThe request we sent was:\n\nMethod: DELETE\nURL: https://demoqa.com/BookStore/v1/Book\nHeaders: {\n  \"Connection\": \"keep-alive\",\n  \"user-agent\": \"Mozilla/5.0 (X11; Linux x86_64) AppleWebKit/537.36 (KHTML, like Gecko) HeadlessChrome/148.0.0.0 Safari/537.36\",\n  \"accept\": \"*/*\",\n  \"authorization\": \"Basic ZGFuaWVsZmFyaWFzNzpBejI1Mjg4MzEwNDBA\",\n  \"accept-encoding\": \"gzip, deflate\",\n  \"content-type\": \"application/json\",\n  \"content-length\": 24\n}\nBody: {\"isbn\":\"9781449331818\"}\n\n-----------------------------------------------------------\n\nThe response we got was:\n\nStatus: 500 - Internal Server Error\nHeaders: {\n  \"server\": \"nginx/1.17.10 (Ubuntu)\",\n  \"date\": \"Sun, 24 May 2026 08:36:35 GMT\",\n  \"content-type\": \"text/html; charset=utf-8\",\n  \"content-length\": \"1470\",\n  \"connection\": \"keep-alive\",\n  \"x-powered-by\": \"Express\",\n  \"content-security-policy\": \"default-src 'none'\",\n  \"x-content-type-options\": \"nosniff\"\n}\nBody: <!DOCTYPE html>\n<html lang=\"en\">\n<head>\n<meta charset=\"utf-8\">\n<title>Error</title>\n</head>\n<body>\n<pre>Error: WHERE parameter &quot;user_id&quot; has invalid &quot;undefined&quot; value<br> &nbsp; &nbsp;at MySQLQueryGenerator.whereItemQuery (/usr/projects/demosite-new/node_modules/sequelize/lib/dialects/abstract/query-generator.js:1746:13)<br> &nbsp; &nbsp;at /usr/projects/demosite-new/node_modules/sequelize/lib/dialects/abstract/query-generator.js:1737:25<br> &nbsp; &nbsp;at Array.forEach (&lt;anonymous&gt;)<br> &nbsp; &nbsp;at MySQLQueryGenerator.whereItemsQuery (/usr/projects/demosite-new/node_modules/sequelize/lib/dialects/abstract/query-generator.js:1735:35)<br> &nbsp; &nbsp;at MySQLQueryGenerator.getWhereConditions (/usr/projects/demosite-new/node_modules/sequelize/lib/dialects/abstract/query-generator.js:2078:19)<br> &nbsp; &nbsp;at MySQLQueryGenerator.selectQuery (/usr/projects/demosite-new/node_modules/sequelize/lib/dialects/abstract/query-generator.js:991:28)<br> &nbsp; &nbsp;at MySQLQueryInterface.select (/usr/projects/demosite-new/node_modules/sequelize/lib/dialects/abstract/query-interface.js:407:59)<br> &nbsp; &nbsp;at users.findAll (/usr/projects/demosite-new/node_modules/sequelize/lib/model.js:1140:47)<br> &nbsp; &nbsp;at process.processTicksAndRejections (node:internal/process/task_queues:105:5)<br> &nbsp; &nbsp;at async users.findOne (/usr/projects/demosite-new/node_modules/sequelize/lib/model.js:1240:12)</pre>\n</body>\n</html>\n\nhttps://on.cypress.io/request",
                "estack": "CypressError: `cy.request()` failed on:\n\nhttps://demoqa.com/BookStore/v1/Book\n\nThe response we received from your web server was:\n\n  > 500: Internal Server Error\n\nThis was considered a failure because the status code was not `2xx` or `3xx`.\n\nIf you do not want status codes to cause failures pass the option: `failOnStatusCode: false`\n\n-----------------------------------------------------------\n\nThe request we sent was:\n\nMethod: DELETE\nURL: https://demoqa.com/BookStore/v1/Book\nHeaders: {\n  \"Connection\": \"keep-alive\",\n  \"user-agent\": \"Mozilla/5.0 (X11; Linux x86_64) AppleWebKit/537.36 (KHTML, like Gecko) HeadlessChrome/148.0.0.0 Safari/537.36\",\n  \"accept\": \"*/*\",\n  \"authorization\": \"Basic ZGFuaWVsZmFyaWFzNzpBejI1Mjg4MzEwNDBA\",\n  \"accept-encoding\": \"gzip, deflate\",\n  \"content-type\": \"application/json\",\n  \"content-length\": 24\n}\nBody: {\"isbn\":\"9781449331818\"}\n\n-----------------------------------------------------------\n\nThe response we got was:\n\nStatus: 500 - Internal Server Error\nHeaders: {\n  \"server\": \"nginx/1.17.10 (Ubuntu)\",\n  \"date\": \"Sun, 24 May 2026 08:36:35 GMT\",\n  \"content-type\": \"text/html; charset=utf-8\",\n  \"content-length\": \"1470\",\n  \"connection\": \"keep-alive\",\n  \"x-powered-by\": \"Express\",\n  \"content-security-policy\": \"default-src 'none'\",\n  \"x-content-type-options\": \"nosniff\"\n}\nBody: <!DOCTYPE html>\n<html lang=\"en\">\n<head>\n<meta charset=\"utf-8\">\n<title>Error</title>\n</head>\n<body>\n<pre>Error: WHERE parameter &quot;user_id&quot; has invalid &quot;undefined&quot; value<br> &nbsp; &nbsp;at MySQLQueryGenerator.whereItemQuery (/usr/projects/demosite-new/node_modules/sequelize/lib/dialects/abstract/query-generator.js:1746:13)<br> &nbsp; &nbsp;at /usr/projects/demosite-new/node_modules/sequelize/lib/dialects/abstract/query-generator.js:1737:25<br> &nbsp; &nbsp;at Array.forEach (&lt;anonymous&gt;)<br> &nbsp; &nbsp;at MySQLQueryGenerator.whereItemsQuery (/usr/projects/demosite-new/node_modules/sequelize/lib/dialects/abstract/query-generator.js:1735:35)<br> &nbsp; &nbsp;at MySQLQueryGenerator.getWhereConditions (/usr/projects/demosite-new/node_modules/sequelize/lib/dialects/abstract/query-generator.js:2078:19)<br> &nbsp; &nbsp;at MySQLQueryGenerator.selectQuery (/usr/projects/demosite-new/node_modules/sequelize/lib/dialects/abstract/query-generator.js:991:28)<br> &nbsp; &nbsp;at MySQLQueryInterface.select (/usr/projects/demosite-new/node_modules/sequelize/lib/dialects/abstract/query-interface.js:407:59)<br> &nbsp; &nbsp;at users.findAll (/usr/projects/demosite-new/node_modules/sequelize/lib/model.js:1140:47)<br> &nbsp; &nbsp;at process.processTicksAndRejections (node:internal/process/task_queues:105:5)<br> &nbsp; &nbsp;at async users.findOne (/usr/projects/demosite-new/node_modules/sequelize/lib/model.js:1240:12)</pre>\n</body>\n</html>\n\nhttps://on.cypress.io/request\n    at <unknown> (https://demoqa.com/__cypress/runner/cypress_runner.js:133220:72)\n    at tryCatcher (https://demoqa.com/__cypress/runner/cypress_runner.js:1807:23)\n    at Promise._settlePromiseFromHandler (https://demoqa.com/__cypress/runner/cypress_runner.js:1519:31)\n    at Promise._settlePromise (https://demoqa.com/__cypress/runner/cypress_runner.js:1576:18)\n    at Promise._settlePromise0 (https://demoqa.com/__cypress/runner/cypress_runner.js:1621:10)\n    at Promise._settlePromises (https://demoqa.com/__cypress/runner/cypress_runner.js:1701:18)\n    at _drainQueueStep (https://demoqa.com/__cypress/runner/cypress_runner.js:2407:12)\n    at _drainQueue (https://demoqa.com/__cypress/runner/cypress_runner.js:2400:9)\n    at Async._drainQueues (https://demoqa.com/__cypress/runner/cypress_runner.js:2416:5)\n    at Async.drainQueues (https://demoqa.com/__cypress/runner/cypress_runner.js:2286:14)\nFrom Your Spec Code:\n    at ee (https://demoqa.com/__cypress/tests?p=cypress/support/e2e.js:40763:92)\n    at Context.eval (https://demoqa.com/__cypress/tests?p=cypress/support/e2e.js:40769:87)\n    at overridden.fn (https://demoqa.com/__cypress/runner/cypress_runner.js:110996:21)\n    at wrapped (https://demoqa.com/__cypress/runner/cypress_runner.js:138451:43)\n    at <unknown> (https://demoqa.com/__cypress/runner/cypress_runner.js:144350:15)\n    at tryCatcher (https://demoqa.com/__cypress/runner/cypress_runner.js:1807:23)\n    at Promise._settlePromiseCtx (https://demoqa.com/__cypress/runner/cypress_runner.js:1613:10)\n    at Async._drainQueues (https://demoqa.com/__cypress/runner/cypress_runner.js:2416:5)",
                "diff": null
              },
              "uuid": "19d19679-f532-4445-b617-8d8696e7b3b9",
              "parentUUID": "1a88bb98-d756-4f73-bd89-90917a28566d",
              "isHook": false,
              "skipped": false
            },
            {
              "title": "DELETE - books",
              "fullTitle": "Account API DELETE - books",
              "timedOut": null,
              "duration": 134,
              "state": "failed",
              "speed": null,
              "pass": false,
              "fail": true,
              "pending": false,
              "context": null,
              "code": "cy.request({\n  method: \"DELETE\",\n  url: \"/BookStore/v1/Books\",\n  qs: {\n    UserId: userID\n  },\n  auth: {\n    user: userName,\n    pass: userPass\n  }\n}).then((response) => {\n  expect(response.status).to.have.eq(204);\n});",
              "err": {
                "message": "CypressError: `cy.request()` failed on:\n\nhttps://demoqa.com/BookStore/v1/Books?UserId=\n\nThe response we received from your web server was:\n\n  > 401: Unauthorized\n\nThis was considered a failure because the status code was not `2xx` or `3xx`.\n\nIf you do not want status codes to cause failures pass the option: `failOnStatusCode: false`\n\n-----------------------------------------------------------\n\nThe request we sent was:\n\nMethod: DELETE\nURL: https://demoqa.com/BookStore/v1/Books?UserId=\nHeaders: {\n  \"Connection\": \"keep-alive\",\n  \"user-agent\": \"Mozilla/5.0 (X11; Linux x86_64) AppleWebKit/537.36 (KHTML, like Gecko) HeadlessChrome/148.0.0.0 Safari/537.36\",\n  \"accept\": \"*/*\",\n  \"authorization\": \"Basic ZGFuaWVsZmFyaWFzNzpBejI1Mjg4MzEwNDBA\",\n  \"accept-encoding\": \"gzip, deflate\",\n  \"content-length\": 0\n}\n\n-----------------------------------------------------------\n\nThe response we got was:\n\nStatus: 401 - Unauthorized\nHeaders: {\n  \"server\": \"nginx/1.17.10 (Ubuntu)\",\n  \"date\": \"Sun, 24 May 2026 08:36:36 GMT\",\n  \"content-type\": \"application/json; charset=utf-8\",\n  \"content-length\": \"48\",\n  \"connection\": \"keep-alive\",\n  \"x-powered-by\": \"Express\",\n  \"etag\": \"W/\\\"30-zoAnprTpYK9HmHYlpHOx6U+Br2A\\\"\"\n}\nBody: {\n  \"code\": \"1207\",\n  \"message\": \"User Id not correct!\"\n}\n\n\nhttps://on.cypress.io/request",
                "estack": "CypressError: `cy.request()` failed on:\n\nhttps://demoqa.com/BookStore/v1/Books?UserId=\n\nThe response we received from your web server was:\n\n  > 401: Unauthorized\n\nThis was considered a failure because the status code was not `2xx` or `3xx`.\n\nIf you do not want status codes to cause failures pass the option: `failOnStatusCode: false`\n\n-----------------------------------------------------------\n\nThe request we sent was:\n\nMethod: DELETE\nURL: https://demoqa.com/BookStore/v1/Books?UserId=\nHeaders: {\n  \"Connection\": \"keep-alive\",\n  \"user-agent\": \"Mozilla/5.0 (X11; Linux x86_64) AppleWebKit/537.36 (KHTML, like Gecko) HeadlessChrome/148.0.0.0 Safari/537.36\",\n  \"accept\": \"*/*\",\n  \"authorization\": \"Basic ZGFuaWVsZmFyaWFzNzpBejI1Mjg4MzEwNDBA\",\n  \"accept-encoding\": \"gzip, deflate\",\n  \"content-length\": 0\n}\n\n-----------------------------------------------------------\n\nThe response we got was:\n\nStatus: 401 - Unauthorized\nHeaders: {\n  \"server\": \"nginx/1.17.10 (Ubuntu)\",\n  \"date\": \"Sun, 24 May 2026 08:36:36 GMT\",\n  \"content-type\": \"application/json; charset=utf-8\",\n  \"content-length\": \"48\",\n  \"connection\": \"keep-alive\",\n  \"x-powered-by\": \"Express\",\n  \"etag\": \"W/\\\"30-zoAnprTpYK9HmHYlpHOx6U+Br2A\\\"\"\n}\nBody: {\n  \"code\": \"1207\",\n  \"message\": \"User Id not correct!\"\n}\n\n\nhttps://on.cypress.io/request\n    at <unknown> (https://demoqa.com/__cypress/runner/cypress_runner.js:133220:72)\n    at tryCatcher (https://demoqa.com/__cypress/runner/cypress_runner.js:1807:23)\n    at Promise._settlePromiseFromHandler (https://demoqa.com/__cypress/runner/cypress_runner.js:1519:31)\n    at Promise._settlePromise (https://demoqa.com/__cypress/runner/cypress_runner.js:1576:18)\n    at Promise._settlePromise0 (https://demoqa.com/__cypress/runner/cypress_runner.js:1621:10)\n    at Promise._settlePromises (https://demoqa.com/__cypress/runner/cypress_runner.js:1701:18)\n    at _drainQueueStep (https://demoqa.com/__cypress/runner/cypress_runner.js:2407:12)\n    at _drainQueue (https://demoqa.com/__cypress/runner/cypress_runner.js:2400:9)\n    at Async._drainQueues (https://demoqa.com/__cypress/runner/cypress_runner.js:2416:5)\n    at Async.drainQueues (https://demoqa.com/__cypress/runner/cypress_runner.js:2286:14)\nFrom Your Spec Code:\n    at ee (https://demoqa.com/__cypress/tests?p=cypress/support/e2e.js:40763:92)\n    at Context.eval (https://demoqa.com/__cypress/tests?p=cypress/support/e2e.js:40769:87)\n    at overridden.fn (https://demoqa.com/__cypress/runner/cypress_runner.js:110996:21)\n    at wrapped (https://demoqa.com/__cypress/runner/cypress_runner.js:138451:43)\n    at <unknown> (https://demoqa.com/__cypress/runner/cypress_runner.js:144350:15)\n    at tryCatcher (https://demoqa.com/__cypress/runner/cypress_runner.js:1807:23)\n    at Promise._settlePromiseCtx (https://demoqa.com/__cypress/runner/cypress_runner.js:1613:10)\n    at Async._drainQueues (https://demoqa.com/__cypress/runner/cypress_runner.js:2416:5)",
                "diff": null
              },
              "uuid": "1325230f-a054-4ba4-942a-4011caf59622",
              "parentUUID": "1a88bb98-d756-4f73-bd89-90917a28566d",
              "isHook": false,
              "skipped": false
            },
            {
              "title": "DELETE - User",
              "fullTitle": "Account API DELETE - User",
              "timedOut": null,
              "duration": 145,
              "state": "failed",
              "speed": null,
              "pass": false,
              "fail": true,
              "pending": false,
              "context": null,
              "code": "cy.request({\n  method: \"DELETE\",\n  url: `/Account/v1/User/${userID}`,\n  headers: {\n    \"Authorization\": `Bearer ${token}`,\n    \"Content-Type\": \"application/json\"\n  }\n}).then((response) => {\n  expect(response.status).to.have.eq(204);\n});",
              "err": {
                "message": "AssertionError: expected 200 to equal 204",
                "estack": "AssertionError: expected 200 to equal 204\n    at captureUserInvocationStack (https://demoqa.com/__cypress/runner/cypress_runner.js:139459:94)\n    at Context.eval (https://demoqa.com/__cypress/tests?p=cypress/e2e/API-Book-Store/bookStore.cy.js:9196:41)\n    at getRet (https://demoqa.com/__cypress/runner/cypress_runner.js:118240:20)\n    at Promise.attempt.Promise.try (https://demoqa.com/__cypress/runner/cypress_runner.js:4315:29)\n    at Context.thenFn (https://demoqa.com/__cypress/runner/cypress_runner.js:118251:66)\n    at Context.then (https://demoqa.com/__cypress/runner/cypress_runner.js:118500:21)\n    at wrapped (https://demoqa.com/__cypress/runner/cypress_runner.js:138459:19)\n    at <unknown> (https://demoqa.com/__cypress/runner/cypress_runner.js:144350:15)\n    at Promise._settlePromiseFromHandler (https://demoqa.com/__cypress/runner/cypress_runner.js:1519:31)",
                "diff": "- 200\n+ 204\n"
              },
              "uuid": "7ff4f9b0-d769-41d6-8e05-cb82014fb72d",
              "parentUUID": "1a88bb98-d756-4f73-bd89-90917a28566d",
              "isHook": false,
              "skipped": false
            }
          ],
          "suites": [],
          "passes": [
            "35bbbfe6-2e0b-4128-afa0-f179ec0ef6b3",
            "7b907979-4203-4c49-983a-8c46d1079d2b",
            "29493311-c289-47d5-a687-f8aac23528ea",
            "f35bfb03-87c1-4a09-80e0-f3bac43535e0"
          ],
          "failures": [
            "1cdfb68c-ef04-42f2-b7fa-2f157c89fd72",
            "dcf39585-238a-4402-91c9-b2217d083959",
            "30b41521-5700-433e-9e55-a2d93869077e",
            "c8c3aeda-8835-44aa-a074-95955ceb8811",
            "19d19679-f532-4445-b617-8d8696e7b3b9",
            "1325230f-a054-4ba4-942a-4011caf59622",
            "7ff4f9b0-d769-41d6-8e05-cb82014fb72d"
          ],
          "pending": [],
          "skipped": [],
          "duration": 3242,
          "root": false,
          "rootEmpty": false,
          "_timeout": 2000
        }
      ],
      "passes": [],
      "failures": [],
      "pending": [],
      "skipped": [],
      "duration": 0,
      "root": true,
      "rootEmpty": true,
      "_timeout": 2000
    }
  ],
  "meta": {
    "mocha": {
      "version": "7.0.1"
    },
    "mochawesome": {
      "options": {
        "quiet": false,
        "reportFilename": "mochawesome",
        "saveHtml": false,
        "saveJson": true,
        "consoleReporter": "spec",
        "useInlineDiffs": false,
        "code": true
      },
      "version": "7.1.3"
    },
    "marge": {
      "options": {
        "charts": true,
        "reportPageTitle": "demoQA",
        "overwrite": false,
        "html": false,
        "json": true,
        "reportDir": "cypress/reports/html/.jsons"
      },
      "version": "6.2.0"
    }
  }
}