{
  "stats": {
    "suites": 1,
    "tests": 1,
    "passes": 1,
    "pending": 1,
    "failures": -1,
    "start": "2026-05-24T08:38:30.050Z",
    "end": "2026-05-24T08:38:31.997Z",
    "duration": 1947,
    "testsRegistered": 2,
    "passPercent": 100,
    "pendingPercent": 50,
    "other": 1,
    "hasOther": true,
    "skipped": 0,
    "hasSkipped": false
  },
  "results": [
    {
      "uuid": "af3cca57-3e1f-4f9c-9050-ad0f3ada53b7",
      "title": "",
      "fullFile": "cypress/e2e/Widgets/autoComplete.cy.js",
      "file": "cypress/e2e/Widgets/autoComplete.cy.js",
      "beforeHooks": [],
      "afterHooks": [],
      "tests": [],
      "suites": [
        {
          "uuid": "a44c1f51-c91f-471d-8ead-0861100dd7cd",
          "title": "AutoComplete",
          "fullFile": "",
          "file": "",
          "beforeHooks": [],
          "afterHooks": [],
          "tests": [
            {
              "title": "Auto complete Type multiple color names",
              "fullTitle": "AutoComplete Auto complete Type multiple color names",
              "timedOut": null,
              "duration": 0,
              "state": "pending",
              "speed": null,
              "pass": false,
              "fail": false,
              "pending": true,
              "context": null,
              "code": "let rand = Math.random() * 3;\nrand = Math.floor(rand);\nfor (let i = 0; i <= rand; i++) {\n  let color = faker2.helpers.arrayElement([\"a\", \"b\", \"red\", \"bl\", \"magen\", \"V\", \"Pu\"]);\n  autoCompletePage.typeText(color);\n  autoCompletePage.selectOption();\n}",
              "err": {},
              "uuid": "3810a407-703f-4329-8354-259fb5f4f543",
              "parentUUID": "a44c1f51-c91f-471d-8ead-0861100dd7cd",
              "isHook": false,
              "skipped": false
            },
            {
              "title": "Auto complete Type single color name",
              "fullTitle": "AutoComplete Auto complete Type single color name",
              "timedOut": null,
              "duration": 1801,
              "state": "passed",
              "speed": "fast",
              "pass": true,
              "fail": false,
              "pending": false,
              "context": null,
              "code": "let color = faker2.helpers.arrayElement([\"a\", \"b\", \"red\", \"bl\", \"magen\", \"V\", \"Pu\"]);\nautoCompletePage.typeTextSingle(color);\nautoCompletePage.selectSingleOption();",
              "err": {},
              "uuid": "3a01fcbe-7b8e-4d7e-8350-8382014792c2",
              "parentUUID": "a44c1f51-c91f-471d-8ead-0861100dd7cd",
              "isHook": false,
              "skipped": false
            }
          ],
          "suites": [],
          "passes": [
            "3a01fcbe-7b8e-4d7e-8350-8382014792c2"
          ],
          "failures": [],
          "pending": [
            "3810a407-703f-4329-8354-259fb5f4f543"
          ],
          "skipped": [],
          "duration": 1801,
          "root": false,
          "rootEmpty": false,
          "_timeout": 2000
        }
      ],
      "passes": [],
      "failures": [],
      "pending": [],
      "skipped": [],
      "duration": 0,
      "root": true,
      "rootEmpty": true,
      "_timeout": 2000
    }
  ],
  "meta": {
    "mocha": {
      "version": "7.0.1"
    },
    "mochawesome": {
      "options": {
        "quiet": false,
        "reportFilename": "mochawesome",
        "saveHtml": false,
        "saveJson": true,
        "consoleReporter": "spec",
        "useInlineDiffs": false,
        "code": true
      },
      "version": "7.1.3"
    },
    "marge": {
      "options": {
        "charts": true,
        "reportPageTitle": "demoQA",
        "overwrite": false,
        "html": false,
        "json": true,
        "reportDir": "cypress/reports/html/.jsons"
      },
      "version": "6.2.0"
    }
  }
}