{
  "stats": {
    "suites": 1,
    "tests": 2,
    "passes": 2,
    "pending": 0,
    "failures": 0,
    "start": "2024-03-23T18:20:03.074Z",
    "end": "2024-03-23T18:20:07.737Z",
    "duration": 4663,
    "testsRegistered": 2,
    "passPercent": 100,
    "pendingPercent": 0,
    "other": 0,
    "hasOther": false,
    "skipped": 0,
    "hasSkipped": false
  },
  "results": [
    {
      "uuid": "8dc4ccd8-5c7f-4127-b040-d0a85d75fec3",
      "title": "",
      "fullFile": "cypress/e2e/Widgets/datePicker.cy.js",
      "file": "cypress/e2e/Widgets/datePicker.cy.js",
      "beforeHooks": [],
      "afterHooks": [],
      "tests": [],
      "suites": [
        {
          "uuid": "f52740a1-8e58-48bc-9254-ff53e962e30e",
          "title": "Date Picker",
          "fullFile": "",
          "file": "",
          "beforeHooks": [],
          "afterHooks": [],
          "tests": [
            {
              "title": "Select Date",
              "fullTitle": "Date Picker Select Date",
              "timedOut": null,
              "duration": 2749,
              "state": "passed",
              "speed": "fast",
              "pass": true,
              "fail": false,
              "pending": false,
              "context": null,
              "code": "datePicker.typeDate();\ncy.get(\"@datee\").then((res) => {\n  datePicker.returnDatePicker().should(\"have.attr\", \"value\").and(\"eql\", res);\n});",
              "err": {},
              "uuid": "967f6f4e-a9c7-4c55-bf74-540504092fec",
              "parentUUID": "f52740a1-8e58-48bc-9254-ff53e962e30e",
              "isHook": false,
              "skipped": false
            },
            {
              "title": "Select Date (react-datepicker)",
              "fullTitle": "Date Picker Select Date (react-datepicker)",
              "timedOut": null,
              "duration": 1642,
              "state": "passed",
              "speed": "fast",
              "pass": true,
              "fail": false,
              "pending": false,
              "context": null,
              "code": "let date = datePicker.SelectDateOfBirth();\ndatePicker.returnDatePickerMonthYearInput().should(\"have.attr\", \"value\").and(\"eql\", date);",
              "err": {},
              "uuid": "d2378d9c-bfab-4906-a22e-391dfdd810a2",
              "parentUUID": "f52740a1-8e58-48bc-9254-ff53e962e30e",
              "isHook": false,
              "skipped": false
            }
          ],
          "suites": [],
          "passes": [
            "967f6f4e-a9c7-4c55-bf74-540504092fec",
            "d2378d9c-bfab-4906-a22e-391dfdd810a2"
          ],
          "failures": [],
          "pending": [],
          "skipped": [],
          "duration": 4391,
          "root": false,
          "rootEmpty": false,
          "_timeout": 2000
        }
      ],
      "passes": [],
      "failures": [],
      "pending": [],
      "skipped": [],
      "duration": 0,
      "root": true,
      "rootEmpty": true,
      "_timeout": 2000
    }
  ],
  "meta": {
    "mocha": {
      "version": "7.0.1"
    },
    "mochawesome": {
      "options": {
        "quiet": false,
        "reportFilename": "mochawesome",
        "saveHtml": false,
        "saveJson": true,
        "consoleReporter": "spec",
        "useInlineDiffs": false,
        "code": true
      },
      "version": "7.1.3"
    },
    "marge": {
      "options": {
        "charts": true,
        "reportPageTitle": "demoQA",
        "overwrite": false,
        "html": false,
        "json": true,
        "reportDir": "cypress/reports/html/.jsons"
      },
      "version": "6.2.0"
    }
  }
}