{
  "stats": {
    "suites": 1,
    "tests": 1,
    "passes": 1,
    "pending": 0,
    "failures": 0,
    "start": "2024-03-23T18:20:12.504Z",
    "end": "2024-03-23T18:20:14.298Z",
    "duration": 1794,
    "testsRegistered": 1,
    "passPercent": 100,
    "pendingPercent": 0,
    "other": 0,
    "hasOther": false,
    "skipped": 0,
    "hasSkipped": false
  },
  "results": [
    {
      "uuid": "19fc506d-cf04-4ec2-a3e2-45b562c576b9",
      "title": "",
      "fullFile": "cypress/e2e/Widgets/progressBar.cy.js",
      "file": "cypress/e2e/Widgets/progressBar.cy.js",
      "beforeHooks": [],
      "afterHooks": [],
      "tests": [],
      "suites": [
        {
          "uuid": "4d0be9fb-79e3-4e6e-b5f9-033f74b3e1b8",
          "title": "Progress Bar",
          "fullFile": "",
          "file": "",
          "beforeHooks": [],
          "afterHooks": [],
          "tests": [
            {
              "title": "Progress bar",
              "fullTitle": "Progress Bar Progress bar",
              "timedOut": null,
              "duration": 1686,
              "state": "passed",
              "speed": "fast",
              "pass": true,
              "fail": false,
              "pending": false,
              "context": null,
              "code": "",
              "err": {},
              "uuid": "d73f2e63-5a6c-46f8-a408-c1837bf3bffd",
              "parentUUID": "4d0be9fb-79e3-4e6e-b5f9-033f74b3e1b8",
              "isHook": false,
              "skipped": false
            }
          ],
          "suites": [],
          "passes": [
            "d73f2e63-5a6c-46f8-a408-c1837bf3bffd"
          ],
          "failures": [],
          "pending": [],
          "skipped": [],
          "duration": 1686,
          "root": false,
          "rootEmpty": false,
          "_timeout": 2000
        }
      ],
      "passes": [],
      "failures": [],
      "pending": [],
      "skipped": [],
      "duration": 0,
      "root": true,
      "rootEmpty": true,
      "_timeout": 2000
    }
  ],
  "meta": {
    "mocha": {
      "version": "7.0.1"
    },
    "mochawesome": {
      "options": {
        "quiet": false,
        "reportFilename": "mochawesome",
        "saveHtml": false,
        "saveJson": true,
        "consoleReporter": "spec",
        "useInlineDiffs": false,
        "code": true
      },
      "version": "7.1.3"
    },
    "marge": {
      "options": {
        "charts": true,
        "reportPageTitle": "demoQA",
        "overwrite": false,
        "html": false,
        "json": true,
        "reportDir": "cypress/reports/html/.jsons"
      },
      "version": "6.2.0"
    }
  }
}