{
  "stats": {
    "suites": 1,
    "tests": 1,
    "passes": 1,
    "pending": 0,
    "failures": 0,
    "start": "2024-06-05T18:24:20.991Z",
    "end": "2024-06-05T18:24:24.595Z",
    "duration": 3604,
    "testsRegistered": 1,
    "passPercent": 100,
    "pendingPercent": 0,
    "other": 0,
    "hasOther": false,
    "skipped": 0,
    "hasSkipped": false
  },
  "results": [
    {
      "uuid": "027994de-d58d-4573-9030-51009ae68006",
      "title": "",
      "fullFile": "cypress/e2e/Alerts -Frame-Windows/nested-frames.cy.js",
      "file": "cypress/e2e/Alerts -Frame-Windows/nested-frames.cy.js",
      "beforeHooks": [],
      "afterHooks": [],
      "tests": [],
      "suites": [
        {
          "uuid": "68b41422-363d-49e5-94c0-2632adb85c0d",
          "title": "Nested frames",
          "fullFile": "",
          "file": "",
          "beforeHooks": [],
          "afterHooks": [],
          "tests": [
            {
              "title": "Nested frames",
              "fullTitle": "Nested frames Nested frames",
              "timedOut": null,
              "duration": 3048,
              "state": "passed",
              "speed": "fast",
              "pass": true,
              "fail": false,
              "pending": false,
              "context": null,
              "code": "nestedFramesPage.returnFrameChildren().should(\"have.text\", \"Child Iframe\");",
              "err": {},
              "uuid": "eb11dff3-bc8f-4423-8a2d-59df7f49223c",
              "parentUUID": "68b41422-363d-49e5-94c0-2632adb85c0d",
              "isHook": false,
              "skipped": false
            }
          ],
          "suites": [],
          "passes": [
            "eb11dff3-bc8f-4423-8a2d-59df7f49223c"
          ],
          "failures": [],
          "pending": [],
          "skipped": [],
          "duration": 3048,
          "root": false,
          "rootEmpty": false,
          "_timeout": 2000
        }
      ],
      "passes": [],
      "failures": [],
      "pending": [],
      "skipped": [],
      "duration": 0,
      "root": true,
      "rootEmpty": true,
      "_timeout": 2000
    }
  ],
  "meta": {
    "mocha": {
      "version": "7.0.1"
    },
    "mochawesome": {
      "options": {
        "quiet": false,
        "reportFilename": "mochawesome",
        "saveHtml": false,
        "saveJson": true,
        "consoleReporter": "spec",
        "useInlineDiffs": false,
        "code": true
      },
      "version": "7.1.3"
    },
    "marge": {
      "options": {
        "charts": true,
        "reportPageTitle": "demoQA",
        "overwrite": false,
        "html": false,
        "json": true,
        "reportDir": "cypress/reports/html/.jsons"
      },
      "version": "6.2.0"
    }
  }
}