{
  "stats": {
    "suites": 1,
    "tests": 1,
    "passes": 1,
    "pending": 0,
    "failures": 0,
    "start": "2026-05-24T08:38:45.102Z",
    "end": "2026-05-24T08:38:46.697Z",
    "duration": 1595,
    "testsRegistered": 1,
    "passPercent": 100,
    "pendingPercent": 0,
    "other": 0,
    "hasOther": false,
    "skipped": 0,
    "hasSkipped": false
  },
  "results": [
    {
      "uuid": "aa251745-845f-41ca-8a12-b56ee9eb15dd",
      "title": "",
      "fullFile": "cypress/e2e/Widgets/slider.cy.js",
      "file": "cypress/e2e/Widgets/slider.cy.js",
      "beforeHooks": [],
      "afterHooks": [],
      "tests": [],
      "suites": [
        {
          "uuid": "9cbf8f43-2215-47af-a99d-852bec55fee8",
          "title": "Slider",
          "fullFile": "",
          "file": "",
          "beforeHooks": [],
          "afterHooks": [],
          "tests": [
            {
              "title": "slider input type= range utilizando stepUp",
              "fullTitle": "Slider slider input type= range utilizando stepUp",
              "timedOut": null,
              "duration": 1440,
              "state": "passed",
              "speed": "fast",
              "pass": true,
              "fail": false,
              "pending": false,
              "context": null,
              "code": "sliderPage.moveSlider(90);\nsliderPage.returnValueSlider().should(\"have.value\", 90);",
              "err": {},
              "uuid": "b6dd5f4f-4156-4509-9ea2-5cd2a9637a2b",
              "parentUUID": "9cbf8f43-2215-47af-a99d-852bec55fee8",
              "isHook": false,
              "skipped": false
            }
          ],
          "suites": [],
          "passes": [
            "b6dd5f4f-4156-4509-9ea2-5cd2a9637a2b"
          ],
          "failures": [],
          "pending": [],
          "skipped": [],
          "duration": 1440,
          "root": false,
          "rootEmpty": false,
          "_timeout": 2000
        }
      ],
      "passes": [],
      "failures": [],
      "pending": [],
      "skipped": [],
      "duration": 0,
      "root": true,
      "rootEmpty": true,
      "_timeout": 2000
    }
  ],
  "meta": {
    "mocha": {
      "version": "7.0.1"
    },
    "mochawesome": {
      "options": {
        "quiet": false,
        "reportFilename": "mochawesome",
        "saveHtml": false,
        "saveJson": true,
        "consoleReporter": "spec",
        "useInlineDiffs": false,
        "code": true
      },
      "version": "7.1.3"
    },
    "marge": {
      "options": {
        "charts": true,
        "reportPageTitle": "demoQA",
        "overwrite": false,
        "html": false,
        "json": true,
        "reportDir": "cypress/reports/html/.jsons"
      },
      "version": "6.2.0"
    }
  }
}