{
  "stats": {
    "suites": 1,
    "tests": 11,
    "passes": 11,
    "pending": 0,
    "failures": 0,
    "start": "2024-03-15T12:29:18.618Z",
    "end": "2024-03-15T12:29:22.874Z",
    "duration": 4256,
    "testsRegistered": 11,
    "passPercent": 100,
    "pendingPercent": 0,
    "other": 0,
    "hasOther": false,
    "skipped": 0,
    "hasSkipped": false
  },
  "results": [
    {
      "uuid": "43264019-e35c-4dc5-b46e-5c81598dddd5",
      "title": "",
      "fullFile": "cypress/e2e/API-Book-Store/bookStore.cy.js",
      "file": "cypress/e2e/API-Book-Store/bookStore.cy.js",
      "beforeHooks": [],
      "afterHooks": [],
      "tests": [],
      "suites": [
        {
          "uuid": "1af57a3b-624f-442c-8db2-e7a58e25d008",
          "title": "Account API",
          "fullFile": "",
          "file": "",
          "beforeHooks": [],
          "afterHooks": [],
          "tests": [
            {
              "title": "Post - Create user",
              "fullTitle": "Account API Post - Create user",
              "timedOut": null,
              "duration": 962,
              "state": "passed",
              "speed": "fast",
              "pass": true,
              "fail": false,
              "pending": false,
              "context": null,
              "code": "cy.request({\n  method: \"POST\",\n  url: \"/Account/v1/User\",\n  body: {\n    userName,\n    password: userPass\n  }\n}).then((response) => {\n  expect(response.status).is.eq(201);\n  const validate = ajv.compile(schema);\n  const valid = validate(response.body);\n  expect(valid, \"schema valid?\").to.be.true;\n  userID = response.body.userID;\n});",
              "err": {},
              "uuid": "60bd90fb-ad15-4fa0-9191-4ac2f2580080",
              "parentUUID": "1af57a3b-624f-442c-8db2-e7a58e25d008",
              "isHook": false,
              "skipped": false
            },
            {
              "title": "Post - Generate Token",
              "fullTitle": "Account API Post - Generate Token",
              "timedOut": null,
              "duration": 613,
              "state": "passed",
              "speed": "fast",
              "pass": true,
              "fail": false,
              "pending": false,
              "context": null,
              "code": "cy.request({\n  method: \"POST\",\n  url: \"/Account/v1/GenerateToken\",\n  body: {\n    userName,\n    password: userPass\n  }\n}).then((response) => {\n  expect(response.status).is.eq(200);\n  const validate = ajv.compile(schemaToken);\n  const valid = validate(response.body);\n  expect(valid, \"schema valid?\").to.be.true;\n  token = response.body.token;\n});",
              "err": {},
              "uuid": "949edf74-dc25-4dd4-9f7f-2488c3cf56f9",
              "parentUUID": "1af57a3b-624f-442c-8db2-e7a58e25d008",
              "isHook": false,
              "skipped": false
            },
            {
              "title": "Post - Authorized",
              "fullTitle": "Account API Post - Authorized",
              "timedOut": null,
              "duration": 303,
              "state": "passed",
              "speed": "fast",
              "pass": true,
              "fail": false,
              "pending": false,
              "context": null,
              "code": "cy.log(token);\ncy.request({\n  method: \"POST\",\n  url: \"/Account/v1/Authorized\",\n  headers: {\n    \"Content-Type\": \"application/json\"\n  },\n  body: {\n    userName,\n    password: userPass\n  }\n}).then((response) => {\n  expect(response.status).is.eq(200);\n  expect(response.body).is.eq(true);\n});",
              "err": {},
              "uuid": "d4dd6307-2acc-4471-bb93-f6bf0172c6bf",
              "parentUUID": "1af57a3b-624f-442c-8db2-e7a58e25d008",
              "isHook": false,
              "skipped": false
            },
            {
              "title": "Get - User",
              "fullTitle": "Account API Get - User",
              "timedOut": null,
              "duration": 216,
              "state": "passed",
              "speed": "fast",
              "pass": true,
              "fail": false,
              "pending": false,
              "context": null,
              "code": "cy.request({\n  method: \"GET\",\n  url: `/Account/v1/User/${userID}`,\n  headers: {\n    \"Authorization\": `Bearer ${token}`,\n    \"Content-Type\": \"application/json\"\n  }\n}).then((response) => {\n  expect(response.status).to.have.eq(200);\n  const validate = ajv.compile(schemaUser);\n  const valid = validate(response.body);\n  expect(valid, \"schema valid?\").to.be.true;\n});",
              "err": {},
              "uuid": "49451892-ff97-4dda-aa72-f2629d04a1d9",
              "parentUUID": "1af57a3b-624f-442c-8db2-e7a58e25d008",
              "isHook": false,
              "skipped": false
            },
            {
              "title": "Get - Books",
              "fullTitle": "Account API Get - Books",
              "timedOut": null,
              "duration": 167,
              "state": "passed",
              "speed": "fast",
              "pass": true,
              "fail": false,
              "pending": false,
              "context": null,
              "code": "cy.request({\n  method: \"GET\",\n  url: \"/BookStore/v1/Books\"\n}).then((response) => {\n  expect(response.status).to.have.eq(200);\n  const validate = ajv.compile(schemaGBooks);\n  const valid = validate(response.body);\n  expect(valid, \"schema valid?\").to.be.true;\n  book = response.body.books[0].isbn;\n  book2 = response.body.books[1].isbn;\n  book3 = response.body.books[2].isbn;\n});",
              "err": {},
              "uuid": "6cf3ff5f-5fe5-4807-aee6-2165639fa301",
              "parentUUID": "1af57a3b-624f-442c-8db2-e7a58e25d008",
              "isHook": false,
              "skipped": false
            },
            {
              "title": "Post - add books user",
              "fullTitle": "Account API Post - add books user",
              "timedOut": null,
              "duration": 247,
              "state": "passed",
              "speed": "fast",
              "pass": true,
              "fail": false,
              "pending": false,
              "context": null,
              "code": "cy.request({\n  method: \"POST\",\n  url: \"/BookStore/v1/Books\",\n  auth: {\n    user: userName,\n    pass: userPass\n  },\n  body: {\n    userId: userID,\n    collectionOfIsbns: [{ isbn: book }, { isbn: book3 }]\n  }\n}).then((response) => {\n  expect(response.status).is.eq(201);\n  const validate = ajv.compile(schemaBooksUser);\n  const valid = validate(response.body);\n  expect(valid, \"schema valid?\").to.be.true;\n  expect(response.body.books[0].isbn).to.eq(book);\n});",
              "err": {},
              "uuid": "61e2ba6a-47bf-4c0c-b687-bc8156fc061a",
              "parentUUID": "1af57a3b-624f-442c-8db2-e7a58e25d008",
              "isHook": false,
              "skipped": false
            },
            {
              "title": "Get - Book",
              "fullTitle": "Account API Get - Book",
              "timedOut": null,
              "duration": 175,
              "state": "passed",
              "speed": "fast",
              "pass": true,
              "fail": false,
              "pending": false,
              "context": null,
              "code": "cy.request({\n  method: \"GET\",\n  url: \"/BookStore/v1/Book\",\n  qs: {\n    ISBN: book2\n  }\n}).then((response) => {\n  expect(response.status).to.have.eq(200);\n  const validate = ajv.compile(schemaBook);\n  const valid = validate(response.body);\n  expect(valid, \"schema valid?\").to.be.true;\n});",
              "err": {},
              "uuid": "8d50410e-4b73-43b5-951b-ce4931021494",
              "parentUUID": "1af57a3b-624f-442c-8db2-e7a58e25d008",
              "isHook": false,
              "skipped": false
            },
            {
              "title": "PUT - book user",
              "fullTitle": "Account API PUT - book user",
              "timedOut": null,
              "duration": 410,
              "state": "passed",
              "speed": "fast",
              "pass": true,
              "fail": false,
              "pending": false,
              "context": null,
              "code": "cy.request({\n  method: \"PUT\",\n  url: `/BookStore/v1/Books/${book}`,\n  auth: {\n    user: userName,\n    pass: userPass\n  },\n  body: {\n    userId: userID,\n    isbn: book2\n  }\n}).then((response) => {\n  expect(response.status).is.eq(200);\n  const validate = ajv.compile(schemaUser);\n  const valid = validate(response.body);\n  expect(valid, \"schema valid?\").to.be.true;\n});",
              "err": {},
              "uuid": "e23e60ed-c933-4f94-81e6-41f97d7c520a",
              "parentUUID": "1af57a3b-624f-442c-8db2-e7a58e25d008",
              "isHook": false,
              "skipped": false
            },
            {
              "title": "DELETE - book",
              "fullTitle": "Account API DELETE - book",
              "timedOut": null,
              "duration": 369,
              "state": "passed",
              "speed": "fast",
              "pass": true,
              "fail": false,
              "pending": false,
              "context": null,
              "code": "cy.request({\n  method: \"DELETE\",\n  url: \"/BookStore/v1/Book\",\n  auth: {\n    user: userName,\n    pass: userPass\n  },\n  body: {\n    userId: userID,\n    isbn: book2\n  }\n}).then((response) => {\n  expect(response.status).to.have.eq(204);\n});",
              "err": {},
              "uuid": "f435f57d-a02c-4ff5-85a2-8f705777c61c",
              "parentUUID": "1af57a3b-624f-442c-8db2-e7a58e25d008",
              "isHook": false,
              "skipped": false
            },
            {
              "title": "DELETE - books",
              "fullTitle": "Account API DELETE - books",
              "timedOut": null,
              "duration": 307,
              "state": "passed",
              "speed": "fast",
              "pass": true,
              "fail": false,
              "pending": false,
              "context": null,
              "code": "cy.request({\n  method: \"DELETE\",\n  url: \"/BookStore/v1/Books\",\n  qs: {\n    UserId: userID\n  },\n  auth: {\n    user: userName,\n    pass: userPass\n  }\n}).then((response) => {\n  expect(response.status).to.have.eq(204);\n});",
              "err": {},
              "uuid": "6533fdfb-7dc1-40e8-a391-620774c7cd2f",
              "parentUUID": "1af57a3b-624f-442c-8db2-e7a58e25d008",
              "isHook": false,
              "skipped": false
            },
            {
              "title": "DELETE - User",
              "fullTitle": "Account API DELETE - User",
              "timedOut": null,
              "duration": 341,
              "state": "passed",
              "speed": "fast",
              "pass": true,
              "fail": false,
              "pending": false,
              "context": null,
              "code": "cy.request({\n  method: \"DELETE\",\n  url: `/Account/v1/User/${userID}`,\n  headers: {\n    \"Authorization\": `Bearer ${token}`,\n    \"Content-Type\": \"application/json\"\n  }\n}).then((response) => {\n  expect(response.status).to.have.eq(204);\n});",
              "err": {},
              "uuid": "852ff6db-357f-4d46-80ef-1b8581ac9051",
              "parentUUID": "1af57a3b-624f-442c-8db2-e7a58e25d008",
              "isHook": false,
              "skipped": false
            }
          ],
          "suites": [],
          "passes": [
            "60bd90fb-ad15-4fa0-9191-4ac2f2580080",
            "949edf74-dc25-4dd4-9f7f-2488c3cf56f9",
            "d4dd6307-2acc-4471-bb93-f6bf0172c6bf",
            "49451892-ff97-4dda-aa72-f2629d04a1d9",
            "6cf3ff5f-5fe5-4807-aee6-2165639fa301",
            "61e2ba6a-47bf-4c0c-b687-bc8156fc061a",
            "8d50410e-4b73-43b5-951b-ce4931021494",
            "e23e60ed-c933-4f94-81e6-41f97d7c520a",
            "f435f57d-a02c-4ff5-85a2-8f705777c61c",
            "6533fdfb-7dc1-40e8-a391-620774c7cd2f",
            "852ff6db-357f-4d46-80ef-1b8581ac9051"
          ],
          "failures": [],
          "pending": [],
          "skipped": [],
          "duration": 4110,
          "root": false,
          "rootEmpty": false,
          "_timeout": 2000
        }
      ],
      "passes": [],
      "failures": [],
      "pending": [],
      "skipped": [],
      "duration": 0,
      "root": true,
      "rootEmpty": true,
      "_timeout": 2000
    }
  ],
  "meta": {
    "mocha": {
      "version": "7.0.1"
    },
    "mochawesome": {
      "options": {
        "quiet": false,
        "reportFilename": "mochawesome",
        "saveHtml": false,
        "saveJson": true,
        "consoleReporter": "spec",
        "useInlineDiffs": false,
        "code": true
      },
      "version": "7.1.3"
    },
    "marge": {
      "options": {
        "charts": true,
        "reportPageTitle": "demoQA",
        "overwrite": false,
        "html": false,
        "json": true,
        "reportDir": "cypress/reports/html/.jsons"
      },
      "version": "6.2.0"
    }
  }
}