{
  "stats": {
    "suites": 1,
    "tests": 2,
    "passes": 2,
    "pending": 0,
    "failures": 0,
    "start": "2024-01-15T01:19:00.896Z",
    "end": "2024-01-15T01:19:08.920Z",
    "duration": 8024,
    "testsRegistered": 2,
    "passPercent": 100,
    "pendingPercent": 0,
    "other": 0,
    "hasOther": false,
    "skipped": 0,
    "hasSkipped": false
  },
  "results": [
    {
      "uuid": "145fdf31-5afe-4df8-bfbd-b883225525b9",
      "title": "",
      "fullFile": "cypress/e2e/Alerts -Frame-Windows/browser-windows.cy.js",
      "file": "cypress/e2e/Alerts -Frame-Windows/browser-windows.cy.js",
      "beforeHooks": [],
      "afterHooks": [],
      "tests": [],
      "suites": [
        {
          "uuid": "f845131a-bb21-4025-b54c-361ce10c8af8",
          "title": "Browser windows",
          "fullFile": "",
          "file": "",
          "beforeHooks": [],
          "afterHooks": [],
          "tests": [
            {
              "title": "New tab",
              "fullTitle": "Browser windows New tab",
              "timedOut": null,
              "duration": 4449,
              "state": "passed",
              "speed": "fast",
              "pass": true,
              "fail": false,
              "pending": false,
              "context": null,
              "code": "browserWindowsPage.clickTabButton();\ncy.intercept(\n  \"https://demoqa.com/sample\"\n).as(\"tab\");\ncy.wait(\"@tab\").then((res) => {\n  expect(res.response.statusCode).to.eq(200);\n  expect(res.response.url).to.eq(\"https://demoqa.com/sample\");\n});",
              "err": {},
              "uuid": "97278427-09bb-45ee-8da0-6d06529a3f08",
              "parentUUID": "f845131a-bb21-4025-b54c-361ce10c8af8",
              "isHook": false,
              "skipped": false
            },
            {
              "title": "New window",
              "fullTitle": "Browser windows New window",
              "timedOut": null,
              "duration": 3301,
              "state": "passed",
              "speed": "fast",
              "pass": true,
              "fail": false,
              "pending": false,
              "context": null,
              "code": "browserWindowsPage.clickWindowButton();\ncy.intercept(\n  \"https://demoqa.com/sample\"\n).as(\"window\");\ncy.wait(\"@window\").then((res) => {\n  expect(res.response.statusCode).to.eq(200);\n  expect(res.response.url).to.eq(\"https://demoqa.com/sample\");\n});",
              "err": {},
              "uuid": "7f6c7c4c-9df9-4a85-8407-335a46011176",
              "parentUUID": "f845131a-bb21-4025-b54c-361ce10c8af8",
              "isHook": false,
              "skipped": false
            }
          ],
          "suites": [],
          "passes": [
            "97278427-09bb-45ee-8da0-6d06529a3f08",
            "7f6c7c4c-9df9-4a85-8407-335a46011176"
          ],
          "failures": [],
          "pending": [],
          "skipped": [],
          "duration": 7750,
          "root": false,
          "rootEmpty": false,
          "_timeout": 2000
        }
      ],
      "passes": [],
      "failures": [],
      "pending": [],
      "skipped": [],
      "duration": 0,
      "root": true,
      "rootEmpty": true,
      "_timeout": 2000
    }
  ],
  "meta": {
    "mocha": {
      "version": "7.0.1"
    },
    "mochawesome": {
      "options": {
        "quiet": false,
        "reportFilename": "mochawesome",
        "saveHtml": false,
        "saveJson": true,
        "consoleReporter": "spec",
        "useInlineDiffs": false,
        "code": true
      },
      "version": "7.1.3"
    },
    "marge": {
      "options": {
        "charts": true,
        "reportPageTitle": "demoQA",
        "overwrite": false,
        "html": false,
        "json": true,
        "reportDir": "cypress/reports/html/.jsons"
      },
      "version": "6.2.0"
    }
  }
}