{
  "stats": {
    "suites": 1,
    "tests": 6,
    "passes": 6,
    "pending": 0,
    "failures": 0,
    "start": "2024-03-15T12:30:20.658Z",
    "end": "2024-03-15T12:30:31.678Z",
    "duration": 11020,
    "testsRegistered": 6,
    "passPercent": 100,
    "pendingPercent": 0,
    "other": 0,
    "hasOther": false,
    "skipped": 0,
    "hasSkipped": false
  },
  "results": [
    {
      "uuid": "49b3c5d3-27d9-477c-9d14-3096c980937d",
      "title": "",
      "fullFile": "cypress/e2e/Widgets/Select.cy.js",
      "file": "cypress/e2e/Widgets/Select.cy.js",
      "beforeHooks": [],
      "afterHooks": [],
      "tests": [],
      "suites": [
        {
          "uuid": "53095055-4e9e-4782-8067-906fcbe18dab",
          "title": "Select Menu",
          "fullFile": "",
          "file": "",
          "beforeHooks": [],
          "afterHooks": [],
          "tests": [
            {
              "title": "Select Value (id and tabindex)",
              "fullTitle": "Select Menu Select Value (id and tabindex)",
              "timedOut": null,
              "duration": 2755,
              "state": "passed",
              "speed": "fast",
              "pass": true,
              "fail": false,
              "pending": false,
              "context": null,
              "code": "selectPage.clickSelectInput();\nselectPage.returnMenuOptions().should(\"be.visible\");\nselectPage.selectToOption(singleOp.index);\nselectPage.returnSingleValue().should(\"have.text\", singleOp.value);",
              "err": {},
              "uuid": "62ee5fc2-2c2c-4422-b8a2-352aa75b49f3",
              "parentUUID": "53095055-4e9e-4782-8067-906fcbe18dab",
              "isHook": false,
              "skipped": false
            },
            {
              "title": "Old Style Select Menu (select option por text)",
              "fullTitle": "Select Menu Old Style Select Menu (select option por text)",
              "timedOut": null,
              "duration": 1399,
              "state": "passed",
              "speed": "fast",
              "pass": true,
              "fail": false,
              "pending": false,
              "context": null,
              "code": "selectPage.selectOldSelectMenu(\"Blue\").should(\"have.value\", \"1\");\nselectPage.returnOptionValue(\"1\").invoke(\"prop\", \"selected\").should(\"eq\", true);",
              "err": {},
              "uuid": "47930a8f-6d93-4552-a520-8949be66dd2d",
              "parentUUID": "53095055-4e9e-4782-8067-906fcbe18dab",
              "isHook": false,
              "skipped": false
            },
            {
              "title": "Old Style Select Menu (select option por value)",
              "fullTitle": "Select Menu Old Style Select Menu (select option por value)",
              "timedOut": null,
              "duration": 1333,
              "state": "passed",
              "speed": "fast",
              "pass": true,
              "fail": false,
              "pending": false,
              "context": null,
              "code": "selectPage.selectOldSelectMenuValue(\"1\").find(\"option:selected\").as(\"selectV\").invoke(\"text\").should(\"eq\", \"Blue\");\ncy.get(\"@selectV\").invoke(\"val\").should(\"eq\", \"1\");",
              "err": {},
              "uuid": "a3b67f26-247e-4da8-ad05-bc70e66ea8a7",
              "parentUUID": "53095055-4e9e-4782-8067-906fcbe18dab",
              "isHook": false,
              "skipped": false
            },
            {
              "title": "Select One (es igual al primero)",
              "fullTitle": "Select Menu Select One (es igual al primero)",
              "timedOut": null,
              "duration": 1343,
              "state": "passed",
              "speed": "fast",
              "pass": true,
              "fail": false,
              "pending": false,
              "context": null,
              "code": "selectPage.clickSelectTitle();\nselectPage.returnMenuOptTitle().should(\"be.visible\");\nselectPage.selectToOptionTitle(\"0-0\");\nselectPage.returnSingleValueTitle().should(\"have.text\", \"Dr.\");",
              "err": {},
              "uuid": "6089d7f0-c880-4042-9c58-bb26e23ef262",
              "parentUUID": "53095055-4e9e-4782-8067-906fcbe18dab",
              "isHook": false,
              "skipped": false
            },
            {
              "title": "Multiselect drop down (sin select)",
              "fullTitle": "Select Menu Multiselect drop down (sin select)",
              "timedOut": null,
              "duration": 1433,
              "state": "passed",
              "speed": "fast",
              "pass": true,
              "fail": false,
              "pending": false,
              "context": null,
              "code": "selectPage.clickMultiselectDropDown();\nselectPage.returnOptionsDropDown().should(\"be.visible\");\nselectPage.selectToOptionDropDown(\"3\");\nselectPage.selectToOptionDropDown(\"1\");\nselectPage.returnselectOptionDropDown().invoke(\"text\").should(\"eq\", [\"Red\", \"Blue\"].join(\"\"));",
              "err": {},
              "uuid": "bbe63c18-9915-4b4f-8b40-746842215349",
              "parentUUID": "53095055-4e9e-4782-8067-906fcbe18dab",
              "isHook": false,
              "skipped": false
            },
            {
              "title": "Standard multi select (con select)",
              "fullTitle": "Select Menu Standard multi select (con select)",
              "timedOut": null,
              "duration": 1947,
              "state": "passed",
              "speed": "fast",
              "pass": true,
              "fail": false,
              "pending": false,
              "context": null,
              "code": "selectPage.selectoptionsCars([\"Volvo\", \"Audi\"]);\nselectPage.returnOptionsSelected().invoke(\"text\").should(\"eq\", [\"Volvo\", \"Audi\"].join(\"\"));",
              "err": {},
              "uuid": "5849021c-87a4-41f7-bce2-8cd76acc5732",
              "parentUUID": "53095055-4e9e-4782-8067-906fcbe18dab",
              "isHook": false,
              "skipped": false
            }
          ],
          "suites": [],
          "passes": [
            "62ee5fc2-2c2c-4422-b8a2-352aa75b49f3",
            "47930a8f-6d93-4552-a520-8949be66dd2d",
            "a3b67f26-247e-4da8-ad05-bc70e66ea8a7",
            "6089d7f0-c880-4042-9c58-bb26e23ef262",
            "bbe63c18-9915-4b4f-8b40-746842215349",
            "5849021c-87a4-41f7-bce2-8cd76acc5732"
          ],
          "failures": [],
          "pending": [],
          "skipped": [],
          "duration": 10210,
          "root": false,
          "rootEmpty": false,
          "_timeout": 2000
        }
      ],
      "passes": [],
      "failures": [],
      "pending": [],
      "skipped": [],
      "duration": 0,
      "root": true,
      "rootEmpty": true,
      "_timeout": 2000
    }
  ],
  "meta": {
    "mocha": {
      "version": "7.0.1"
    },
    "mochawesome": {
      "options": {
        "quiet": false,
        "reportFilename": "mochawesome",
        "saveHtml": false,
        "saveJson": true,
        "consoleReporter": "spec",
        "useInlineDiffs": false,
        "code": true
      },
      "version": "7.1.3"
    },
    "marge": {
      "options": {
        "charts": true,
        "reportPageTitle": "demoQA",
        "overwrite": false,
        "html": false,
        "json": true,
        "reportDir": "cypress/reports/html/.jsons"
      },
      "version": "6.2.0"
    }
  }
}