{
  "stats": {
    "suites": 1,
    "tests": 1,
    "passes": 0,
    "pending": 0,
    "failures": 1,
    "start": "2024-06-05T18:23:48.884Z",
    "end": "2024-06-05T18:23:49.616Z",
    "duration": 732,
    "testsRegistered": 6,
    "passPercent": 0,
    "pendingPercent": 0,
    "other": 0,
    "hasOther": false,
    "skipped": 5,
    "hasSkipped": true
  },
  "results": [
    {
      "uuid": "bffcbdbb-ecf0-4f24-97a7-60ad556ce16c",
      "title": "",
      "fullFile": "cypress/e2e/Alerts -Frame-Windows/alerts.cy.js",
      "file": "cypress/e2e/Alerts -Frame-Windows/alerts.cy.js",
      "beforeHooks": [],
      "afterHooks": [],
      "tests": [],
      "suites": [
        {
          "uuid": "a9c4e8e1-b8c5-4083-a71c-b9ecb84d1a63",
          "title": "Alerts",
          "fullFile": "",
          "file": "",
          "beforeHooks": [],
          "afterHooks": [],
          "tests": [
            {
              "title": "Click Button to see alert",
              "fullTitle": "Alerts Click Button to see alert",
              "timedOut": null,
              "duration": 188,
              "state": "failed",
              "speed": null,
              "pass": false,
              "fail": true,
              "pending": false,
              "context": null,
              "code": "alertsPage.clickAlertComun();\ncy.on(\"window:alert\", (res) => {\n  expect(res).to.eq(\"You clicked a button\");\n});",
              "err": {
                "message": "CypressError: `cy.visit()` failed trying to load:\n\nhttps://demoqa.com/\n\nThe response we received from your web server was:\n\n  > 502: Bad Gateway\n\nThis was considered a failure because the status code was not `2xx`.\n\nIf you do not want status codes to cause failures pass the option: `failOnStatusCode: false`\n\nBecause this error occurred during a `before each` hook we are skipping the remaining tests in the current suite: `Alerts`",
                "estack": "CypressError: `cy.visit()` failed trying to load:\n\nhttps://demoqa.com/\n\nThe response we received from your web server was:\n\n  > 502: Bad Gateway\n\nThis was considered a failure because the status code was not `2xx`.\n\nIf you do not want status codes to cause failures pass the option: `failOnStatusCode: false`\n\nBecause this error occurred during a `before each` hook we are skipping the remaining tests in the current suite: `Alerts`\n    at <unknown> (https://demoqa.com/__cypress/runner/cypress_runner.js:130950:76)\n    at visitFailedByErr (https://demoqa.com/__cypress/runner/cypress_runner.js:130358:12)\n    at <unknown> (https://demoqa.com/__cypress/runner/cypress_runner.js:130933:13)\n    at tryCatcher (https://demoqa.com/__cypress/runner/cypress_runner.js:1807:23)\n    at Promise._settlePromiseFromHandler (https://demoqa.com/__cypress/runner/cypress_runner.js:1519:31)\n    at Promise._settlePromise (https://demoqa.com/__cypress/runner/cypress_runner.js:1576:18)\n    at Promise._settlePromise0 (https://demoqa.com/__cypress/runner/cypress_runner.js:1621:10)\n    at Promise._settlePromises (https://demoqa.com/__cypress/runner/cypress_runner.js:1697:18)\n    at _drainQueueStep (https://demoqa.com/__cypress/runner/cypress_runner.js:2407:12)\n    at _drainQueue (https://demoqa.com/__cypress/runner/cypress_runner.js:2400:9)\n    at Async._drainQueues (https://demoqa.com/__cypress/runner/cypress_runner.js:2416:5)\n    at Async.drainQueues (https://demoqa.com/__cypress/runner/cypress_runner.js:2286:14)\nFrom Your Spec Code:\n    at Context.eval (https://demoqa.com/__cypress/tests?p=cypress/e2e/Alerts%20-Frame-Windows/alerts.cy.js:1904:10)",
                "diff": null
              },
              "uuid": "8d7d40eb-92d9-4144-91c3-083fe913bdba",
              "parentUUID": "a9c4e8e1-b8c5-4083-a71c-b9ecb84d1a63",
              "isHook": false,
              "skipped": false
            },
            {
              "title": "On button click, alert will appear after 5 seconds",
              "fullTitle": "Alerts On button click, alert will appear after 5 seconds",
              "timedOut": null,
              "duration": 0,
              "state": "skipped",
              "speed": null,
              "pass": false,
              "fail": false,
              "pending": false,
              "context": null,
              "code": "alertsPage.clickTimerAlert();\ncy.on(\"window:alert\", (res) => {\n  expect(res).to.eq(\"This alert appeared after 5 seconds\");\n});",
              "err": {},
              "uuid": "a5f335a4-d56e-41e6-877e-583df77c0a92",
              "parentUUID": "a9c4e8e1-b8c5-4083-a71c-b9ecb84d1a63",
              "isHook": false,
              "skipped": true
            },
            {
              "title": "On button click, confirm box will appear \"selected Ok\"",
              "fullTitle": "Alerts On button click, confirm box will appear \"selected Ok\"",
              "timedOut": null,
              "duration": 0,
              "state": "skipped",
              "speed": null,
              "pass": false,
              "fail": false,
              "pending": false,
              "context": null,
              "code": "alertsPage.clickConfirm();\ncy.on(\"window:confirm\", (res) => {\n  expect(res).to.eq(\"Do you confirm action?\");\n});",
              "err": {},
              "uuid": "4911e816-4d80-445b-a5c2-b09f73531f4d",
              "parentUUID": "a9c4e8e1-b8c5-4083-a71c-b9ecb84d1a63",
              "isHook": false,
              "skipped": true
            },
            {
              "title": "On button click, confirm box will appear \"selected Cancel\"",
              "fullTitle": "Alerts On button click, confirm box will appear \"selected Cancel\"",
              "timedOut": null,
              "duration": 0,
              "state": "skipped",
              "speed": null,
              "pass": false,
              "fail": false,
              "pending": false,
              "context": null,
              "code": "alertsPage.clickConfirm();\ncy.on(\"window:confirm\", (res) => {\n  expect(res).to.eq(\"Do you confirm action?\");\n  return false;\n});",
              "err": {},
              "uuid": "ccad1d19-d10b-40ca-b228-3aff54216af4",
              "parentUUID": "a9c4e8e1-b8c5-4083-a71c-b9ecb84d1a63",
              "isHook": false,
              "skipped": true
            },
            {
              "title": "On button click, prompt box will appear",
              "fullTitle": "Alerts On button click, prompt box will appear",
              "timedOut": null,
              "duration": 0,
              "state": "skipped",
              "speed": null,
              "pass": false,
              "fail": false,
              "pending": false,
              "context": null,
              "code": "cy.window().then(function(win) {\n  cy.stub(win, \"prompt\").returns(\"Daniel Farias\");\n  cy.stub(win, \"alert\").as(\"windowAlert\");\n  alertsPage.clickPromt();\n});\nalertsPage.returnPromptResult().invoke(\"text\").then((res) => {\n  expect(res).to.eq(\"You entered Daniel Farias\");\n});",
              "err": {},
              "uuid": "5a5f2a13-6fa9-4b1f-81d8-fa5258fcf38f",
              "parentUUID": "a9c4e8e1-b8c5-4083-a71c-b9ecb84d1a63",
              "isHook": false,
              "skipped": true
            },
            {
              "title": "On button click, prompt box will appear (cancel)",
              "fullTitle": "Alerts On button click, prompt box will appear (cancel)",
              "timedOut": null,
              "duration": 0,
              "state": "skipped",
              "speed": null,
              "pass": false,
              "fail": false,
              "pending": false,
              "context": null,
              "code": "cy.window().then((win) => {\n  cy.stub(win, \"prompt\").callsFake(() => null);\n  alertsPage.clickPromt();\n});",
              "err": {},
              "uuid": "5c664fd5-eb5d-48ac-b406-36630f88c268",
              "parentUUID": "a9c4e8e1-b8c5-4083-a71c-b9ecb84d1a63",
              "isHook": false,
              "skipped": true
            }
          ],
          "suites": [],
          "passes": [],
          "failures": [
            "8d7d40eb-92d9-4144-91c3-083fe913bdba"
          ],
          "pending": [],
          "skipped": [
            "a5f335a4-d56e-41e6-877e-583df77c0a92",
            "4911e816-4d80-445b-a5c2-b09f73531f4d",
            "ccad1d19-d10b-40ca-b228-3aff54216af4",
            "5a5f2a13-6fa9-4b1f-81d8-fa5258fcf38f",
            "5c664fd5-eb5d-48ac-b406-36630f88c268"
          ],
          "duration": 188,
          "root": false,
          "rootEmpty": false,
          "_timeout": 2000
        }
      ],
      "passes": [],
      "failures": [],
      "pending": [],
      "skipped": [],
      "duration": 0,
      "root": true,
      "rootEmpty": true,
      "_timeout": 2000
    }
  ],
  "meta": {
    "mocha": {
      "version": "7.0.1"
    },
    "mochawesome": {
      "options": {
        "quiet": false,
        "reportFilename": "mochawesome",
        "saveHtml": false,
        "saveJson": true,
        "consoleReporter": "spec",
        "useInlineDiffs": false,
        "code": true
      },
      "version": "7.1.3"
    },
    "marge": {
      "options": {
        "charts": true,
        "reportPageTitle": "demoQA",
        "overwrite": false,
        "html": false,
        "json": true,
        "reportDir": "cypress/reports/html/.jsons"
      },
      "version": "6.2.0"
    }
  }
}