{
  "stats": {
    "suites": 1,
    "tests": 2,
    "passes": 2,
    "pending": 0,
    "failures": 0,
    "start": "2026-05-24T08:38:48.247Z",
    "end": "2026-05-24T08:38:51.099Z",
    "duration": 2852,
    "testsRegistered": 2,
    "passPercent": 100,
    "pendingPercent": 0,
    "other": 0,
    "hasOther": false,
    "skipped": 0,
    "hasSkipped": false
  },
  "results": [
    {
      "uuid": "535bc121-c514-404d-a27c-9e911313e9cd",
      "title": "",
      "fullFile": "cypress/e2e/Widgets/tooltTips.cy.js",
      "file": "cypress/e2e/Widgets/tooltTips.cy.js",
      "beforeHooks": [],
      "afterHooks": [],
      "tests": [],
      "suites": [
        {
          "uuid": "e51082f1-4f7b-4714-8184-add8ba190c41",
          "title": "Slider",
          "fullFile": "",
          "file": "",
          "beforeHooks": [],
          "afterHooks": [],
          "tests": [
            {
              "title": "Tool tips butoon, si es un evento javascript utilizamos trigger(\"mouseover\") para activar el tool tip",
              "fullTitle": "Slider Tool tips butoon, si es un evento javascript utilizamos trigger(\"mouseover\") para activar el tool tip",
              "timedOut": null,
              "duration": 1728,
              "state": "passed",
              "speed": "fast",
              "pass": true,
              "fail": false,
              "pending": false,
              "context": null,
              "code": "toolTipsPage.returnToolTip().should(\"be.visible\").and(\"have.text\", \"You hovered over the Button\");",
              "err": {},
              "uuid": "2b5f83b7-7f9c-4a6a-9b98-b41a8a1de37a",
              "parentUUID": "e51082f1-4f7b-4714-8184-add8ba190c41",
              "isHook": false,
              "skipped": false
            },
            {
              "title": "Tool tips text field ",
              "fullTitle": "Slider Tool tips text field ",
              "timedOut": null,
              "duration": 1024,
              "state": "passed",
              "speed": "fast",
              "pass": true,
              "fail": false,
              "pending": false,
              "context": null,
              "code": "toolTipsPage.returnToolTipField().should(\"be.visible\").and(\"have.text\", \"You hovered over the text field\");",
              "err": {},
              "uuid": "008711e4-0a33-4f45-bb54-ebc0afbd3f62",
              "parentUUID": "e51082f1-4f7b-4714-8184-add8ba190c41",
              "isHook": false,
              "skipped": false
            }
          ],
          "suites": [],
          "passes": [
            "2b5f83b7-7f9c-4a6a-9b98-b41a8a1de37a",
            "008711e4-0a33-4f45-bb54-ebc0afbd3f62"
          ],
          "failures": [],
          "pending": [],
          "skipped": [],
          "duration": 2752,
          "root": false,
          "rootEmpty": false,
          "_timeout": 2000
        }
      ],
      "passes": [],
      "failures": [],
      "pending": [],
      "skipped": [],
      "duration": 0,
      "root": true,
      "rootEmpty": true,
      "_timeout": 2000
    }
  ],
  "meta": {
    "mocha": {
      "version": "7.0.1"
    },
    "mochawesome": {
      "options": {
        "quiet": false,
        "reportFilename": "mochawesome",
        "saveHtml": false,
        "saveJson": true,
        "consoleReporter": "spec",
        "useInlineDiffs": false,
        "code": true
      },
      "version": "7.1.3"
    },
    "marge": {
      "options": {
        "charts": true,
        "reportPageTitle": "demoQA",
        "overwrite": false,
        "html": false,
        "json": true,
        "reportDir": "cypress/reports/html/.jsons"
      },
      "version": "6.2.0"
    }
  }
}