{
  "stats": {
    "suites": 1,
    "tests": 11,
    "passes": 3,
    "pending": 0,
    "failures": 8,
    "start": "2024-06-05T18:23:39.110Z",
    "end": "2024-06-05T18:23:46.970Z",
    "duration": 7860,
    "testsRegistered": 11,
    "passPercent": 27.27272727272727,
    "pendingPercent": 0,
    "other": 0,
    "hasOther": false,
    "skipped": 0,
    "hasSkipped": false
  },
  "results": [
    {
      "uuid": "e0e8e403-1d4e-43ea-872c-61cfb93b26f4",
      "title": "",
      "fullFile": "cypress/e2e/API-Book-Store/bookStore.cy.js",
      "file": "cypress/e2e/API-Book-Store/bookStore.cy.js",
      "beforeHooks": [],
      "afterHooks": [],
      "tests": [],
      "suites": [
        {
          "uuid": "1e3ad1a8-c9f4-4a29-97de-9148b551c251",
          "title": "Account API",
          "fullFile": "",
          "file": "",
          "beforeHooks": [],
          "afterHooks": [],
          "tests": [
            {
              "title": "Post - Create user",
              "fullTitle": "Account API Post - Create user",
              "timedOut": null,
              "duration": 336,
              "state": "failed",
              "speed": null,
              "pass": false,
              "fail": true,
              "pending": false,
              "context": null,
              "code": "cy.request({\n  method: \"POST\",\n  url: \"/Account/v1/User\",\n  body: {\n    userName,\n    password: userPass\n  }\n}).then((response) => {\n  expect(response.status).is.eq(201);\n  const validate = ajv.compile(schema);\n  const valid = validate(response.body);\n  expect(valid, \"schema valid?\").to.be.true;\n  userID = response.body.userID;\n});",
              "err": {
                "message": "CypressError: `cy.request()` failed on:\n\nhttps://demoqa.com/Account/v1/User\n\nThe response we received from your web server was:\n\n  > 406: Not Acceptable\n\nThis was considered a failure because the status code was not `2xx` or `3xx`.\n\nIf you do not want status codes to cause failures pass the option: `failOnStatusCode: false`\n\n-----------------------------------------------------------\n\nThe request we sent was:\n\nMethod: POST\nURL: https://demoqa.com/Account/v1/User\nHeaders: {\n  \"Connection\": \"keep-alive\",\n  \"user-agent\": \"Mozilla/5.0 (X11; Linux x86_64) AppleWebKit/537.36 (KHTML, like Gecko) HeadlessChrome/125.0.0.0 Safari/537.36\",\n  \"accept\": \"*/*\",\n  \"accept-encoding\": \"gzip, deflate\",\n  \"content-type\": \"application/json\",\n  \"content-length\": 55\n}\nBody: {\"userName\":\"danielfarias7\",\"password\":\"Az2528831040@\"}\n\n-----------------------------------------------------------\n\nThe response we got was:\n\nStatus: 406 - Not Acceptable\nHeaders: {\n  \"server\": \"nginx/1.17.10 (Ubuntu)\",\n  \"date\": \"Wed, 05 Jun 2024 18:23:40 GMT\",\n  \"content-type\": \"application/json; charset=utf-8\",\n  \"content-length\": \"40\",\n  \"connection\": \"keep-alive\",\n  \"x-powered-by\": \"Express\",\n  \"etag\": \"W/\\\"28-Ol+1T9TtJMfkxjesktiJwJPAuBU\\\"\"\n}\nBody: {\n  \"code\": \"1204\",\n  \"message\": \"User exists!\"\n}\n\n\nhttps://on.cypress.io/request",
                "estack": "CypressError: `cy.request()` failed on:\n\nhttps://demoqa.com/Account/v1/User\n\nThe response we received from your web server was:\n\n  > 406: Not Acceptable\n\nThis was considered a failure because the status code was not `2xx` or `3xx`.\n\nIf you do not want status codes to cause failures pass the option: `failOnStatusCode: false`\n\n-----------------------------------------------------------\n\nThe request we sent was:\n\nMethod: POST\nURL: https://demoqa.com/Account/v1/User\nHeaders: {\n  \"Connection\": \"keep-alive\",\n  \"user-agent\": \"Mozilla/5.0 (X11; Linux x86_64) AppleWebKit/537.36 (KHTML, like Gecko) HeadlessChrome/125.0.0.0 Safari/537.36\",\n  \"accept\": \"*/*\",\n  \"accept-encoding\": \"gzip, deflate\",\n  \"content-type\": \"application/json\",\n  \"content-length\": 55\n}\nBody: {\"userName\":\"danielfarias7\",\"password\":\"Az2528831040@\"}\n\n-----------------------------------------------------------\n\nThe response we got was:\n\nStatus: 406 - Not Acceptable\nHeaders: {\n  \"server\": \"nginx/1.17.10 (Ubuntu)\",\n  \"date\": \"Wed, 05 Jun 2024 18:23:40 GMT\",\n  \"content-type\": \"application/json; charset=utf-8\",\n  \"content-length\": \"40\",\n  \"connection\": \"keep-alive\",\n  \"x-powered-by\": \"Express\",\n  \"etag\": \"W/\\\"28-Ol+1T9TtJMfkxjesktiJwJPAuBU\\\"\"\n}\nBody: {\n  \"code\": \"1204\",\n  \"message\": \"User exists!\"\n}\n\n\nhttps://on.cypress.io/request\n    at <unknown> (https://demoqa.com/__cypress/runner/cypress_runner.js:133013:72)\n    at tryCatcher (https://demoqa.com/__cypress/runner/cypress_runner.js:1807:23)\n    at Promise._settlePromiseFromHandler (https://demoqa.com/__cypress/runner/cypress_runner.js:1519:31)\n    at Promise._settlePromise (https://demoqa.com/__cypress/runner/cypress_runner.js:1576:18)\n    at Promise._settlePromise0 (https://demoqa.com/__cypress/runner/cypress_runner.js:1621:10)\n    at Promise._settlePromises (https://demoqa.com/__cypress/runner/cypress_runner.js:1701:18)\n    at _drainQueueStep (https://demoqa.com/__cypress/runner/cypress_runner.js:2407:12)\n    at _drainQueue (https://demoqa.com/__cypress/runner/cypress_runner.js:2400:9)\n    at Async._drainQueues (https://demoqa.com/__cypress/runner/cypress_runner.js:2416:5)\n    at Async.drainQueues (https://demoqa.com/__cypress/runner/cypress_runner.js:2286:14)\nFrom Your Spec Code:\n    at ee (https://demoqa.com/__cypress/tests?p=cypress/support/e2e.js:40763:92)\n    at Context.eval (https://demoqa.com/__cypress/tests?p=cypress/support/e2e.js:40769:87)",
                "diff": null
              },
              "uuid": "3fb11a6e-ebde-4392-aa4d-d017c693dd32",
              "parentUUID": "1e3ad1a8-c9f4-4a29-97de-9148b551c251",
              "isHook": false,
              "skipped": false
            },
            {
              "title": "Post - Generate Token",
              "fullTitle": "Account API Post - Generate Token",
              "timedOut": null,
              "duration": 785,
              "state": "passed",
              "speed": "fast",
              "pass": true,
              "fail": false,
              "pending": false,
              "context": null,
              "code": "cy.request({\n  method: \"POST\",\n  url: \"/Account/v1/GenerateToken\",\n  body: {\n    userName,\n    password: userPass\n  }\n}).then((response) => {\n  expect(response.status).is.eq(200);\n  const validate = ajv.compile(schemaToken);\n  const valid = validate(response.body);\n  expect(valid, \"schema valid?\").to.be.true;\n  token = response.body.token;\n});",
              "err": {},
              "uuid": "3cfcf230-2651-4cdd-9c0a-4a9f3c1fb707",
              "parentUUID": "1e3ad1a8-c9f4-4a29-97de-9148b551c251",
              "isHook": false,
              "skipped": false
            },
            {
              "title": "Post - Authorized",
              "fullTitle": "Account API Post - Authorized",
              "timedOut": null,
              "duration": 353,
              "state": "passed",
              "speed": "fast",
              "pass": true,
              "fail": false,
              "pending": false,
              "context": null,
              "code": "cy.log(token);\ncy.request({\n  method: \"POST\",\n  url: \"/Account/v1/Authorized\",\n  headers: {\n    \"Content-Type\": \"application/json\"\n  },\n  body: {\n    userName,\n    password: userPass\n  }\n}).then((response) => {\n  expect(response.status).is.eq(200);\n  expect(response.body).is.eq(true);\n});",
              "err": {},
              "uuid": "82843514-b505-4bbd-871c-d06e692e6f08",
              "parentUUID": "1e3ad1a8-c9f4-4a29-97de-9148b551c251",
              "isHook": false,
              "skipped": false
            },
            {
              "title": "Get - User",
              "fullTitle": "Account API Get - User",
              "timedOut": null,
              "duration": 218,
              "state": "failed",
              "speed": null,
              "pass": false,
              "fail": true,
              "pending": false,
              "context": null,
              "code": "cy.request({\n  method: \"GET\",\n  url: `/Account/v1/User/${userID}`,\n  headers: {\n    \"Authorization\": `Bearer ${token}`,\n    \"Content-Type\": \"application/json\"\n  }\n}).then((response) => {\n  expect(response.status).to.have.eq(200);\n  const validate = ajv.compile(schemaUser);\n  const valid = validate(response.body);\n  expect(valid, \"schema valid?\").to.be.true;\n});",
              "err": {
                "message": "CypressError: `cy.request()` failed on:\n\nhttps://demoqa.com/Account/v1/User/undefined\n\nThe response we received from your web server was:\n\n  > 401: Unauthorized\n\nThis was considered a failure because the status code was not `2xx` or `3xx`.\n\nIf you do not want status codes to cause failures pass the option: `failOnStatusCode: false`\n\n-----------------------------------------------------------\n\nThe request we sent was:\n\nMethod: GET\nURL: https://demoqa.com/Account/v1/User/undefined\nHeaders: {\n  \"Connection\": \"keep-alive\",\n  \"Authorization\": \"Bearer eyJhbGciOiJIUzI1NiIsInR5cCI6IkpXVCJ9.eyJ1c2VyTmFtZSI6ImRhbmllbGZhcmlhczciLCJwYXNzd29yZCI6IkF6MjUyODgzMTA0MEAiLCJpYXQiOjE3MTc2MTE4MjB9.dUytQum7x0ky3t1sOG_l49ZwlT58LwCDhZ7bLq1yaKY\",\n  \"Content-Type\": \"application/json\",\n  \"user-agent\": \"Mozilla/5.0 (X11; Linux x86_64) AppleWebKit/537.36 (KHTML, like Gecko) HeadlessChrome/125.0.0.0 Safari/537.36\",\n  \"accept\": \"*/*\",\n  \"accept-encoding\": \"gzip, deflate\"\n}\n\n-----------------------------------------------------------\n\nThe response we got was:\n\nStatus: 401 - Unauthorized\nHeaders: {\n  \"server\": \"nginx/1.17.10 (Ubuntu)\",\n  \"date\": \"Wed, 05 Jun 2024 18:23:42 GMT\",\n  \"content-type\": \"application/json; charset=utf-8\",\n  \"content-length\": \"43\",\n  \"connection\": \"keep-alive\",\n  \"x-powered-by\": \"Express\",\n  \"etag\": \"W/\\\"2b-hLPYyb0m8IpHH/aFjmp8VZrYXGw\\\"\"\n}\nBody: {\n  \"code\": \"1207\",\n  \"message\": \"User not found!\"\n}\n\n\nhttps://on.cypress.io/request",
                "estack": "CypressError: `cy.request()` failed on:\n\nhttps://demoqa.com/Account/v1/User/undefined\n\nThe response we received from your web server was:\n\n  > 401: Unauthorized\n\nThis was considered a failure because the status code was not `2xx` or `3xx`.\n\nIf you do not want status codes to cause failures pass the option: `failOnStatusCode: false`\n\n-----------------------------------------------------------\n\nThe request we sent was:\n\nMethod: GET\nURL: https://demoqa.com/Account/v1/User/undefined\nHeaders: {\n  \"Connection\": \"keep-alive\",\n  \"Authorization\": \"Bearer eyJhbGciOiJIUzI1NiIsInR5cCI6IkpXVCJ9.eyJ1c2VyTmFtZSI6ImRhbmllbGZhcmlhczciLCJwYXNzd29yZCI6IkF6MjUyODgzMTA0MEAiLCJpYXQiOjE3MTc2MTE4MjB9.dUytQum7x0ky3t1sOG_l49ZwlT58LwCDhZ7bLq1yaKY\",\n  \"Content-Type\": \"application/json\",\n  \"user-agent\": \"Mozilla/5.0 (X11; Linux x86_64) AppleWebKit/537.36 (KHTML, like Gecko) HeadlessChrome/125.0.0.0 Safari/537.36\",\n  \"accept\": \"*/*\",\n  \"accept-encoding\": \"gzip, deflate\"\n}\n\n-----------------------------------------------------------\n\nThe response we got was:\n\nStatus: 401 - Unauthorized\nHeaders: {\n  \"server\": \"nginx/1.17.10 (Ubuntu)\",\n  \"date\": \"Wed, 05 Jun 2024 18:23:42 GMT\",\n  \"content-type\": \"application/json; charset=utf-8\",\n  \"content-length\": \"43\",\n  \"connection\": \"keep-alive\",\n  \"x-powered-by\": \"Express\",\n  \"etag\": \"W/\\\"2b-hLPYyb0m8IpHH/aFjmp8VZrYXGw\\\"\"\n}\nBody: {\n  \"code\": \"1207\",\n  \"message\": \"User not found!\"\n}\n\n\nhttps://on.cypress.io/request\n    at <unknown> (https://demoqa.com/__cypress/runner/cypress_runner.js:133013:72)\n    at tryCatcher (https://demoqa.com/__cypress/runner/cypress_runner.js:1807:23)\n    at Promise._settlePromiseFromHandler (https://demoqa.com/__cypress/runner/cypress_runner.js:1519:31)\n    at Promise._settlePromise (https://demoqa.com/__cypress/runner/cypress_runner.js:1576:18)\n    at Promise._settlePromise0 (https://demoqa.com/__cypress/runner/cypress_runner.js:1621:10)\n    at Promise._settlePromises (https://demoqa.com/__cypress/runner/cypress_runner.js:1701:18)\n    at _drainQueueStep (https://demoqa.com/__cypress/runner/cypress_runner.js:2407:12)\n    at _drainQueue (https://demoqa.com/__cypress/runner/cypress_runner.js:2400:9)\n    at Async._drainQueues (https://demoqa.com/__cypress/runner/cypress_runner.js:2416:5)\n    at Async.drainQueues (https://demoqa.com/__cypress/runner/cypress_runner.js:2286:14)\nFrom Your Spec Code:\n    at ee (https://demoqa.com/__cypress/tests?p=cypress/support/e2e.js:40763:92)\n    at Context.eval (https://demoqa.com/__cypress/tests?p=cypress/support/e2e.js:40769:87)",
                "diff": null
              },
              "uuid": "66c2b4fc-dcd7-45fb-af14-2f6a610c1bbd",
              "parentUUID": "1e3ad1a8-c9f4-4a29-97de-9148b551c251",
              "isHook": false,
              "skipped": false
            },
            {
              "title": "Get - Books",
              "fullTitle": "Account API Get - Books",
              "timedOut": null,
              "duration": 208,
              "state": "passed",
              "speed": "fast",
              "pass": true,
              "fail": false,
              "pending": false,
              "context": null,
              "code": "cy.request({\n  method: \"GET\",\n  url: \"/BookStore/v1/Books\"\n}).then((response) => {\n  expect(response.status).to.have.eq(200);\n  const validate = ajv.compile(schemaGBooks);\n  const valid = validate(response.body);\n  expect(valid, \"schema valid?\").to.be.true;\n  book = response.body.books[0].isbn;\n  book2 = response.body.books[1].isbn;\n  book3 = response.body.books[2].isbn;\n});",
              "err": {},
              "uuid": "1680bf1d-9c88-4e4b-9b5f-b13aaf88325e",
              "parentUUID": "1e3ad1a8-c9f4-4a29-97de-9148b551c251",
              "isHook": false,
              "skipped": false
            },
            {
              "title": "Post - add books user",
              "fullTitle": "Account API Post - add books user",
              "timedOut": null,
              "duration": 190,
              "state": "failed",
              "speed": null,
              "pass": false,
              "fail": true,
              "pending": false,
              "context": null,
              "code": "cy.request({\n  method: \"POST\",\n  url: \"/BookStore/v1/Books\",\n  auth: {\n    user: userName,\n    pass: userPass\n  },\n  body: {\n    userId: userID,\n    collectionOfIsbns: [{ isbn: book }, { isbn: book3 }]\n  }\n}).then((response) => {\n  expect(response.status).is.eq(201);\n  const validate = ajv.compile(schemaBooksUser);\n  const valid = validate(response.body);\n  expect(valid, \"schema valid?\").to.be.true;\n  expect(response.body.books[0].isbn).to.eq(book);\n});",
              "err": {
                "message": "CypressError: `cy.request()` failed on:\n\nhttps://demoqa.com/BookStore/v1/Books\n\nThe response we received from your web server was:\n\n  > 502: Bad Gateway\n\nThis was considered a failure because the status code was not `2xx` or `3xx`.\n\nIf you do not want status codes to cause failures pass the option: `failOnStatusCode: false`\n\n-----------------------------------------------------------\n\nThe request we sent was:\n\nMethod: POST\nURL: https://demoqa.com/BookStore/v1/Books\nHeaders: {\n  \"Connection\": \"keep-alive\",\n  \"user-agent\": \"Mozilla/5.0 (X11; Linux x86_64) AppleWebKit/537.36 (KHTML, like Gecko) HeadlessChrome/125.0.0.0 Safari/537.36\",\n  \"accept\": \"*/*\",\n  \"authorization\": \"Basic ZGFuaWVsZmFyaWFzNzpBejI1Mjg4MzEwNDBA\",\n  \"accept-encoding\": \"gzip, deflate\",\n  \"content-type\": \"application/json\",\n  \"content-length\": 73\n}\nBody: {\"collectionOfIsbns\":[{\"isbn\":\"9781449325862\"},{\"isbn\":\"9781449337711\"}]}\n\n-----------------------------------------------------------\n\nThe response we got was:\n\nStatus: 502 - Bad Gateway\nHeaders: {\n  \"server\": \"nginx/1.17.10 (Ubuntu)\",\n  \"date\": \"Wed, 05 Jun 2024 18:23:43 GMT\",\n  \"content-type\": \"text/html\",\n  \"content-length\": \"569\",\n  \"connection\": \"keep-alive\"\n}\nBody: <html>\r\n<head><title>502 Bad Gateway</title></head>\r\n<body>\r\n<center><h1>502 Bad Gateway</h1></center>\r\n<hr><center>nginx/1.17.10 (Ubuntu)</center>\r\n</body>\r\n</html>\r\n<!-- a padding to disable MSIE and Chrome friendly error page -->\r\n<!-- a padding to disable MSIE and Chrome friendly error page -->\r\n<!-- a padding to disable MSIE and Chrome friendly error page -->\r\n<!-- a padding to disable MSIE and Chrome friendly error page -->\r\n<!-- a padding to disable MSIE and Chrome friendly error page -->\r\n<!-- a padding to disable MSIE and Chrome friendly error page -->\r\n\nhttps://on.cypress.io/request",
                "estack": "CypressError: `cy.request()` failed on:\n\nhttps://demoqa.com/BookStore/v1/Books\n\nThe response we received from your web server was:\n\n  > 502: Bad Gateway\n\nThis was considered a failure because the status code was not `2xx` or `3xx`.\n\nIf you do not want status codes to cause failures pass the option: `failOnStatusCode: false`\n\n-----------------------------------------------------------\n\nThe request we sent was:\n\nMethod: POST\nURL: https://demoqa.com/BookStore/v1/Books\nHeaders: {\n  \"Connection\": \"keep-alive\",\n  \"user-agent\": \"Mozilla/5.0 (X11; Linux x86_64) AppleWebKit/537.36 (KHTML, like Gecko) HeadlessChrome/125.0.0.0 Safari/537.36\",\n  \"accept\": \"*/*\",\n  \"authorization\": \"Basic ZGFuaWVsZmFyaWFzNzpBejI1Mjg4MzEwNDBA\",\n  \"accept-encoding\": \"gzip, deflate\",\n  \"content-type\": \"application/json\",\n  \"content-length\": 73\n}\nBody: {\"collectionOfIsbns\":[{\"isbn\":\"9781449325862\"},{\"isbn\":\"9781449337711\"}]}\n\n-----------------------------------------------------------\n\nThe response we got was:\n\nStatus: 502 - Bad Gateway\nHeaders: {\n  \"server\": \"nginx/1.17.10 (Ubuntu)\",\n  \"date\": \"Wed, 05 Jun 2024 18:23:43 GMT\",\n  \"content-type\": \"text/html\",\n  \"content-length\": \"569\",\n  \"connection\": \"keep-alive\"\n}\nBody: <html>\r\n<head><title>502 Bad Gateway</title></head>\r\n<body>\r\n<center><h1>502 Bad Gateway</h1></center>\r\n<hr><center>nginx/1.17.10 (Ubuntu)</center>\r\n</body>\r\n</html>\r\n<!-- a padding to disable MSIE and Chrome friendly error page -->\r\n<!-- a padding to disable MSIE and Chrome friendly error page -->\r\n<!-- a padding to disable MSIE and Chrome friendly error page -->\r\n<!-- a padding to disable MSIE and Chrome friendly error page -->\r\n<!-- a padding to disable MSIE and Chrome friendly error page -->\r\n<!-- a padding to disable MSIE and Chrome friendly error page -->\r\n\nhttps://on.cypress.io/request\n    at <unknown> (https://demoqa.com/__cypress/runner/cypress_runner.js:133013:72)\n    at tryCatcher (https://demoqa.com/__cypress/runner/cypress_runner.js:1807:23)\n    at Promise._settlePromiseFromHandler (https://demoqa.com/__cypress/runner/cypress_runner.js:1519:31)\n    at Promise._settlePromise (https://demoqa.com/__cypress/runner/cypress_runner.js:1576:18)\n    at Promise._settlePromise0 (https://demoqa.com/__cypress/runner/cypress_runner.js:1621:10)\n    at Promise._settlePromises (https://demoqa.com/__cypress/runner/cypress_runner.js:1701:18)\n    at _drainQueueStep (https://demoqa.com/__cypress/runner/cypress_runner.js:2407:12)\n    at _drainQueue (https://demoqa.com/__cypress/runner/cypress_runner.js:2400:9)\n    at Async._drainQueues (https://demoqa.com/__cypress/runner/cypress_runner.js:2416:5)\n    at Async.drainQueues (https://demoqa.com/__cypress/runner/cypress_runner.js:2286:14)\nFrom Your Spec Code:\n    at ee (https://demoqa.com/__cypress/tests?p=cypress/support/e2e.js:40763:92)\n    at Context.eval (https://demoqa.com/__cypress/tests?p=cypress/support/e2e.js:40769:87)",
                "diff": null
              },
              "uuid": "6526d687-e2df-4b0b-bf2e-23f3b50ed655",
              "parentUUID": "1e3ad1a8-c9f4-4a29-97de-9148b551c251",
              "isHook": false,
              "skipped": false
            },
            {
              "title": "Get - Book",
              "fullTitle": "Account API Get - Book",
              "timedOut": null,
              "duration": 195,
              "state": "failed",
              "speed": null,
              "pass": false,
              "fail": true,
              "pending": false,
              "context": null,
              "code": "cy.request({\n  method: \"GET\",\n  url: \"/BookStore/v1/Book\",\n  qs: {\n    ISBN: book2\n  }\n}).then((response) => {\n  expect(response.status).to.have.eq(200);\n  const validate = ajv.compile(schemaBook);\n  const valid = validate(response.body);\n  expect(valid, \"schema valid?\").to.be.true;\n});",
              "err": {
                "message": "CypressError: `cy.request()` failed on:\n\nhttps://demoqa.com/BookStore/v1/Book?ISBN=9781449331818\n\nThe response we received from your web server was:\n\n  > 502: Bad Gateway\n\nThis was considered a failure because the status code was not `2xx` or `3xx`.\n\nIf you do not want status codes to cause failures pass the option: `failOnStatusCode: false`\n\n-----------------------------------------------------------\n\nThe request we sent was:\n\nMethod: GET\nURL: https://demoqa.com/BookStore/v1/Book?ISBN=9781449331818\nHeaders: {\n  \"Connection\": \"keep-alive\",\n  \"user-agent\": \"Mozilla/5.0 (X11; Linux x86_64) AppleWebKit/537.36 (KHTML, like Gecko) HeadlessChrome/125.0.0.0 Safari/537.36\",\n  \"accept\": \"*/*\",\n  \"accept-encoding\": \"gzip, deflate\"\n}\n\n-----------------------------------------------------------\n\nThe response we got was:\n\nStatus: 502 - Bad Gateway\nHeaders: {\n  \"server\": \"nginx/1.17.10 (Ubuntu)\",\n  \"date\": \"Wed, 05 Jun 2024 18:23:44 GMT\",\n  \"content-type\": \"text/html\",\n  \"content-length\": \"569\",\n  \"connection\": \"keep-alive\"\n}\nBody: <html>\r\n<head><title>502 Bad Gateway</title></head>\r\n<body>\r\n<center><h1>502 Bad Gateway</h1></center>\r\n<hr><center>nginx/1.17.10 (Ubuntu)</center>\r\n</body>\r\n</html>\r\n<!-- a padding to disable MSIE and Chrome friendly error page -->\r\n<!-- a padding to disable MSIE and Chrome friendly error page -->\r\n<!-- a padding to disable MSIE and Chrome friendly error page -->\r\n<!-- a padding to disable MSIE and Chrome friendly error page -->\r\n<!-- a padding to disable MSIE and Chrome friendly error page -->\r\n<!-- a padding to disable MSIE and Chrome friendly error page -->\r\n\nhttps://on.cypress.io/request",
                "estack": "CypressError: `cy.request()` failed on:\n\nhttps://demoqa.com/BookStore/v1/Book?ISBN=9781449331818\n\nThe response we received from your web server was:\n\n  > 502: Bad Gateway\n\nThis was considered a failure because the status code was not `2xx` or `3xx`.\n\nIf you do not want status codes to cause failures pass the option: `failOnStatusCode: false`\n\n-----------------------------------------------------------\n\nThe request we sent was:\n\nMethod: GET\nURL: https://demoqa.com/BookStore/v1/Book?ISBN=9781449331818\nHeaders: {\n  \"Connection\": \"keep-alive\",\n  \"user-agent\": \"Mozilla/5.0 (X11; Linux x86_64) AppleWebKit/537.36 (KHTML, like Gecko) HeadlessChrome/125.0.0.0 Safari/537.36\",\n  \"accept\": \"*/*\",\n  \"accept-encoding\": \"gzip, deflate\"\n}\n\n-----------------------------------------------------------\n\nThe response we got was:\n\nStatus: 502 - Bad Gateway\nHeaders: {\n  \"server\": \"nginx/1.17.10 (Ubuntu)\",\n  \"date\": \"Wed, 05 Jun 2024 18:23:44 GMT\",\n  \"content-type\": \"text/html\",\n  \"content-length\": \"569\",\n  \"connection\": \"keep-alive\"\n}\nBody: <html>\r\n<head><title>502 Bad Gateway</title></head>\r\n<body>\r\n<center><h1>502 Bad Gateway</h1></center>\r\n<hr><center>nginx/1.17.10 (Ubuntu)</center>\r\n</body>\r\n</html>\r\n<!-- a padding to disable MSIE and Chrome friendly error page -->\r\n<!-- a padding to disable MSIE and Chrome friendly error page -->\r\n<!-- a padding to disable MSIE and Chrome friendly error page -->\r\n<!-- a padding to disable MSIE and Chrome friendly error page -->\r\n<!-- a padding to disable MSIE and Chrome friendly error page -->\r\n<!-- a padding to disable MSIE and Chrome friendly error page -->\r\n\nhttps://on.cypress.io/request\n    at <unknown> (https://demoqa.com/__cypress/runner/cypress_runner.js:133013:72)\n    at tryCatcher (https://demoqa.com/__cypress/runner/cypress_runner.js:1807:23)\n    at Promise._settlePromiseFromHandler (https://demoqa.com/__cypress/runner/cypress_runner.js:1519:31)\n    at Promise._settlePromise (https://demoqa.com/__cypress/runner/cypress_runner.js:1576:18)\n    at Promise._settlePromise0 (https://demoqa.com/__cypress/runner/cypress_runner.js:1621:10)\n    at Promise._settlePromises (https://demoqa.com/__cypress/runner/cypress_runner.js:1701:18)\n    at _drainQueueStep (https://demoqa.com/__cypress/runner/cypress_runner.js:2407:12)\n    at _drainQueue (https://demoqa.com/__cypress/runner/cypress_runner.js:2400:9)\n    at Async._drainQueues (https://demoqa.com/__cypress/runner/cypress_runner.js:2416:5)\n    at Async.drainQueues (https://demoqa.com/__cypress/runner/cypress_runner.js:2286:14)\nFrom Your Spec Code:\n    at ee (https://demoqa.com/__cypress/tests?p=cypress/support/e2e.js:40763:92)\n    at Context.eval (https://demoqa.com/__cypress/tests?p=cypress/support/e2e.js:40769:87)",
                "diff": null
              },
              "uuid": "b0ee0da0-f363-453c-b4c5-da4993f9d9ca",
              "parentUUID": "1e3ad1a8-c9f4-4a29-97de-9148b551c251",
              "isHook": false,
              "skipped": false
            },
            {
              "title": "PUT - book user",
              "fullTitle": "Account API PUT - book user",
              "timedOut": null,
              "duration": 187,
              "state": "failed",
              "speed": null,
              "pass": false,
              "fail": true,
              "pending": false,
              "context": null,
              "code": "cy.request({\n  method: \"PUT\",\n  url: `/BookStore/v1/Books/${book}`,\n  auth: {\n    user: userName,\n    pass: userPass\n  },\n  body: {\n    userId: userID,\n    isbn: book2\n  }\n}).then((response) => {\n  expect(response.status).is.eq(200);\n  const validate = ajv.compile(schemaUser);\n  const valid = validate(response.body);\n  expect(valid, \"schema valid?\").to.be.true;\n});",
              "err": {
                "message": "CypressError: `cy.request()` failed on:\n\nhttps://demoqa.com/BookStore/v1/Books/9781449325862\n\nThe response we received from your web server was:\n\n  > 502: Bad Gateway\n\nThis was considered a failure because the status code was not `2xx` or `3xx`.\n\nIf you do not want status codes to cause failures pass the option: `failOnStatusCode: false`\n\n-----------------------------------------------------------\n\nThe request we sent was:\n\nMethod: PUT\nURL: https://demoqa.com/BookStore/v1/Books/9781449325862\nHeaders: {\n  \"Connection\": \"keep-alive\",\n  \"user-agent\": \"Mozilla/5.0 (X11; Linux x86_64) AppleWebKit/537.36 (KHTML, like Gecko) HeadlessChrome/125.0.0.0 Safari/537.36\",\n  \"accept\": \"*/*\",\n  \"authorization\": \"Basic ZGFuaWVsZmFyaWFzNzpBejI1Mjg4MzEwNDBA\",\n  \"accept-encoding\": \"gzip, deflate\",\n  \"content-type\": \"application/json\",\n  \"content-length\": 24\n}\nBody: {\"isbn\":\"9781449331818\"}\n\n-----------------------------------------------------------\n\nThe response we got was:\n\nStatus: 502 - Bad Gateway\nHeaders: {\n  \"server\": \"nginx/1.17.10 (Ubuntu)\",\n  \"date\": \"Wed, 05 Jun 2024 18:23:44 GMT\",\n  \"content-type\": \"text/html\",\n  \"content-length\": \"569\",\n  \"connection\": \"keep-alive\"\n}\nBody: <html>\r\n<head><title>502 Bad Gateway</title></head>\r\n<body>\r\n<center><h1>502 Bad Gateway</h1></center>\r\n<hr><center>nginx/1.17.10 (Ubuntu)</center>\r\n</body>\r\n</html>\r\n<!-- a padding to disable MSIE and Chrome friendly error page -->\r\n<!-- a padding to disable MSIE and Chrome friendly error page -->\r\n<!-- a padding to disable MSIE and Chrome friendly error page -->\r\n<!-- a padding to disable MSIE and Chrome friendly error page -->\r\n<!-- a padding to disable MSIE and Chrome friendly error page -->\r\n<!-- a padding to disable MSIE and Chrome friendly error page -->\r\n\nhttps://on.cypress.io/request",
                "estack": "CypressError: `cy.request()` failed on:\n\nhttps://demoqa.com/BookStore/v1/Books/9781449325862\n\nThe response we received from your web server was:\n\n  > 502: Bad Gateway\n\nThis was considered a failure because the status code was not `2xx` or `3xx`.\n\nIf you do not want status codes to cause failures pass the option: `failOnStatusCode: false`\n\n-----------------------------------------------------------\n\nThe request we sent was:\n\nMethod: PUT\nURL: https://demoqa.com/BookStore/v1/Books/9781449325862\nHeaders: {\n  \"Connection\": \"keep-alive\",\n  \"user-agent\": \"Mozilla/5.0 (X11; Linux x86_64) AppleWebKit/537.36 (KHTML, like Gecko) HeadlessChrome/125.0.0.0 Safari/537.36\",\n  \"accept\": \"*/*\",\n  \"authorization\": \"Basic ZGFuaWVsZmFyaWFzNzpBejI1Mjg4MzEwNDBA\",\n  \"accept-encoding\": \"gzip, deflate\",\n  \"content-type\": \"application/json\",\n  \"content-length\": 24\n}\nBody: {\"isbn\":\"9781449331818\"}\n\n-----------------------------------------------------------\n\nThe response we got was:\n\nStatus: 502 - Bad Gateway\nHeaders: {\n  \"server\": \"nginx/1.17.10 (Ubuntu)\",\n  \"date\": \"Wed, 05 Jun 2024 18:23:44 GMT\",\n  \"content-type\": \"text/html\",\n  \"content-length\": \"569\",\n  \"connection\": \"keep-alive\"\n}\nBody: <html>\r\n<head><title>502 Bad Gateway</title></head>\r\n<body>\r\n<center><h1>502 Bad Gateway</h1></center>\r\n<hr><center>nginx/1.17.10 (Ubuntu)</center>\r\n</body>\r\n</html>\r\n<!-- a padding to disable MSIE and Chrome friendly error page -->\r\n<!-- a padding to disable MSIE and Chrome friendly error page -->\r\n<!-- a padding to disable MSIE and Chrome friendly error page -->\r\n<!-- a padding to disable MSIE and Chrome friendly error page -->\r\n<!-- a padding to disable MSIE and Chrome friendly error page -->\r\n<!-- a padding to disable MSIE and Chrome friendly error page -->\r\n\nhttps://on.cypress.io/request\n    at <unknown> (https://demoqa.com/__cypress/runner/cypress_runner.js:133013:72)\n    at tryCatcher (https://demoqa.com/__cypress/runner/cypress_runner.js:1807:23)\n    at Promise._settlePromiseFromHandler (https://demoqa.com/__cypress/runner/cypress_runner.js:1519:31)\n    at Promise._settlePromise (https://demoqa.com/__cypress/runner/cypress_runner.js:1576:18)\n    at Promise._settlePromise0 (https://demoqa.com/__cypress/runner/cypress_runner.js:1621:10)\n    at Promise._settlePromises (https://demoqa.com/__cypress/runner/cypress_runner.js:1701:18)\n    at _drainQueueStep (https://demoqa.com/__cypress/runner/cypress_runner.js:2407:12)\n    at _drainQueue (https://demoqa.com/__cypress/runner/cypress_runner.js:2400:9)\n    at Async._drainQueues (https://demoqa.com/__cypress/runner/cypress_runner.js:2416:5)\n    at Async.drainQueues (https://demoqa.com/__cypress/runner/cypress_runner.js:2286:14)\nFrom Your Spec Code:\n    at ee (https://demoqa.com/__cypress/tests?p=cypress/support/e2e.js:40763:92)\n    at Context.eval (https://demoqa.com/__cypress/tests?p=cypress/support/e2e.js:40769:87)",
                "diff": null
              },
              "uuid": "b1032f06-e731-4272-bd1d-fd7dea8e0887",
              "parentUUID": "1e3ad1a8-c9f4-4a29-97de-9148b551c251",
              "isHook": false,
              "skipped": false
            },
            {
              "title": "DELETE - book",
              "fullTitle": "Account API DELETE - book",
              "timedOut": null,
              "duration": 196,
              "state": "failed",
              "speed": null,
              "pass": false,
              "fail": true,
              "pending": false,
              "context": null,
              "code": "cy.request({\n  method: \"DELETE\",\n  url: \"/BookStore/v1/Book\",\n  auth: {\n    user: userName,\n    pass: userPass\n  },\n  body: {\n    userId: userID,\n    isbn: book2\n  }\n}).then((response) => {\n  expect(response.status).to.have.eq(204);\n});",
              "err": {
                "message": "CypressError: `cy.request()` failed on:\n\nhttps://demoqa.com/BookStore/v1/Book\n\nThe response we received from your web server was:\n\n  > 502: Bad Gateway\n\nThis was considered a failure because the status code was not `2xx` or `3xx`.\n\nIf you do not want status codes to cause failures pass the option: `failOnStatusCode: false`\n\n-----------------------------------------------------------\n\nThe request we sent was:\n\nMethod: DELETE\nURL: https://demoqa.com/BookStore/v1/Book\nHeaders: {\n  \"Connection\": \"keep-alive\",\n  \"user-agent\": \"Mozilla/5.0 (X11; Linux x86_64) AppleWebKit/537.36 (KHTML, like Gecko) HeadlessChrome/125.0.0.0 Safari/537.36\",\n  \"accept\": \"*/*\",\n  \"authorization\": \"Basic ZGFuaWVsZmFyaWFzNzpBejI1Mjg4MzEwNDBA\",\n  \"accept-encoding\": \"gzip, deflate\",\n  \"content-type\": \"application/json\",\n  \"content-length\": 24\n}\nBody: {\"isbn\":\"9781449331818\"}\n\n-----------------------------------------------------------\n\nThe response we got was:\n\nStatus: 502 - Bad Gateway\nHeaders: {\n  \"server\": \"nginx/1.17.10 (Ubuntu)\",\n  \"date\": \"Wed, 05 Jun 2024 18:23:45 GMT\",\n  \"content-type\": \"text/html\",\n  \"content-length\": \"569\",\n  \"connection\": \"keep-alive\"\n}\nBody: <html>\r\n<head><title>502 Bad Gateway</title></head>\r\n<body>\r\n<center><h1>502 Bad Gateway</h1></center>\r\n<hr><center>nginx/1.17.10 (Ubuntu)</center>\r\n</body>\r\n</html>\r\n<!-- a padding to disable MSIE and Chrome friendly error page -->\r\n<!-- a padding to disable MSIE and Chrome friendly error page -->\r\n<!-- a padding to disable MSIE and Chrome friendly error page -->\r\n<!-- a padding to disable MSIE and Chrome friendly error page -->\r\n<!-- a padding to disable MSIE and Chrome friendly error page -->\r\n<!-- a padding to disable MSIE and Chrome friendly error page -->\r\n\nhttps://on.cypress.io/request",
                "estack": "CypressError: `cy.request()` failed on:\n\nhttps://demoqa.com/BookStore/v1/Book\n\nThe response we received from your web server was:\n\n  > 502: Bad Gateway\n\nThis was considered a failure because the status code was not `2xx` or `3xx`.\n\nIf you do not want status codes to cause failures pass the option: `failOnStatusCode: false`\n\n-----------------------------------------------------------\n\nThe request we sent was:\n\nMethod: DELETE\nURL: https://demoqa.com/BookStore/v1/Book\nHeaders: {\n  \"Connection\": \"keep-alive\",\n  \"user-agent\": \"Mozilla/5.0 (X11; Linux x86_64) AppleWebKit/537.36 (KHTML, like Gecko) HeadlessChrome/125.0.0.0 Safari/537.36\",\n  \"accept\": \"*/*\",\n  \"authorization\": \"Basic ZGFuaWVsZmFyaWFzNzpBejI1Mjg4MzEwNDBA\",\n  \"accept-encoding\": \"gzip, deflate\",\n  \"content-type\": \"application/json\",\n  \"content-length\": 24\n}\nBody: {\"isbn\":\"9781449331818\"}\n\n-----------------------------------------------------------\n\nThe response we got was:\n\nStatus: 502 - Bad Gateway\nHeaders: {\n  \"server\": \"nginx/1.17.10 (Ubuntu)\",\n  \"date\": \"Wed, 05 Jun 2024 18:23:45 GMT\",\n  \"content-type\": \"text/html\",\n  \"content-length\": \"569\",\n  \"connection\": \"keep-alive\"\n}\nBody: <html>\r\n<head><title>502 Bad Gateway</title></head>\r\n<body>\r\n<center><h1>502 Bad Gateway</h1></center>\r\n<hr><center>nginx/1.17.10 (Ubuntu)</center>\r\n</body>\r\n</html>\r\n<!-- a padding to disable MSIE and Chrome friendly error page -->\r\n<!-- a padding to disable MSIE and Chrome friendly error page -->\r\n<!-- a padding to disable MSIE and Chrome friendly error page -->\r\n<!-- a padding to disable MSIE and Chrome friendly error page -->\r\n<!-- a padding to disable MSIE and Chrome friendly error page -->\r\n<!-- a padding to disable MSIE and Chrome friendly error page -->\r\n\nhttps://on.cypress.io/request\n    at <unknown> (https://demoqa.com/__cypress/runner/cypress_runner.js:133013:72)\n    at tryCatcher (https://demoqa.com/__cypress/runner/cypress_runner.js:1807:23)\n    at Promise._settlePromiseFromHandler (https://demoqa.com/__cypress/runner/cypress_runner.js:1519:31)\n    at Promise._settlePromise (https://demoqa.com/__cypress/runner/cypress_runner.js:1576:18)\n    at Promise._settlePromise0 (https://demoqa.com/__cypress/runner/cypress_runner.js:1621:10)\n    at Promise._settlePromises (https://demoqa.com/__cypress/runner/cypress_runner.js:1701:18)\n    at _drainQueueStep (https://demoqa.com/__cypress/runner/cypress_runner.js:2407:12)\n    at _drainQueue (https://demoqa.com/__cypress/runner/cypress_runner.js:2400:9)\n    at Async._drainQueues (https://demoqa.com/__cypress/runner/cypress_runner.js:2416:5)\n    at Async.drainQueues (https://demoqa.com/__cypress/runner/cypress_runner.js:2286:14)\nFrom Your Spec Code:\n    at ee (https://demoqa.com/__cypress/tests?p=cypress/support/e2e.js:40763:92)\n    at Context.eval (https://demoqa.com/__cypress/tests?p=cypress/support/e2e.js:40769:87)",
                "diff": null
              },
              "uuid": "d26301a5-8a9c-4b4a-8dc0-fc70bac2435a",
              "parentUUID": "1e3ad1a8-c9f4-4a29-97de-9148b551c251",
              "isHook": false,
              "skipped": false
            },
            {
              "title": "DELETE - books",
              "fullTitle": "Account API DELETE - books",
              "timedOut": null,
              "duration": 190,
              "state": "failed",
              "speed": null,
              "pass": false,
              "fail": true,
              "pending": false,
              "context": null,
              "code": "cy.request({\n  method: \"DELETE\",\n  url: \"/BookStore/v1/Books\",\n  qs: {\n    UserId: userID\n  },\n  auth: {\n    user: userName,\n    pass: userPass\n  }\n}).then((response) => {\n  expect(response.status).to.have.eq(204);\n});",
              "err": {
                "message": "CypressError: `cy.request()` failed on:\n\nhttps://demoqa.com/BookStore/v1/Books?UserId=\n\nThe response we received from your web server was:\n\n  > 502: Bad Gateway\n\nThis was considered a failure because the status code was not `2xx` or `3xx`.\n\nIf you do not want status codes to cause failures pass the option: `failOnStatusCode: false`\n\n-----------------------------------------------------------\n\nThe request we sent was:\n\nMethod: DELETE\nURL: https://demoqa.com/BookStore/v1/Books?UserId=\nHeaders: {\n  \"Connection\": \"keep-alive\",\n  \"user-agent\": \"Mozilla/5.0 (X11; Linux x86_64) AppleWebKit/537.36 (KHTML, like Gecko) HeadlessChrome/125.0.0.0 Safari/537.36\",\n  \"accept\": \"*/*\",\n  \"authorization\": \"Basic ZGFuaWVsZmFyaWFzNzpBejI1Mjg4MzEwNDBA\",\n  \"accept-encoding\": \"gzip, deflate\",\n  \"content-length\": 0\n}\n\n-----------------------------------------------------------\n\nThe response we got was:\n\nStatus: 502 - Bad Gateway\nHeaders: {\n  \"server\": \"nginx/1.17.10 (Ubuntu)\",\n  \"date\": \"Wed, 05 Jun 2024 18:23:46 GMT\",\n  \"content-type\": \"text/html\",\n  \"content-length\": \"569\",\n  \"connection\": \"keep-alive\"\n}\nBody: <html>\r\n<head><title>502 Bad Gateway</title></head>\r\n<body>\r\n<center><h1>502 Bad Gateway</h1></center>\r\n<hr><center>nginx/1.17.10 (Ubuntu)</center>\r\n</body>\r\n</html>\r\n<!-- a padding to disable MSIE and Chrome friendly error page -->\r\n<!-- a padding to disable MSIE and Chrome friendly error page -->\r\n<!-- a padding to disable MSIE and Chrome friendly error page -->\r\n<!-- a padding to disable MSIE and Chrome friendly error page -->\r\n<!-- a padding to disable MSIE and Chrome friendly error page -->\r\n<!-- a padding to disable MSIE and Chrome friendly error page -->\r\n\nhttps://on.cypress.io/request",
                "estack": "CypressError: `cy.request()` failed on:\n\nhttps://demoqa.com/BookStore/v1/Books?UserId=\n\nThe response we received from your web server was:\n\n  > 502: Bad Gateway\n\nThis was considered a failure because the status code was not `2xx` or `3xx`.\n\nIf you do not want status codes to cause failures pass the option: `failOnStatusCode: false`\n\n-----------------------------------------------------------\n\nThe request we sent was:\n\nMethod: DELETE\nURL: https://demoqa.com/BookStore/v1/Books?UserId=\nHeaders: {\n  \"Connection\": \"keep-alive\",\n  \"user-agent\": \"Mozilla/5.0 (X11; Linux x86_64) AppleWebKit/537.36 (KHTML, like Gecko) HeadlessChrome/125.0.0.0 Safari/537.36\",\n  \"accept\": \"*/*\",\n  \"authorization\": \"Basic ZGFuaWVsZmFyaWFzNzpBejI1Mjg4MzEwNDBA\",\n  \"accept-encoding\": \"gzip, deflate\",\n  \"content-length\": 0\n}\n\n-----------------------------------------------------------\n\nThe response we got was:\n\nStatus: 502 - Bad Gateway\nHeaders: {\n  \"server\": \"nginx/1.17.10 (Ubuntu)\",\n  \"date\": \"Wed, 05 Jun 2024 18:23:46 GMT\",\n  \"content-type\": \"text/html\",\n  \"content-length\": \"569\",\n  \"connection\": \"keep-alive\"\n}\nBody: <html>\r\n<head><title>502 Bad Gateway</title></head>\r\n<body>\r\n<center><h1>502 Bad Gateway</h1></center>\r\n<hr><center>nginx/1.17.10 (Ubuntu)</center>\r\n</body>\r\n</html>\r\n<!-- a padding to disable MSIE and Chrome friendly error page -->\r\n<!-- a padding to disable MSIE and Chrome friendly error page -->\r\n<!-- a padding to disable MSIE and Chrome friendly error page -->\r\n<!-- a padding to disable MSIE and Chrome friendly error page -->\r\n<!-- a padding to disable MSIE and Chrome friendly error page -->\r\n<!-- a padding to disable MSIE and Chrome friendly error page -->\r\n\nhttps://on.cypress.io/request\n    at <unknown> (https://demoqa.com/__cypress/runner/cypress_runner.js:133013:72)\n    at tryCatcher (https://demoqa.com/__cypress/runner/cypress_runner.js:1807:23)\n    at Promise._settlePromiseFromHandler (https://demoqa.com/__cypress/runner/cypress_runner.js:1519:31)\n    at Promise._settlePromise (https://demoqa.com/__cypress/runner/cypress_runner.js:1576:18)\n    at Promise._settlePromise0 (https://demoqa.com/__cypress/runner/cypress_runner.js:1621:10)\n    at Promise._settlePromises (https://demoqa.com/__cypress/runner/cypress_runner.js:1701:18)\n    at _drainQueueStep (https://demoqa.com/__cypress/runner/cypress_runner.js:2407:12)\n    at _drainQueue (https://demoqa.com/__cypress/runner/cypress_runner.js:2400:9)\n    at Async._drainQueues (https://demoqa.com/__cypress/runner/cypress_runner.js:2416:5)\n    at Async.drainQueues (https://demoqa.com/__cypress/runner/cypress_runner.js:2286:14)\nFrom Your Spec Code:\n    at ee (https://demoqa.com/__cypress/tests?p=cypress/support/e2e.js:40763:92)\n    at Context.eval (https://demoqa.com/__cypress/tests?p=cypress/support/e2e.js:40769:87)",
                "diff": null
              },
              "uuid": "c7cc0653-6ecb-4e04-9842-92cba2a22206",
              "parentUUID": "1e3ad1a8-c9f4-4a29-97de-9148b551c251",
              "isHook": false,
              "skipped": false
            },
            {
              "title": "DELETE - User",
              "fullTitle": "Account API DELETE - User",
              "timedOut": null,
              "duration": 188,
              "state": "failed",
              "speed": null,
              "pass": false,
              "fail": true,
              "pending": false,
              "context": null,
              "code": "cy.request({\n  method: \"DELETE\",\n  url: `/Account/v1/User/${userID}`,\n  headers: {\n    \"Authorization\": `Bearer ${token}`,\n    \"Content-Type\": \"application/json\"\n  }\n}).then((response) => {\n  expect(response.status).to.have.eq(204);\n});",
              "err": {
                "message": "CypressError: `cy.request()` failed on:\n\nhttps://demoqa.com/Account/v1/User/undefined\n\nThe response we received from your web server was:\n\n  > 502: Bad Gateway\n\nThis was considered a failure because the status code was not `2xx` or `3xx`.\n\nIf you do not want status codes to cause failures pass the option: `failOnStatusCode: false`\n\n-----------------------------------------------------------\n\nThe request we sent was:\n\nMethod: DELETE\nURL: https://demoqa.com/Account/v1/User/undefined\nHeaders: {\n  \"Connection\": \"keep-alive\",\n  \"Authorization\": \"Bearer eyJhbGciOiJIUzI1NiIsInR5cCI6IkpXVCJ9.eyJ1c2VyTmFtZSI6ImRhbmllbGZhcmlhczciLCJwYXNzd29yZCI6IkF6MjUyODgzMTA0MEAiLCJpYXQiOjE3MTc2MTE4MjB9.dUytQum7x0ky3t1sOG_l49ZwlT58LwCDhZ7bLq1yaKY\",\n  \"Content-Type\": \"application/json\",\n  \"user-agent\": \"Mozilla/5.0 (X11; Linux x86_64) AppleWebKit/537.36 (KHTML, like Gecko) HeadlessChrome/125.0.0.0 Safari/537.36\",\n  \"accept\": \"*/*\",\n  \"accept-encoding\": \"gzip, deflate\",\n  \"content-length\": 0\n}\n\n-----------------------------------------------------------\n\nThe response we got was:\n\nStatus: 502 - Bad Gateway\nHeaders: {\n  \"server\": \"nginx/1.17.10 (Ubuntu)\",\n  \"date\": \"Wed, 05 Jun 2024 18:23:46 GMT\",\n  \"content-type\": \"text/html\",\n  \"content-length\": \"569\",\n  \"connection\": \"keep-alive\"\n}\nBody: <html>\r\n<head><title>502 Bad Gateway</title></head>\r\n<body>\r\n<center><h1>502 Bad Gateway</h1></center>\r\n<hr><center>nginx/1.17.10 (Ubuntu)</center>\r\n</body>\r\n</html>\r\n<!-- a padding to disable MSIE and Chrome friendly error page -->\r\n<!-- a padding to disable MSIE and Chrome friendly error page -->\r\n<!-- a padding to disable MSIE and Chrome friendly error page -->\r\n<!-- a padding to disable MSIE and Chrome friendly error page -->\r\n<!-- a padding to disable MSIE and Chrome friendly error page -->\r\n<!-- a padding to disable MSIE and Chrome friendly error page -->\r\n\nhttps://on.cypress.io/request",
                "estack": "CypressError: `cy.request()` failed on:\n\nhttps://demoqa.com/Account/v1/User/undefined\n\nThe response we received from your web server was:\n\n  > 502: Bad Gateway\n\nThis was considered a failure because the status code was not `2xx` or `3xx`.\n\nIf you do not want status codes to cause failures pass the option: `failOnStatusCode: false`\n\n-----------------------------------------------------------\n\nThe request we sent was:\n\nMethod: DELETE\nURL: https://demoqa.com/Account/v1/User/undefined\nHeaders: {\n  \"Connection\": \"keep-alive\",\n  \"Authorization\": \"Bearer eyJhbGciOiJIUzI1NiIsInR5cCI6IkpXVCJ9.eyJ1c2VyTmFtZSI6ImRhbmllbGZhcmlhczciLCJwYXNzd29yZCI6IkF6MjUyODgzMTA0MEAiLCJpYXQiOjE3MTc2MTE4MjB9.dUytQum7x0ky3t1sOG_l49ZwlT58LwCDhZ7bLq1yaKY\",\n  \"Content-Type\": \"application/json\",\n  \"user-agent\": \"Mozilla/5.0 (X11; Linux x86_64) AppleWebKit/537.36 (KHTML, like Gecko) HeadlessChrome/125.0.0.0 Safari/537.36\",\n  \"accept\": \"*/*\",\n  \"accept-encoding\": \"gzip, deflate\",\n  \"content-length\": 0\n}\n\n-----------------------------------------------------------\n\nThe response we got was:\n\nStatus: 502 - Bad Gateway\nHeaders: {\n  \"server\": \"nginx/1.17.10 (Ubuntu)\",\n  \"date\": \"Wed, 05 Jun 2024 18:23:46 GMT\",\n  \"content-type\": \"text/html\",\n  \"content-length\": \"569\",\n  \"connection\": \"keep-alive\"\n}\nBody: <html>\r\n<head><title>502 Bad Gateway</title></head>\r\n<body>\r\n<center><h1>502 Bad Gateway</h1></center>\r\n<hr><center>nginx/1.17.10 (Ubuntu)</center>\r\n</body>\r\n</html>\r\n<!-- a padding to disable MSIE and Chrome friendly error page -->\r\n<!-- a padding to disable MSIE and Chrome friendly error page -->\r\n<!-- a padding to disable MSIE and Chrome friendly error page -->\r\n<!-- a padding to disable MSIE and Chrome friendly error page -->\r\n<!-- a padding to disable MSIE and Chrome friendly error page -->\r\n<!-- a padding to disable MSIE and Chrome friendly error page -->\r\n\nhttps://on.cypress.io/request\n    at <unknown> (https://demoqa.com/__cypress/runner/cypress_runner.js:133013:72)\n    at tryCatcher (https://demoqa.com/__cypress/runner/cypress_runner.js:1807:23)\n    at Promise._settlePromiseFromHandler (https://demoqa.com/__cypress/runner/cypress_runner.js:1519:31)\n    at Promise._settlePromise (https://demoqa.com/__cypress/runner/cypress_runner.js:1576:18)\n    at Promise._settlePromise0 (https://demoqa.com/__cypress/runner/cypress_runner.js:1621:10)\n    at Promise._settlePromises (https://demoqa.com/__cypress/runner/cypress_runner.js:1701:18)\n    at _drainQueueStep (https://demoqa.com/__cypress/runner/cypress_runner.js:2407:12)\n    at _drainQueue (https://demoqa.com/__cypress/runner/cypress_runner.js:2400:9)\n    at Async._drainQueues (https://demoqa.com/__cypress/runner/cypress_runner.js:2416:5)\n    at Async.drainQueues (https://demoqa.com/__cypress/runner/cypress_runner.js:2286:14)\nFrom Your Spec Code:\n    at ee (https://demoqa.com/__cypress/tests?p=cypress/support/e2e.js:40763:92)\n    at Context.eval (https://demoqa.com/__cypress/tests?p=cypress/support/e2e.js:40769:87)",
                "diff": null
              },
              "uuid": "77b465bc-21df-436b-9469-5b6d864500ed",
              "parentUUID": "1e3ad1a8-c9f4-4a29-97de-9148b551c251",
              "isHook": false,
              "skipped": false
            }
          ],
          "suites": [],
          "passes": [
            "3cfcf230-2651-4cdd-9c0a-4a9f3c1fb707",
            "82843514-b505-4bbd-871c-d06e692e6f08",
            "1680bf1d-9c88-4e4b-9b5f-b13aaf88325e"
          ],
          "failures": [
            "3fb11a6e-ebde-4392-aa4d-d017c693dd32",
            "66c2b4fc-dcd7-45fb-af14-2f6a610c1bbd",
            "6526d687-e2df-4b0b-bf2e-23f3b50ed655",
            "b0ee0da0-f363-453c-b4c5-da4993f9d9ca",
            "b1032f06-e731-4272-bd1d-fd7dea8e0887",
            "d26301a5-8a9c-4b4a-8dc0-fc70bac2435a",
            "c7cc0653-6ecb-4e04-9842-92cba2a22206",
            "77b465bc-21df-436b-9469-5b6d864500ed"
          ],
          "pending": [],
          "skipped": [],
          "duration": 3046,
          "root": false,
          "rootEmpty": false,
          "_timeout": 2000
        }
      ],
      "passes": [],
      "failures": [],
      "pending": [],
      "skipped": [],
      "duration": 0,
      "root": true,
      "rootEmpty": true,
      "_timeout": 2000
    }
  ],
  "meta": {
    "mocha": {
      "version": "7.0.1"
    },
    "mochawesome": {
      "options": {
        "quiet": false,
        "reportFilename": "mochawesome",
        "saveHtml": false,
        "saveJson": true,
        "consoleReporter": "spec",
        "useInlineDiffs": false,
        "code": true
      },
      "version": "7.1.3"
    },
    "marge": {
      "options": {
        "charts": true,
        "reportPageTitle": "demoQA",
        "overwrite": false,
        "html": false,
        "json": true,
        "reportDir": "cypress/reports/html/.jsons"
      },
      "version": "6.2.0"
    }
  }
}