{
  "stats": {
    "suites": 1,
    "tests": 11,
    "passes": 11,
    "pending": 0,
    "failures": 0,
    "start": "2024-01-15T01:18:05.496Z",
    "end": "2024-01-15T01:18:08.766Z",
    "duration": 3270,
    "testsRegistered": 11,
    "passPercent": 100,
    "pendingPercent": 0,
    "other": 0,
    "hasOther": false,
    "skipped": 0,
    "hasSkipped": false
  },
  "results": [
    {
      "uuid": "5798f423-62c0-4ebf-ae1c-448c9911caa7",
      "title": "",
      "fullFile": "cypress/e2e/API-Book-Store/bookStore.cy.js",
      "file": "cypress/e2e/API-Book-Store/bookStore.cy.js",
      "beforeHooks": [],
      "afterHooks": [],
      "tests": [],
      "suites": [
        {
          "uuid": "5ce389a3-da63-4ed2-b8f2-84ec6db28d3b",
          "title": "Account API",
          "fullFile": "",
          "file": "",
          "beforeHooks": [],
          "afterHooks": [],
          "tests": [
            {
              "title": "Post - Create user",
              "fullTitle": "Account API Post - Create user",
              "timedOut": null,
              "duration": 836,
              "state": "passed",
              "speed": "fast",
              "pass": true,
              "fail": false,
              "pending": false,
              "context": null,
              "code": "cy.request({\n  method: \"POST\",\n  url: \"/Account/v1/User\",\n  body: {\n    userName,\n    password: userPass\n  }\n}).then((response) => {\n  expect(response.status).is.eq(201);\n  const validate = ajv.compile(schema);\n  const valid = validate(response.body);\n  expect(valid, \"schema valid?\").to.be.true;\n  userID = response.body.userID;\n});",
              "err": {},
              "uuid": "89a58166-ffe5-44e4-8196-e43bc216eb0b",
              "parentUUID": "5ce389a3-da63-4ed2-b8f2-84ec6db28d3b",
              "isHook": false,
              "skipped": false
            },
            {
              "title": "Post - Generate Token",
              "fullTitle": "Account API Post - Generate Token",
              "timedOut": null,
              "duration": 391,
              "state": "passed",
              "speed": "fast",
              "pass": true,
              "fail": false,
              "pending": false,
              "context": null,
              "code": "cy.request({\n  method: \"POST\",\n  url: \"/Account/v1/GenerateToken\",\n  body: {\n    userName,\n    password: userPass\n  }\n}).then((response) => {\n  expect(response.status).is.eq(200);\n  const validate = ajv.compile(schemaToken);\n  const valid = validate(response.body);\n  expect(valid, \"schema valid?\").to.be.true;\n  token = response.body.token;\n});",
              "err": {},
              "uuid": "6876bf03-2c89-4b98-b0aa-315ba33bd22c",
              "parentUUID": "5ce389a3-da63-4ed2-b8f2-84ec6db28d3b",
              "isHook": false,
              "skipped": false
            },
            {
              "title": "Post - Authorized",
              "fullTitle": "Account API Post - Authorized",
              "timedOut": null,
              "duration": 183,
              "state": "passed",
              "speed": "fast",
              "pass": true,
              "fail": false,
              "pending": false,
              "context": null,
              "code": "cy.log(token);\ncy.request({\n  method: \"POST\",\n  url: \"/Account/v1/Authorized\",\n  headers: {\n    \"Content-Type\": \"application/json\"\n  },\n  body: {\n    userName,\n    password: userPass\n  }\n}).then((response) => {\n  expect(response.status).is.eq(200);\n  expect(response.body).is.eq(true);\n});",
              "err": {},
              "uuid": "4eb6a350-a7a2-4af5-badd-21887e71ec13",
              "parentUUID": "5ce389a3-da63-4ed2-b8f2-84ec6db28d3b",
              "isHook": false,
              "skipped": false
            },
            {
              "title": "Get - User",
              "fullTitle": "Account API Get - User",
              "timedOut": null,
              "duration": 151,
              "state": "passed",
              "speed": "fast",
              "pass": true,
              "fail": false,
              "pending": false,
              "context": null,
              "code": "cy.request({\n  method: \"GET\",\n  url: `/Account/v1/User/${userID}`,\n  headers: {\n    \"Authorization\": `Bearer ${token}`,\n    \"Content-Type\": \"application/json\"\n  }\n}).then((response) => {\n  expect(response.status).to.have.eq(200);\n  const validate = ajv.compile(schemaUser);\n  const valid = validate(response.body);\n  expect(valid, \"schema valid?\").to.be.true;\n});",
              "err": {},
              "uuid": "0dd6d1ad-97c0-44c9-bee6-2abf999c14fc",
              "parentUUID": "5ce389a3-da63-4ed2-b8f2-84ec6db28d3b",
              "isHook": false,
              "skipped": false
            },
            {
              "title": "Get - Books",
              "fullTitle": "Account API Get - Books",
              "timedOut": null,
              "duration": 114,
              "state": "passed",
              "speed": "fast",
              "pass": true,
              "fail": false,
              "pending": false,
              "context": null,
              "code": "cy.request({\n  method: \"GET\",\n  url: \"/BookStore/v1/Books\"\n}).then((response) => {\n  expect(response.status).to.have.eq(200);\n  const validate = ajv.compile(schemaGBooks);\n  const valid = validate(response.body);\n  expect(valid, \"schema valid?\").to.be.true;\n  book = response.body.books[0].isbn;\n  book2 = response.body.books[1].isbn;\n  book3 = response.body.books[2].isbn;\n});",
              "err": {},
              "uuid": "ebfcdfca-e1e2-4814-9f7c-09933ab42f3c",
              "parentUUID": "5ce389a3-da63-4ed2-b8f2-84ec6db28d3b",
              "isHook": false,
              "skipped": false
            },
            {
              "title": "Post - add books user",
              "fullTitle": "Account API Post - add books user",
              "timedOut": null,
              "duration": 162,
              "state": "passed",
              "speed": "fast",
              "pass": true,
              "fail": false,
              "pending": false,
              "context": null,
              "code": "cy.request({\n  method: \"POST\",\n  url: \"/BookStore/v1/Books\",\n  auth: {\n    user: userName,\n    pass: userPass\n  },\n  body: {\n    userId: userID,\n    collectionOfIsbns: [{ isbn: book }, { isbn: book3 }]\n  }\n}).then((response) => {\n  expect(response.status).is.eq(201);\n  const validate = ajv.compile(schemaBooksUser);\n  const valid = validate(response.body);\n  expect(valid, \"schema valid?\").to.be.true;\n  expect(response.body.books[0].isbn).to.eq(book);\n});",
              "err": {},
              "uuid": "961eebfb-3ad5-4088-9f46-8fcf2c692510",
              "parentUUID": "5ce389a3-da63-4ed2-b8f2-84ec6db28d3b",
              "isHook": false,
              "skipped": false
            },
            {
              "title": "Get - Book",
              "fullTitle": "Account API Get - Book",
              "timedOut": null,
              "duration": 110,
              "state": "passed",
              "speed": "fast",
              "pass": true,
              "fail": false,
              "pending": false,
              "context": null,
              "code": "cy.request({\n  method: \"GET\",\n  url: \"/BookStore/v1/Book\",\n  qs: {\n    ISBN: book2\n  }\n}).then((response) => {\n  expect(response.status).to.have.eq(200);\n  const validate = ajv.compile(schemaBook);\n  const valid = validate(response.body);\n  expect(valid, \"schema valid?\").to.be.true;\n});",
              "err": {},
              "uuid": "3c3088b1-6228-4019-a2c7-77d54fa6e47a",
              "parentUUID": "5ce389a3-da63-4ed2-b8f2-84ec6db28d3b",
              "isHook": false,
              "skipped": false
            },
            {
              "title": "PUT - book user",
              "fullTitle": "Account API PUT - book user",
              "timedOut": null,
              "duration": 264,
              "state": "passed",
              "speed": "fast",
              "pass": true,
              "fail": false,
              "pending": false,
              "context": null,
              "code": "cy.request({\n  method: \"PUT\",\n  url: `/BookStore/v1/Books/${book}`,\n  auth: {\n    user: userName,\n    pass: userPass\n  },\n  body: {\n    userId: userID,\n    isbn: book2\n  }\n}).then((response) => {\n  expect(response.status).is.eq(200);\n  const validate = ajv.compile(schemaUser);\n  const valid = validate(response.body);\n  expect(valid, \"schema valid?\").to.be.true;\n});",
              "err": {},
              "uuid": "8c6faaca-cdd2-499f-87e3-ac70f707a645",
              "parentUUID": "5ce389a3-da63-4ed2-b8f2-84ec6db28d3b",
              "isHook": false,
              "skipped": false
            },
            {
              "title": "DELETE - book",
              "fullTitle": "Account API DELETE - book",
              "timedOut": null,
              "duration": 253,
              "state": "passed",
              "speed": "fast",
              "pass": true,
              "fail": false,
              "pending": false,
              "context": null,
              "code": "cy.request({\n  method: \"DELETE\",\n  url: \"/BookStore/v1/Book\",\n  auth: {\n    user: userName,\n    pass: userPass\n  },\n  body: {\n    userId: userID,\n    isbn: book2\n  }\n}).then((response) => {\n  expect(response.status).to.have.eq(204);\n});",
              "err": {},
              "uuid": "05d44193-7abc-4b63-bfef-38701ea2a28c",
              "parentUUID": "5ce389a3-da63-4ed2-b8f2-84ec6db28d3b",
              "isHook": false,
              "skipped": false
            },
            {
              "title": "DELETE - books",
              "fullTitle": "Account API DELETE - books",
              "timedOut": null,
              "duration": 328,
              "state": "passed",
              "speed": "fast",
              "pass": true,
              "fail": false,
              "pending": false,
              "context": null,
              "code": "cy.request({\n  method: \"DELETE\",\n  url: \"/BookStore/v1/Books\",\n  qs: {\n    UserId: userID\n  },\n  auth: {\n    user: userName,\n    pass: userPass\n  }\n}).then((response) => {\n  expect(response.status).to.have.eq(204);\n});",
              "err": {},
              "uuid": "4a0d7767-ce65-46fd-bffa-7fa6a2bb04cf",
              "parentUUID": "5ce389a3-da63-4ed2-b8f2-84ec6db28d3b",
              "isHook": false,
              "skipped": false
            },
            {
              "title": "DELETE - User",
              "fullTitle": "Account API DELETE - User",
              "timedOut": null,
              "duration": 343,
              "state": "passed",
              "speed": "fast",
              "pass": true,
              "fail": false,
              "pending": false,
              "context": null,
              "code": "cy.request({\n  method: \"DELETE\",\n  url: `/Account/v1/User/${userID}`,\n  headers: {\n    \"Authorization\": `Bearer ${token}`,\n    \"Content-Type\": \"application/json\"\n  }\n}).then((response) => {\n  expect(response.status).to.have.eq(204);\n});",
              "err": {},
              "uuid": "60d420ae-9c17-45c7-ad7d-71714c524a66",
              "parentUUID": "5ce389a3-da63-4ed2-b8f2-84ec6db28d3b",
              "isHook": false,
              "skipped": false
            }
          ],
          "suites": [],
          "passes": [
            "89a58166-ffe5-44e4-8196-e43bc216eb0b",
            "6876bf03-2c89-4b98-b0aa-315ba33bd22c",
            "4eb6a350-a7a2-4af5-badd-21887e71ec13",
            "0dd6d1ad-97c0-44c9-bee6-2abf999c14fc",
            "ebfcdfca-e1e2-4814-9f7c-09933ab42f3c",
            "961eebfb-3ad5-4088-9f46-8fcf2c692510",
            "3c3088b1-6228-4019-a2c7-77d54fa6e47a",
            "8c6faaca-cdd2-499f-87e3-ac70f707a645",
            "05d44193-7abc-4b63-bfef-38701ea2a28c",
            "4a0d7767-ce65-46fd-bffa-7fa6a2bb04cf",
            "60d420ae-9c17-45c7-ad7d-71714c524a66"
          ],
          "failures": [],
          "pending": [],
          "skipped": [],
          "duration": 3135,
          "root": false,
          "rootEmpty": false,
          "_timeout": 2000
        }
      ],
      "passes": [],
      "failures": [],
      "pending": [],
      "skipped": [],
      "duration": 0,
      "root": true,
      "rootEmpty": true,
      "_timeout": 2000
    }
  ],
  "meta": {
    "mocha": {
      "version": "7.0.1"
    },
    "mochawesome": {
      "options": {
        "quiet": false,
        "reportFilename": "mochawesome",
        "saveHtml": false,
        "saveJson": true,
        "consoleReporter": "spec",
        "useInlineDiffs": false,
        "code": true
      },
      "version": "7.1.3"
    },
    "marge": {
      "options": {
        "charts": true,
        "reportPageTitle": "demoQA",
        "overwrite": false,
        "html": false,
        "json": true,
        "reportDir": "cypress/reports/html/.jsons"
      },
      "version": "6.2.0"
    }
  }
}