{
  "stats": {
    "suites": 1,
    "tests": 2,
    "passes": 2,
    "pending": 0,
    "failures": 0,
    "start": "2026-05-24T08:36:58.601Z",
    "end": "2026-05-24T08:37:01.128Z",
    "duration": 2527,
    "testsRegistered": 2,
    "passPercent": 100,
    "pendingPercent": 0,
    "other": 0,
    "hasOther": false,
    "skipped": 0,
    "hasSkipped": false
  },
  "results": [
    {
      "uuid": "ba00d3d9-9a41-4bef-b7a9-edbeeb761681",
      "title": "",
      "fullFile": "cypress/e2e/Alerts -Frame-Windows/modal-dialogs.cy.js",
      "file": "cypress/e2e/Alerts -Frame-Windows/modal-dialogs.cy.js",
      "beforeHooks": [],
      "afterHooks": [],
      "tests": [],
      "suites": [
        {
          "uuid": "2743e82b-1b59-4189-8070-c6a62c8ac980",
          "title": "Modal Dialogs",
          "fullFile": "",
          "file": "",
          "beforeHooks": [],
          "afterHooks": [],
          "tests": [
            {
              "title": "Click on button to see modal (Small modal)",
              "fullTitle": "Modal Dialogs Click on button to see modal (Small modal)",
              "timedOut": null,
              "duration": 1607,
              "state": "passed",
              "speed": "fast",
              "pass": true,
              "fail": false,
              "pending": false,
              "context": null,
              "code": "modalDialogsPage.clickShowSmallModal();\nmodalDialogsPage.returnModalTitle().should(\"have.text\", \"Small Modal\");\nmodalDialogsPage.returnModalBody().should(\"have.text\", \"This is a small modal. It has very less content\");\nmodalDialogsPage.closeSmallModal();",
              "err": {},
              "uuid": "4eb61d79-5c71-4e7d-abf0-24c902ec5d5a",
              "parentUUID": "2743e82b-1b59-4189-8070-c6a62c8ac980",
              "isHook": false,
              "skipped": false
            },
            {
              "title": "Click on button to see modal (large modal)",
              "fullTitle": "Modal Dialogs Click on button to see modal (large modal)",
              "timedOut": null,
              "duration": 819,
              "state": "passed",
              "speed": "fast",
              "pass": true,
              "fail": false,
              "pending": false,
              "context": null,
              "code": "modalDialogsPage.clickShowLargeModal();\nmodalDialogsPage.returnModalLargeTitle().should(\"have.text\", \"Large Modal\");\nmodalDialogsPage.returnModalLargeBody().invoke(\"text\").should(\"include\", \"Lorem\");\nmodalDialogsPage.closeLargeModal();",
              "err": {},
              "uuid": "210d100f-86f9-4875-b92b-e413cec358f0",
              "parentUUID": "2743e82b-1b59-4189-8070-c6a62c8ac980",
              "isHook": false,
              "skipped": false
            }
          ],
          "suites": [],
          "passes": [
            "4eb61d79-5c71-4e7d-abf0-24c902ec5d5a",
            "210d100f-86f9-4875-b92b-e413cec358f0"
          ],
          "failures": [],
          "pending": [],
          "skipped": [],
          "duration": 2426,
          "root": false,
          "rootEmpty": false,
          "_timeout": 2000
        }
      ],
      "passes": [],
      "failures": [],
      "pending": [],
      "skipped": [],
      "duration": 0,
      "root": true,
      "rootEmpty": true,
      "_timeout": 2000
    }
  ],
  "meta": {
    "mocha": {
      "version": "7.0.1"
    },
    "mochawesome": {
      "options": {
        "quiet": false,
        "reportFilename": "mochawesome",
        "saveHtml": false,
        "saveJson": true,
        "consoleReporter": "spec",
        "useInlineDiffs": false,
        "code": true
      },
      "version": "7.1.3"
    },
    "marge": {
      "options": {
        "charts": true,
        "reportPageTitle": "demoQA",
        "overwrite": false,
        "html": false,
        "json": true,
        "reportDir": "cypress/reports/html/.jsons"
      },
      "version": "6.2.0"
    }
  }
}