{
  "stats": {
    "suites": 1,
    "tests": 2,
    "passes": 1,
    "pending": 0,
    "failures": 1,
    "start": "2024-03-15T12:30:04.770Z",
    "end": "2024-03-15T12:30:17.967Z",
    "duration": 13197,
    "testsRegistered": 2,
    "passPercent": 50,
    "pendingPercent": 0,
    "other": 0,
    "hasOther": false,
    "skipped": 0,
    "hasSkipped": false
  },
  "results": [
    {
      "uuid": "f1a71ddb-547c-4be0-a5b5-c9d7cebf119c",
      "title": "",
      "fullFile": "cypress/e2e/Book-Store-Application/bookStorePagination.cy.js",
      "file": "cypress/e2e/Book-Store-Application/bookStorePagination.cy.js",
      "beforeHooks": [],
      "afterHooks": [],
      "tests": [],
      "suites": [
        {
          "uuid": "79383cb6-1921-4ffb-8914-a315711bc954",
          "title": "Book Store Pagination",
          "fullFile": "",
          "file": "",
          "beforeHooks": [],
          "afterHooks": [],
          "tests": [
            {
              "title": "Accessibility violations",
              "fullTitle": "Book Store Pagination Accessibility violations",
              "timedOut": null,
              "duration": 3107,
              "state": "failed",
              "speed": null,
              "pass": false,
              "fail": true,
              "pending": false,
              "context": null,
              "code": "cy.customCheckAlly();",
              "err": {
                "message": "AssertionError: 7 accessibility violations were detected: expected 7 to equal 0",
                "estack": "AssertionError: 7 accessibility violations were detected: expected 7 to equal 0\n    at Context.eval (https://demoqa.com/__cypress/tests?p=cypress/support/e2e.js:3759:20)",
                "diff": null
              },
              "uuid": "12ccacac-ee9d-47d1-8d62-25ed64ec62c9",
              "parentUUID": "79383cb6-1921-4ffb-8914-a315711bc954",
              "isHook": false,
              "skipped": false
            },
            {
              "title": "Pagination",
              "fullTitle": "Book Store Pagination Pagination",
              "timedOut": null,
              "duration": 2798,
              "state": "passed",
              "speed": "fast",
              "pass": true,
              "fail": false,
              "pending": false,
              "context": null,
              "code": "bookStorePaginationPage.findItem(\"Programming JavaScript Applications\");",
              "err": {},
              "uuid": "1afd9fc2-9bd8-4048-96ad-39724db69793",
              "parentUUID": "79383cb6-1921-4ffb-8914-a315711bc954",
              "isHook": false,
              "skipped": false
            }
          ],
          "suites": [],
          "passes": [
            "1afd9fc2-9bd8-4048-96ad-39724db69793"
          ],
          "failures": [
            "12ccacac-ee9d-47d1-8d62-25ed64ec62c9"
          ],
          "pending": [],
          "skipped": [],
          "duration": 5905,
          "root": false,
          "rootEmpty": false,
          "_timeout": 2000
        }
      ],
      "passes": [],
      "failures": [],
      "pending": [],
      "skipped": [],
      "duration": 0,
      "root": true,
      "rootEmpty": true,
      "_timeout": 2000
    }
  ],
  "meta": {
    "mocha": {
      "version": "7.0.1"
    },
    "mochawesome": {
      "options": {
        "quiet": false,
        "reportFilename": "mochawesome",
        "saveHtml": false,
        "saveJson": true,
        "consoleReporter": "spec",
        "useInlineDiffs": false,
        "code": true
      },
      "version": "7.1.3"
    },
    "marge": {
      "options": {
        "charts": true,
        "reportPageTitle": "demoQA",
        "overwrite": false,
        "html": false,
        "json": true,
        "reportDir": "cypress/reports/html/.jsons"
      },
      "version": "6.2.0"
    }
  }
}