{
  "stats": {
    "suites": 1,
    "tests": 6,
    "passes": 6,
    "pending": 0,
    "failures": 0,
    "start": "2024-03-23T18:18:49.273Z",
    "end": "2024-03-23T18:19:01.822Z",
    "duration": 12549,
    "testsRegistered": 6,
    "passPercent": 100,
    "pendingPercent": 0,
    "other": 0,
    "hasOther": false,
    "skipped": 0,
    "hasSkipped": false
  },
  "results": [
    {
      "uuid": "0db4ca5d-f655-4f8b-88a5-e09e02217640",
      "title": "",
      "fullFile": "cypress/e2e/Alerts -Frame-Windows/alerts.cy.js",
      "file": "cypress/e2e/Alerts -Frame-Windows/alerts.cy.js",
      "beforeHooks": [],
      "afterHooks": [],
      "tests": [],
      "suites": [
        {
          "uuid": "dc188daa-5e3b-431e-90ca-3fe99fb2ae1d",
          "title": "Alerts",
          "fullFile": "",
          "file": "",
          "beforeHooks": [],
          "afterHooks": [],
          "tests": [
            {
              "title": "Click Button to see alert",
              "fullTitle": "Alerts Click Button to see alert",
              "timedOut": null,
              "duration": 6178,
              "state": "passed",
              "speed": "medium",
              "pass": true,
              "fail": false,
              "pending": false,
              "context": null,
              "code": "alertsPage.clickAlertComun();\ncy.on(\"window:alert\", (res) => {\n  expect(res).to.eq(\"You clicked a button\");\n});",
              "err": {},
              "uuid": "8232ef1d-f905-46df-a664-0f524f04e7f5",
              "parentUUID": "dc188daa-5e3b-431e-90ca-3fe99fb2ae1d",
              "isHook": false,
              "skipped": false
            },
            {
              "title": "On button click, alert will appear after 5 seconds",
              "fullTitle": "Alerts On button click, alert will appear after 5 seconds",
              "timedOut": null,
              "duration": 1179,
              "state": "passed",
              "speed": "fast",
              "pass": true,
              "fail": false,
              "pending": false,
              "context": null,
              "code": "alertsPage.clickTimerAlert();\ncy.on(\"window:alert\", (res) => {\n  expect(res).to.eq(\"This alert appeared after 5 seconds\");\n});",
              "err": {},
              "uuid": "f29f8a2f-9880-4c12-87d6-117b71ff359c",
              "parentUUID": "dc188daa-5e3b-431e-90ca-3fe99fb2ae1d",
              "isHook": false,
              "skipped": false
            },
            {
              "title": "On button click, confirm box will appear \"selected Ok\"",
              "fullTitle": "Alerts On button click, confirm box will appear \"selected Ok\"",
              "timedOut": null,
              "duration": 1152,
              "state": "passed",
              "speed": "fast",
              "pass": true,
              "fail": false,
              "pending": false,
              "context": null,
              "code": "alertsPage.clickConfirm();\ncy.on(\"window:confirm\", (res) => {\n  expect(res).to.eq(\"Do you confirm action?\");\n});",
              "err": {},
              "uuid": "2b5fbd44-4205-495c-be8f-f1d44fdea0b0",
              "parentUUID": "dc188daa-5e3b-431e-90ca-3fe99fb2ae1d",
              "isHook": false,
              "skipped": false
            },
            {
              "title": "On button click, confirm box will appear \"selected Cancel\"",
              "fullTitle": "Alerts On button click, confirm box will appear \"selected Cancel\"",
              "timedOut": null,
              "duration": 1650,
              "state": "passed",
              "speed": "fast",
              "pass": true,
              "fail": false,
              "pending": false,
              "context": null,
              "code": "alertsPage.clickConfirm();\ncy.on(\"window:confirm\", (res) => {\n  expect(res).to.eq(\"Do you confirm action?\");\n  return false;\n});",
              "err": {},
              "uuid": "2f64af07-0f17-4dbc-8d4e-c96088a05535",
              "parentUUID": "dc188daa-5e3b-431e-90ca-3fe99fb2ae1d",
              "isHook": false,
              "skipped": false
            },
            {
              "title": "On button click, prompt box will appear",
              "fullTitle": "Alerts On button click, prompt box will appear",
              "timedOut": null,
              "duration": 1173,
              "state": "passed",
              "speed": "fast",
              "pass": true,
              "fail": false,
              "pending": false,
              "context": null,
              "code": "cy.window().then(function(win) {\n  cy.stub(win, \"prompt\").returns(\"Daniel Farias\");\n  cy.stub(win, \"alert\").as(\"windowAlert\");\n  alertsPage.clickPromt();\n});\nalertsPage.returnPromptResult().invoke(\"text\").then((res) => {\n  expect(res).to.eq(\"You entered Daniel Farias\");\n});",
              "err": {},
              "uuid": "fe35bb20-08bf-4460-b0f1-1c7edb4bf93d",
              "parentUUID": "dc188daa-5e3b-431e-90ca-3fe99fb2ae1d",
              "isHook": false,
              "skipped": false
            },
            {
              "title": "On button click, prompt box will appear (cancel)",
              "fullTitle": "Alerts On button click, prompt box will appear (cancel)",
              "timedOut": null,
              "duration": 863,
              "state": "passed",
              "speed": "fast",
              "pass": true,
              "fail": false,
              "pending": false,
              "context": null,
              "code": "cy.window().then((win) => {\n  cy.stub(win, \"prompt\").callsFake(() => null);\n  alertsPage.clickPromt();\n});",
              "err": {},
              "uuid": "aecafcc9-35ee-4511-8c8b-6e87aa6216d5",
              "parentUUID": "dc188daa-5e3b-431e-90ca-3fe99fb2ae1d",
              "isHook": false,
              "skipped": false
            }
          ],
          "suites": [],
          "passes": [
            "8232ef1d-f905-46df-a664-0f524f04e7f5",
            "f29f8a2f-9880-4c12-87d6-117b71ff359c",
            "2b5fbd44-4205-495c-be8f-f1d44fdea0b0",
            "2f64af07-0f17-4dbc-8d4e-c96088a05535",
            "fe35bb20-08bf-4460-b0f1-1c7edb4bf93d",
            "aecafcc9-35ee-4511-8c8b-6e87aa6216d5"
          ],
          "failures": [],
          "pending": [],
          "skipped": [],
          "duration": 12195,
          "root": false,
          "rootEmpty": false,
          "_timeout": 2000
        }
      ],
      "passes": [],
      "failures": [],
      "pending": [],
      "skipped": [],
      "duration": 0,
      "root": true,
      "rootEmpty": true,
      "_timeout": 2000
    }
  ],
  "meta": {
    "mocha": {
      "version": "7.0.1"
    },
    "mochawesome": {
      "options": {
        "quiet": false,
        "reportFilename": "mochawesome",
        "saveHtml": false,
        "saveJson": true,
        "consoleReporter": "spec",
        "useInlineDiffs": false,
        "code": true
      },
      "version": "7.1.3"
    },
    "marge": {
      "options": {
        "charts": true,
        "reportPageTitle": "demoQA",
        "overwrite": false,
        "html": false,
        "json": true,
        "reportDir": "cypress/reports/html/.jsons"
      },
      "version": "6.2.0"
    }
  }
}