{
  "stats": {
    "suites": 1,
    "tests": 2,
    "passes": 2,
    "pending": 0,
    "failures": 0,
    "start": "2024-01-15T01:19:18.236Z",
    "end": "2024-01-15T01:19:27.414Z",
    "duration": 9178,
    "testsRegistered": 2,
    "passPercent": 100,
    "pendingPercent": 0,
    "other": 0,
    "hasOther": false,
    "skipped": 0,
    "hasSkipped": false
  },
  "results": [
    {
      "uuid": "84da3fdb-382b-4499-b1fa-d1f5e14061e0",
      "title": "",
      "fullFile": "cypress/e2e/Alerts -Frame-Windows/modal-dialogs.cy.js",
      "file": "cypress/e2e/Alerts -Frame-Windows/modal-dialogs.cy.js",
      "beforeHooks": [],
      "afterHooks": [],
      "tests": [],
      "suites": [
        {
          "uuid": "239eaa91-43ad-45e5-b326-d9b9c517bad1",
          "title": "Modal Dialogs",
          "fullFile": "",
          "file": "",
          "beforeHooks": [],
          "afterHooks": [],
          "tests": [
            {
              "title": "Click on button to see modal (Small modal)",
              "fullTitle": "Modal Dialogs Click on button to see modal (Small modal)",
              "timedOut": null,
              "duration": 4575,
              "state": "passed",
              "speed": "fast",
              "pass": true,
              "fail": false,
              "pending": false,
              "context": null,
              "code": "modalDialogsPage.clickShowSmallModal();\nmodalDialogsPage.returnModalTitle().should(\"have.text\", \"Small Modal\");\nmodalDialogsPage.returnModalBody().should(\"have.text\", \"This is a small modal. It has very less content\");\nmodalDialogsPage.closeSmallModal();",
              "err": {},
              "uuid": "be4afa25-6bba-4345-8a9c-4c5508fa91ce",
              "parentUUID": "239eaa91-43ad-45e5-b326-d9b9c517bad1",
              "isHook": false,
              "skipped": false
            },
            {
              "title": "Click on button to see modal (large modal)",
              "fullTitle": "Modal Dialogs Click on button to see modal (large modal)",
              "timedOut": null,
              "duration": 4277,
              "state": "passed",
              "speed": "fast",
              "pass": true,
              "fail": false,
              "pending": false,
              "context": null,
              "code": "modalDialogsPage.clickShowLargeModal();\nmodalDialogsPage.returnModalLargeTitle().should(\"have.text\", \"Large Modal\");\nmodalDialogsPage.returnModalLargeBody().invoke(\"text\").should(\"include\", \"Lorem\");\nmodalDialogsPage.closeLargeModal();",
              "err": {},
              "uuid": "b79a2d72-17c3-4316-a0b0-828699ac5428",
              "parentUUID": "239eaa91-43ad-45e5-b326-d9b9c517bad1",
              "isHook": false,
              "skipped": false
            }
          ],
          "suites": [],
          "passes": [
            "be4afa25-6bba-4345-8a9c-4c5508fa91ce",
            "b79a2d72-17c3-4316-a0b0-828699ac5428"
          ],
          "failures": [],
          "pending": [],
          "skipped": [],
          "duration": 8852,
          "root": false,
          "rootEmpty": false,
          "_timeout": 2000
        }
      ],
      "passes": [],
      "failures": [],
      "pending": [],
      "skipped": [],
      "duration": 0,
      "root": true,
      "rootEmpty": true,
      "_timeout": 2000
    }
  ],
  "meta": {
    "mocha": {
      "version": "7.0.1"
    },
    "mochawesome": {
      "options": {
        "quiet": false,
        "reportFilename": "mochawesome",
        "saveHtml": false,
        "saveJson": true,
        "consoleReporter": "spec",
        "useInlineDiffs": false,
        "code": true
      },
      "version": "7.1.3"
    },
    "marge": {
      "options": {
        "charts": true,
        "reportPageTitle": "demoQA",
        "overwrite": false,
        "html": false,
        "json": true,
        "reportDir": "cypress/reports/html/.jsons"
      },
      "version": "6.2.0"
    }
  }
}