{
  "stats": {
    "suites": 1,
    "tests": 1,
    "passes": 1,
    "pending": 1,
    "failures": -1,
    "start": "2024-03-23T18:19:58.028Z",
    "end": "2024-03-23T18:20:01.616Z",
    "duration": 3588,
    "testsRegistered": 2,
    "passPercent": 100,
    "pendingPercent": 50,
    "other": 1,
    "hasOther": true,
    "skipped": 0,
    "hasSkipped": false
  },
  "results": [
    {
      "uuid": "1fd206e3-882e-483c-9a79-6bce24ed22e6",
      "title": "",
      "fullFile": "cypress/e2e/Widgets/autoComplete.cy.js",
      "file": "cypress/e2e/Widgets/autoComplete.cy.js",
      "beforeHooks": [],
      "afterHooks": [],
      "tests": [],
      "suites": [
        {
          "uuid": "dc7becf8-e560-4119-8ef4-e004db7f2cb0",
          "title": "AutoComplete",
          "fullFile": "",
          "file": "",
          "beforeHooks": [],
          "afterHooks": [],
          "tests": [
            {
              "title": "Auto complete Type multiple color names",
              "fullTitle": "AutoComplete Auto complete Type multiple color names",
              "timedOut": null,
              "duration": 0,
              "state": "pending",
              "speed": null,
              "pass": false,
              "fail": false,
              "pending": true,
              "context": null,
              "code": "let rand = Math.random() * 3;\nrand = Math.floor(rand);\nfor (let i = 0; i <= rand; i++) {\n  let color = faker2.helpers.arrayElement([\"a\", \"b\", \"red\", \"bl\", \"magen\", \"V\", \"Pu\"]);\n  autoCompletePage.typeText(color);\n  autoCompletePage.selectOption();\n}",
              "err": {},
              "uuid": "9fff10d9-2f95-42d0-bba5-db5b67b7ce73",
              "parentUUID": "dc7becf8-e560-4119-8ef4-e004db7f2cb0",
              "isHook": false,
              "skipped": false
            },
            {
              "title": "Auto complete Type single color name",
              "fullTitle": "AutoComplete Auto complete Type single color name",
              "timedOut": null,
              "duration": 2636,
              "state": "passed",
              "speed": "fast",
              "pass": true,
              "fail": false,
              "pending": false,
              "context": null,
              "code": "let color = faker2.helpers.arrayElement([\"a\", \"b\", \"red\", \"bl\", \"magen\", \"V\", \"Pu\"]);\nautoCompletePage.typeTextSingle(color);\nautoCompletePage.selectSingleOption();",
              "err": {},
              "uuid": "becf2bd3-2d91-45f8-bbc3-b87d579765d1",
              "parentUUID": "dc7becf8-e560-4119-8ef4-e004db7f2cb0",
              "isHook": false,
              "skipped": false
            }
          ],
          "suites": [],
          "passes": [
            "becf2bd3-2d91-45f8-bbc3-b87d579765d1"
          ],
          "failures": [],
          "pending": [
            "9fff10d9-2f95-42d0-bba5-db5b67b7ce73"
          ],
          "skipped": [],
          "duration": 2636,
          "root": false,
          "rootEmpty": false,
          "_timeout": 2000
        }
      ],
      "passes": [],
      "failures": [],
      "pending": [],
      "skipped": [],
      "duration": 0,
      "root": true,
      "rootEmpty": true,
      "_timeout": 2000
    }
  ],
  "meta": {
    "mocha": {
      "version": "7.0.1"
    },
    "mochawesome": {
      "options": {
        "quiet": false,
        "reportFilename": "mochawesome",
        "saveHtml": false,
        "saveJson": true,
        "consoleReporter": "spec",
        "useInlineDiffs": false,
        "code": true
      },
      "version": "7.1.3"
    },
    "marge": {
      "options": {
        "charts": true,
        "reportPageTitle": "demoQA",
        "overwrite": false,
        "html": false,
        "json": true,
        "reportDir": "cypress/reports/html/.jsons"
      },
      "version": "6.2.0"
    }
  }
}