{
  "stats": {
    "suites": 1,
    "tests": 2,
    "passes": 2,
    "pending": 0,
    "failures": 0,
    "start": "2026-05-24T08:38:33.551Z",
    "end": "2026-05-24T08:38:36.772Z",
    "duration": 3221,
    "testsRegistered": 2,
    "passPercent": 100,
    "pendingPercent": 0,
    "other": 0,
    "hasOther": false,
    "skipped": 0,
    "hasSkipped": false
  },
  "results": [
    {
      "uuid": "ae86b336-6809-4ff9-bcdd-22025be2be68",
      "title": "",
      "fullFile": "cypress/e2e/Widgets/datePicker.cy.js",
      "file": "cypress/e2e/Widgets/datePicker.cy.js",
      "beforeHooks": [],
      "afterHooks": [],
      "tests": [],
      "suites": [
        {
          "uuid": "c5bd4a62-7306-491c-b6fe-ab5f876290eb",
          "title": "Date Picker",
          "fullFile": "",
          "file": "",
          "beforeHooks": [],
          "afterHooks": [],
          "tests": [
            {
              "title": "Select Date",
              "fullTitle": "Date Picker Select Date",
              "timedOut": null,
              "duration": 1990,
              "state": "passed",
              "speed": "fast",
              "pass": true,
              "fail": false,
              "pending": false,
              "context": null,
              "code": "datePicker.typeDate();\ncy.get(\"@datee\").then((res) => {\n  datePicker.returnDatePicker().should(\"have.attr\", \"value\").and(\"eql\", res);\n});",
              "err": {},
              "uuid": "c376b7bc-fea4-4633-ba93-9fd6cc368c1b",
              "parentUUID": "c5bd4a62-7306-491c-b6fe-ab5f876290eb",
              "isHook": false,
              "skipped": false
            },
            {
              "title": "Select Date (react-datepicker)",
              "fullTitle": "Date Picker Select Date (react-datepicker)",
              "timedOut": null,
              "duration": 1161,
              "state": "passed",
              "speed": "fast",
              "pass": true,
              "fail": false,
              "pending": false,
              "context": null,
              "code": "let date = datePicker.SelectDateOfBirth();\ndatePicker.returnDatePickerMonthYearInput().should(\"have.attr\", \"value\").and(\"eql\", date);",
              "err": {},
              "uuid": "41bbadcb-57af-4345-99b3-aa14230fd511",
              "parentUUID": "c5bd4a62-7306-491c-b6fe-ab5f876290eb",
              "isHook": false,
              "skipped": false
            }
          ],
          "suites": [],
          "passes": [
            "c376b7bc-fea4-4633-ba93-9fd6cc368c1b",
            "41bbadcb-57af-4345-99b3-aa14230fd511"
          ],
          "failures": [],
          "pending": [],
          "skipped": [],
          "duration": 3151,
          "root": false,
          "rootEmpty": false,
          "_timeout": 2000
        }
      ],
      "passes": [],
      "failures": [],
      "pending": [],
      "skipped": [],
      "duration": 0,
      "root": true,
      "rootEmpty": true,
      "_timeout": 2000
    }
  ],
  "meta": {
    "mocha": {
      "version": "7.0.1"
    },
    "mochawesome": {
      "options": {
        "quiet": false,
        "reportFilename": "mochawesome",
        "saveHtml": false,
        "saveJson": true,
        "consoleReporter": "spec",
        "useInlineDiffs": false,
        "code": true
      },
      "version": "7.1.3"
    },
    "marge": {
      "options": {
        "charts": true,
        "reportPageTitle": "demoQA",
        "overwrite": false,
        "html": false,
        "json": true,
        "reportDir": "cypress/reports/html/.jsons"
      },
      "version": "6.2.0"
    }
  }
}