{
  "stats": {
    "suites": 1,
    "tests": 2,
    "passes": 2,
    "pending": 0,
    "failures": 0,
    "start": "2024-03-23T18:20:19.107Z",
    "end": "2024-03-23T18:20:23.524Z",
    "duration": 4417,
    "testsRegistered": 2,
    "passPercent": 100,
    "pendingPercent": 0,
    "other": 0,
    "hasOther": false,
    "skipped": 0,
    "hasSkipped": false
  },
  "results": [
    {
      "uuid": "0c3feba2-4a76-45a3-a3f4-e3fb0c09d82d",
      "title": "",
      "fullFile": "cypress/e2e/Widgets/tooltTips.cy.js",
      "file": "cypress/e2e/Widgets/tooltTips.cy.js",
      "beforeHooks": [],
      "afterHooks": [],
      "tests": [],
      "suites": [
        {
          "uuid": "698a5461-87fb-49cd-b9cf-79aa4349e32b",
          "title": "Slider",
          "fullFile": "",
          "file": "",
          "beforeHooks": [],
          "afterHooks": [],
          "tests": [
            {
              "title": "Tool tips butoon, si es un evento javascript utilizamos trigger(\"mouseover\") para activar el tool tip",
              "fullTitle": "Slider Tool tips butoon, si es un evento javascript utilizamos trigger(\"mouseover\") para activar el tool tip",
              "timedOut": null,
              "duration": 2302,
              "state": "passed",
              "speed": "fast",
              "pass": true,
              "fail": false,
              "pending": false,
              "context": null,
              "code": "toolTipsPage.returnToolTip().should(\"be.visible\").and(\"have.text\", \"You hovered over the Button\");",
              "err": {},
              "uuid": "22e08cc4-875f-4017-a7b1-92df1f7ae289",
              "parentUUID": "698a5461-87fb-49cd-b9cf-79aa4349e32b",
              "isHook": false,
              "skipped": false
            },
            {
              "title": "Tool tips text field ",
              "fullTitle": "Slider Tool tips text field ",
              "timedOut": null,
              "duration": 1557,
              "state": "passed",
              "speed": "fast",
              "pass": true,
              "fail": false,
              "pending": false,
              "context": null,
              "code": "toolTipsPage.returnToolTipField().should(\"be.visible\").and(\"have.text\", \"You hovered over the text field\");",
              "err": {},
              "uuid": "63438980-cf50-4d47-b66c-c57bc832b2b2",
              "parentUUID": "698a5461-87fb-49cd-b9cf-79aa4349e32b",
              "isHook": false,
              "skipped": false
            }
          ],
          "suites": [],
          "passes": [
            "22e08cc4-875f-4017-a7b1-92df1f7ae289",
            "63438980-cf50-4d47-b66c-c57bc832b2b2"
          ],
          "failures": [],
          "pending": [],
          "skipped": [],
          "duration": 3859,
          "root": false,
          "rootEmpty": false,
          "_timeout": 2000
        }
      ],
      "passes": [],
      "failures": [],
      "pending": [],
      "skipped": [],
      "duration": 0,
      "root": true,
      "rootEmpty": true,
      "_timeout": 2000
    }
  ],
  "meta": {
    "mocha": {
      "version": "7.0.1"
    },
    "mochawesome": {
      "options": {
        "quiet": false,
        "reportFilename": "mochawesome",
        "saveHtml": false,
        "saveJson": true,
        "consoleReporter": "spec",
        "useInlineDiffs": false,
        "code": true
      },
      "version": "7.1.3"
    },
    "marge": {
      "options": {
        "charts": true,
        "reportPageTitle": "demoQA",
        "overwrite": false,
        "html": false,
        "json": true,
        "reportDir": "cypress/reports/html/.jsons"
      },
      "version": "6.2.0"
    }
  }
}