{
  "stats": {
    "suites": 1,
    "tests": 1,
    "passes": 1,
    "pending": 0,
    "failures": 0,
    "start": "2024-03-15T12:30:00.254Z",
    "end": "2024-03-15T12:30:03.266Z",
    "duration": 3012,
    "testsRegistered": 1,
    "passPercent": 100,
    "pendingPercent": 0,
    "other": 0,
    "hasOther": false,
    "skipped": 0,
    "hasSkipped": false
  },
  "results": [
    {
      "uuid": "b44d86c0-44e3-4e0d-99ac-0fff7c7516ea",
      "title": "",
      "fullFile": "cypress/e2e/Alerts -Frame-Windows/nested-frames.cy.js",
      "file": "cypress/e2e/Alerts -Frame-Windows/nested-frames.cy.js",
      "beforeHooks": [],
      "afterHooks": [],
      "tests": [],
      "suites": [
        {
          "uuid": "181b705a-01f9-420b-a106-ccb9bb28e461",
          "title": "Nested frames",
          "fullFile": "",
          "file": "",
          "beforeHooks": [],
          "afterHooks": [],
          "tests": [
            {
              "title": "Nested frames",
              "fullTitle": "Nested frames Nested frames",
              "timedOut": null,
              "duration": 2627,
              "state": "passed",
              "speed": "fast",
              "pass": true,
              "fail": false,
              "pending": false,
              "context": null,
              "code": "nestedFramesPage.returnFrameChildren().should(\"have.text\", \"Child Iframe\");",
              "err": {},
              "uuid": "8e5aa87d-2b95-46a8-b0c0-7df309ba7366",
              "parentUUID": "181b705a-01f9-420b-a106-ccb9bb28e461",
              "isHook": false,
              "skipped": false
            }
          ],
          "suites": [],
          "passes": [
            "8e5aa87d-2b95-46a8-b0c0-7df309ba7366"
          ],
          "failures": [],
          "pending": [],
          "skipped": [],
          "duration": 2627,
          "root": false,
          "rootEmpty": false,
          "_timeout": 2000
        }
      ],
      "passes": [],
      "failures": [],
      "pending": [],
      "skipped": [],
      "duration": 0,
      "root": true,
      "rootEmpty": true,
      "_timeout": 2000
    }
  ],
  "meta": {
    "mocha": {
      "version": "7.0.1"
    },
    "mochawesome": {
      "options": {
        "quiet": false,
        "reportFilename": "mochawesome",
        "saveHtml": false,
        "saveJson": true,
        "consoleReporter": "spec",
        "useInlineDiffs": false,
        "code": true
      },
      "version": "7.1.3"
    },
    "marge": {
      "options": {
        "charts": true,
        "reportPageTitle": "demoQA",
        "overwrite": false,
        "html": false,
        "json": true,
        "reportDir": "cypress/reports/html/.jsons"
      },
      "version": "6.2.0"
    }
  }
}